<?xml version="1.0" encoding="UTF-8" ?>
<testsuites id="2026-07-02" name="report_1065" tests="2" failures="0" skipped="0" flaky="0" time="0.000">
	<testsuite id="0" name="old_factory_lower_deck_bulkhead_breach_ambush_test" package="tests/unit/gameplay" timestamp="2026-07-02T05:51:51" hostname="localhost" tests="2" failures="0" errors="0" skipped="0" flaky="0" time="0.249">
		<testcase name="test_breach_corridor_requires_opened_bulkhead_and_escalates_to_pincer" classname="old_factory_lower_deck_bulkhead_breach_ambush_test" time="0.185">
		</testcase>
		<testcase name="test_breach_corridor_secures_and_persists_without_replaying_deep_bulkhead_chain" classname="old_factory_lower_deck_bulkhead_breach_ambush_test" time="0.056">
		</testcase>
	</testsuite>
</testsuites>
