<?xml version="1.0" encoding="UTF-8" ?>
<testsuites id="2026-06-26" name="report_791" tests="5" failures="2" skipped="0" flaky="0" time="0.000">
	<testsuite id="0" name="boss2_autonomous_pressure_runtime_test" package="tests/unit/gameplay" timestamp="2026-06-26T09:25:45" hostname="localhost" tests="5" failures="2" errors="0" skipped="0" flaky="0" time="0.063">
		<testcase name="test_boss2_chases_player_from_main_scene_start_distance" classname="boss2_autonomous_pressure_runtime_test" time="0.056">
			<failure message="FAILED: res://tests/unit/gameplay/boss2_autonomous_pressure_runtime_test.gd:47" type="FAILURE">
<![CDATA[
Expecting:
 'run'
 but was
 'runidle'
]]>
			</failure>
			<failure message="FAILED: res://tests/unit/gameplay/boss2_autonomous_pressure_runtime_test.gd:49" type="FAILURE">
<![CDATA[
Expecting: 'true' but is 'false'
]]>
			</failure>
		</testcase>
	</testsuite>
</testsuites>
