<?xml version="1.0" encoding="UTF-8" ?>
<testsuites id="2026-06-25" name="report_587" tests="32" failures="0" skipped="0" flaky="0" time="0.000">
	<testsuite id="0" name="audio_system_test" package="tests/unit/presentation" timestamp="2026-06-25T09:38:02" hostname="localhost" tests="19" failures="0" errors="0" skipped="0" flaky="0" time="0.140">
		<testcase name="test_project_registers_audio_system_between_input_and_save_system" classname="audio_system_test" time="0.006">
		</testcase>
		<testcase name="test_audio_system_initializes_default_buses_and_player_pool" classname="audio_system_test" time="0.003">
		</testcase>
		<testcase name="test_set_bus_volume_clamps_values_and_rejects_unknown_bus" classname="audio_system_test" time="0.002">
		</testcase>
		<testcase name="test_play_sfx_records_pitch_spatial_metadata_and_enforces_voice_cap" classname="audio_system_test" time="0.005">
		</testcase>
		<testcase name="test_same_sfx_within_merge_window_reuses_voice_and_boosts_volume" classname="audio_system_test" time="0.006">
		</testcase>
		<testcase name="test_missing_sfx_asset_does_not_consume_pool_voice" classname="audio_system_test" time="0.006">
		</testcase>
		<testcase name="test_default_core_combat_sfx_assets_load_and_play_from_imported_wav_files" classname="audio_system_test" time="0.006">
		</testcase>
		<testcase name="test_default_ui_audio_assets_load_and_play_on_ui_bus" classname="audio_system_test" time="0.006">
		</testcase>
		<testcase name="test_menu_audio_state_ducks_music_and_restores_previous_state" classname="audio_system_test" time="0.007">
		</testcase>
		<testcase name="test_default_music_and_ambient_assets_load_and_play_from_imported_wav_files" classname="audio_system_test" time="0.005">
		</testcase>
		<testcase name="test_scene_load_start_forces_music_and_ambient_to_fade_out_over_two_seconds" classname="audio_system_test" time="0.007">
		</testcase>
		<testcase name="test_scene_change_crossfades_default_area_music_and_ambient_cues" classname="audio_system_test" time="0.006">
		</testcase>
		<testcase name="test_scene_audio_cues_can_be_overridden_and_unknown_scene_stays_silent" classname="audio_system_test" time="0.006">
		</testcase>
		<testcase name="test_scene_load_failed_clears_transition_state_without_starting_new_cues" classname="audio_system_test" time="0.007">
		</testcase>
		<testcase name="test_hit_event_routes_normal_and_crit_sfx_with_priority" classname="audio_system_test" time="0.006">
		</testcase>
		<testcase name="test_weapon_style_attack_events_route_to_imported_sfx" classname="audio_system_test" time="0.006">
		</testcase>
		<testcase name="test_parry_dodge_enemy_death_and_boss_phase_events_route_to_expected_sfx" classname="audio_system_test" time="0.007">
		</testcase>
		<testcase name="test_boss_music_state_hard_cuts_phase_transitions_and_ends_cleanly" classname="audio_system_test" time="0.006">
		</testcase>
		<testcase name="test_focus_mode_switches_damage_taken_to_low_hp_cue" classname="audio_system_test" time="0.006">
		</testcase>
	</testsuite>
	<testsuite id="1" name="main_scene_audio_event_adapter_test" package="tests/unit/gameplay" timestamp="2026-06-25T09:38:02" hostname="localhost" tests="6" failures="0" errors="0" skipped="0" flaky="0" time="0.089">
		<testcase name="test_player_attack_and_weapon_start_events_route_to_audio_system" classname="main_scene_audio_event_adapter_test" time="0.037">
		</testcase>
		<testcase name="test_enemy_damage_and_player_dodge_events_route_to_audio_system" classname="main_scene_audio_event_adapter_test" time="0.008">
		</testcase>
		<testcase name="test_focus_enemy_defeat_and_boss_phase_events_route_to_audio_system" classname="main_scene_audio_event_adapter_test" time="0.011">
		</testcase>
		<testcase name="test_rat_king_boss_music_start_and_end_events_route_to_audio_system" classname="main_scene_audio_event_adapter_test" time="0.007">
		</testcase>
		<testcase name="test_menu_open_close_save_and_load_route_to_audio_system" classname="main_scene_audio_event_adapter_test" time="0.008">
		</testcase>
		<testcase name="test_incomplete_audio_system_does_not_block_existing_gameplay_presentation" classname="main_scene_audio_event_adapter_test" time="0.005">
		</testcase>
	</testsuite>
	<testsuite id="2" name="main_scene_scene_transition_ui_test" package="tests/unit/gameplay" timestamp="2026-06-25T09:38:02" hostname="localhost" tests="2" failures="0" errors="0" skipped="0" flaky="0" time="0.017">
		<testcase name="test_new_game_prefers_async_scene_request_and_shows_transition_shell" classname="main_scene_scene_transition_ui_test" time="0.006">
		</testcase>
		<testcase name="test_async_scene_failure_hides_transition_and_reports_failure" classname="main_scene_scene_transition_ui_test" time="0.006">
		</testcase>
	</testsuite>
	<testsuite id="3" name="rat_king_boss_runtime_contract_test" package="tests/unit/gameplay" timestamp="2026-06-25T09:38:02" hostname="localhost" tests="5" failures="0" errors="0" skipped="0" flaky="0" time="0.036">
		<testcase name="test_rat_king_boss_scene_exposes_main_scene_enemy_contract" classname="rat_king_boss_runtime_contract_test" time="0.003">
		</testcase>
		<testcase name="test_main_scene_uses_rat_king_runtime_boss_as_visible_enemy" classname="rat_king_boss_runtime_contract_test" time="0.005">
		</testcase>
		<testcase name="test_main_scene_routes_real_rat_king_phase_transition_to_presentation" classname="rat_king_boss_runtime_contract_test" time="0.006">
		</testcase>
		<testcase name="test_rat_king_phase_transition_applies_data_driven_attack_pool" classname="rat_king_boss_runtime_contract_test" time="0.006">
		</testcase>
		<testcase name="test_rat_king_slam_attack_activates_data_driven_hitbox_metadata" classname="rat_king_boss_runtime_contract_test" time="0.005">
		</testcase>
	</testsuite>
</testsuites>
