<?xml version="1.0" encoding="UTF-8" ?>
<testsuites id="2026-07-09" name="report_1267" tests="12" failures="0" skipped="0" flaky="0" time="0.000">
	<testsuite id="0" name="old_factory_route_floor_platform_visual_pass_test" package="tests/unit/gameplay" timestamp="2026-07-09T14:01:57" hostname="localhost" tests="1" failures="0" errors="0" skipped="0" flaky="0" time="0.015">
		<testcase name="test_factory_route_has_generated_floor_and_platform_visuals" classname="old_factory_route_floor_platform_visual_pass_test" time="0.012">
		</testcase>
	</testsuite>
	<testsuite id="1" name="factory_route_transition_shell_runtime_test" package="tests/unit/gameplay" timestamp="2026-07-09T14:01:57" hostname="localhost" tests="3" failures="0" errors="0" skipped="0" flaky="0" time="0.154">
		<testcase name="test_scene_registry_contains_loadable_factory_route_shell" classname="factory_route_transition_shell_runtime_test" time="0.059">
		</testcase>
		<testcase name="test_high_platform_route_trigger_requests_factory_shell_after_gate_unlocked" classname="factory_route_transition_shell_runtime_test" time="0.044">
		</testcase>
		<testcase name="test_factory_route_shell_scene_is_minimal_visible_destination" classname="factory_route_transition_shell_runtime_test" time="0.045">
		</testcase>
	</testsuite>
	<testsuite id="2" name="old_factory_entrance_combat_slice_runtime_test" package="tests/unit/gameplay" timestamp="2026-07-09T14:01:58" hostname="localhost" tests="4" failures="0" errors="0" skipped="0" flaky="0" time="0.029">
		<testcase name="test_factory_entrance_scene_contains_player_spawn_platforms_and_generated_background" classname="old_factory_entrance_combat_slice_runtime_test" time="0.005">
		</testcase>
		<testcase name="test_factory_entrance_contains_visible_animated_combat_object" classname="old_factory_entrance_combat_slice_runtime_test" time="0.004">
		</testcase>
		<testcase name="test_factory_entrance_player_attack_damages_room_combat_object" classname="old_factory_entrance_combat_slice_runtime_test" time="0.007">
		</testcase>
		<testcase name="test_scene_manager_runtime_swap_reaches_old_factory_combat_slice" classname="old_factory_entrance_combat_slice_runtime_test" time="0.005">
		</testcase>
	</testsuite>
	<testsuite id="3" name="old_factory_entrance_room_clear_runtime_test" package="tests/unit/gameplay" timestamp="2026-07-09T14:01:58" hostname="localhost" tests="3" failures="0" errors="0" skipped="0" flaky="0" time="0.030">
		<testcase name="test_factory_entrance_has_double_jump_cache_platform_and_generated_cache_prop" classname="old_factory_entrance_room_clear_runtime_test" time="0.005">
		</testcase>
		<testcase name="test_factory_cache_unlocks_after_enemy_defeat_and_claims_once" classname="old_factory_entrance_room_clear_runtime_test" time="0.014">
		</testcase>
		<testcase name="test_factory_cache_state_restores_room_clear_and_claimed_state" classname="old_factory_entrance_room_clear_runtime_test" time="0.005">
		</testcase>
	</testsuite>
	<testsuite id="4" name="factory_route_runtime_roundtrip_test" package="tests/unit/gameplay" timestamp="2026-07-09T14:01:58" hostname="localhost" tests="1" failures="0" errors="0" skipped="0" flaky="0" time="0.073">
		<testcase name="test_factory_route_roundtrips_through_runtime_scene_root_to_scrap_roost" classname="factory_route_runtime_roundtrip_test" time="0.069">
		</testcase>
	</testsuite>
</testsuites>
