<?xml version="1.0" encoding="UTF-8" ?>
<testsuites id="2026-06-23" name="report_282" tests="10" failures="0" skipped="0" flaky="0" time="0.000">
	<testsuite id="0" name="story_002_weapon_upgrade_serialization_test" package="tests/unit/weapon" timestamp="2026-06-23T14:23:32" hostname="localhost" tests="5" failures="0" errors="0" skipped="0" flaky="0" time="0.033">
		<testcase name="test_all_weapons_start_at_level_one_with_next_damage_preview" classname="story_002_weapon_upgrade_serialization_test" time="0.009">
		</testcase>
		<testcase name="test_upgrade_weapon_increments_until_level_five_and_emits_signal" classname="story_002_weapon_upgrade_serialization_test" time="0.003">
		</testcase>
		<testcase name="test_invalid_upgrade_requests_are_rejected_without_state_change" classname="story_002_weapon_upgrade_serialization_test" time="0.002">
		</testcase>
		<testcase name="test_serialize_and_deserialize_restore_current_weapon_and_levels" classname="story_002_weapon_upgrade_serialization_test" time="0.003">
		</testcase>
		<testcase name="test_deserialize_clamps_invalid_indices_and_ignores_unknown_weapons" classname="story_002_weapon_upgrade_serialization_test" time="0.008">
		</testcase>
	</testsuite>
	<testsuite id="1" name="story_001_weapon_config_catalog_test" package="tests/unit/weapon" timestamp="2026-06-23T14:23:32" hostname="localhost" tests="5" failures="0" errors="0" skipped="0" flaky="0" time="0.034">
		<testcase name="test_weapon_component_and_config_scripts_exist" classname="story_001_weapon_config_catalog_test" time="0.003">
		</testcase>
		<testcase name="test_weapon_config_data_validates_and_manifest_registers_domain" classname="story_001_weapon_config_catalog_test" time="0.004">
		</testcase>
		<testcase name="test_catalog_defines_four_weapons_in_swap_order" classname="story_001_weapon_config_catalog_test" time="0.008">
		</testcase>
		<testcase name="test_weapon_configs_expose_gdd_metadata" classname="story_001_weapon_config_catalog_test" time="0.006">
		</testcase>
		<testcase name="test_default_weapon_and_cat_claw_level_three_damage_query" classname="story_001_weapon_config_catalog_test" time="0.007">
		</testcase>
	</testsuite>
</testsuites>
