<?xml version="1.0" encoding="UTF-8" ?>
<testsuites id="2026-06-25" name="report_509" tests="24" failures="0" skipped="0" flaky="0" time="0.000">
	<testsuite id="0" name="rat_king_arena_mutation_runtime_test" package="tests/unit/gameplay" timestamp="2026-06-25T03:06:43" hostname="localhost" tests="4" failures="0" errors="0" skipped="0" flaky="0" time="0.069">
		<testcase name="test_main_scene_exposes_boss_arena_mutation_adapter_contract" classname="rat_king_arena_mutation_runtime_test" time="0.045">
		</testcase>
		<testcase name="test_phase_two_creates_garbage_pile_obstacle_runtime_node" classname="rat_king_arena_mutation_runtime_test" time="0.005">
		</testcase>
		<testcase name="test_phase_three_creates_overturned_trash_and_electric_leak_once" classname="rat_king_arena_mutation_runtime_test" time="0.005">
		</testcase>
		<testcase name="test_boss_death_and_arena_reset_clear_arena_mutations" classname="rat_king_arena_mutation_runtime_test" time="0.008">
		</testcase>
	</testsuite>
	<testsuite id="1" name="story_004_arena_change_adapter_test" package="tests/unit/boss" timestamp="2026-06-25T03:06:43" hostname="localhost" tests="4" failures="0" errors="0" skipped="0" flaky="0" time="0.028">
		<testcase name="test_boss_encounter_start_requests_scene_lock_once" classname="story_004_arena_change_adapter_test" time="0.002">
		</testcase>
		<testcase name="test_phase_two_transition_applies_garbage_pile_arena_change" classname="story_004_arena_change_adapter_test" time="0.008">
		</testcase>
		<testcase name="test_phase_three_transition_applies_obstacle_and_damage_zone_changes" classname="story_004_arena_change_adapter_test" time="0.005">
		</testcase>
		<testcase name="test_boss_death_unlocks_scene_locked_by_encounter_once" classname="story_004_arena_change_adapter_test" time="0.007">
		</testcase>
	</testsuite>
	<testsuite id="2" name="rat_king_boss_runtime_contract_test" package="tests/unit/gameplay" timestamp="2026-06-25T03:06:43" hostname="localhost" tests="5" failures="0" errors="0" skipped="0" flaky="0" time="0.035">
		<testcase name="test_rat_king_boss_scene_exposes_main_scene_enemy_contract" classname="rat_king_boss_runtime_contract_test" time="0.002">
		</testcase>
		<testcase name="test_main_scene_uses_rat_king_runtime_boss_as_visible_enemy" classname="rat_king_boss_runtime_contract_test" time="0.004">
		</testcase>
		<testcase name="test_main_scene_routes_real_rat_king_phase_transition_to_presentation" classname="rat_king_boss_runtime_contract_test" time="0.006">
		</testcase>
		<testcase name="test_rat_king_phase_transition_applies_data_driven_attack_pool" classname="rat_king_boss_runtime_contract_test" time="0.006">
		</testcase>
		<testcase name="test_rat_king_slam_attack_activates_data_driven_hitbox_metadata" classname="rat_king_boss_runtime_contract_test" time="0.006">
		</testcase>
	</testsuite>
	<testsuite id="3" name="rat_king_live_summon_runtime_test" package="tests/unit/gameplay" timestamp="2026-06-25T03:06:43" hostname="localhost" tests="7" failures="0" errors="0" skipped="0" flaky="0" time="0.048">
		<testcase name="test_rat_minion_character_asset_contract_uses_sprite_frames" classname="rat_king_live_summon_runtime_test" time="0.002">
		</testcase>
		<testcase name="test_rat_minion_animation_assets_follow_project_pipeline_paths" classname="rat_king_live_summon_runtime_test" time="0.003">
		</testcase>
		<testcase name="test_rat_minion_runtime_scene_exposes_enemy_contract" classname="rat_king_live_summon_runtime_test" time="0.008">
		</testcase>
		<testcase name="test_main_scene_spawns_live_phase_two_summon_from_boss_timer" classname="rat_king_live_summon_runtime_test" time="0.005">
		</testcase>
		<testcase name="test_main_scene_enforces_summon_cap_and_replenishes_after_minion_death" classname="rat_king_live_summon_runtime_test" time="0.007">
		</testcase>
		<testcase name="test_boss_death_cleans_up_live_summons" classname="rat_king_live_summon_runtime_test" time="0.006">
		</testcase>
		<testcase name="test_player_damage_adapter_routes_to_live_summon" classname="rat_king_live_summon_runtime_test" time="0.006">
		</testcase>
	</testsuite>
	<testsuite id="4" name="main_scene_visual_contract_test" package="tests/unit/gameplay" timestamp="2026-06-25T03:06:43" hostname="localhost" tests="4" failures="0" errors="0" skipped="0" flaky="0" time="0.027">
		<testcase name="test_runtime_characters_use_animated_sprite_frames" classname="main_scene_visual_contract_test" time="0.004">
		</testcase>
		<testcase name="test_runtime_characters_do_not_use_legacy_single_image_textures" classname="main_scene_visual_contract_test" time="0.004">
		</testcase>
		<testcase name="test_main_scene_startup_has_no_visible_gameplay_color_rect_blocks" classname="main_scene_visual_contract_test" time="0.008">
		</testcase>
		<testcase name="test_main_scene_routes_boss_phase_transition_source_to_combat_presentation" classname="main_scene_visual_contract_test" time="0.006">
		</testcase>
	</testsuite>
</testsuites>
