<?xml version="1.0" encoding="UTF-8" ?>
<testsuites id="2026-06-26" name="report_714" tests="5" failures="0" skipped="0" flaky="0" time="0.000">
	<testsuite id="0" name="old_factory_spark_rat_pacing_polish_test" package="tests/unit/gameplay" timestamp="2026-06-26T04:37:59" hostname="localhost" tests="5" failures="0" errors="0" skipped="0" flaky="0" time="0.327">
		<testcase name="test_spark_rat_waits_for_pacing_trigger_after_endpoint_open" classname="old_factory_spark_rat_pacing_polish_test" time="0.125">
		</testcase>
		<testcase name="test_spark_rat_activation_starts_with_opening_grace_before_first_bite" classname="old_factory_spark_rat_pacing_polish_test" time="0.054">
		</testcase>
		<testcase name="test_spark_rat_patrols_until_player_enters_alert_radius" classname="old_factory_spark_rat_pacing_polish_test" time="0.054">
		</testcase>
		<testcase name="test_spark_rat_first_bite_respects_extended_attack_tell_before_damage" classname="old_factory_spark_rat_pacing_polish_test" time="0.054">
		</testcase>
		<testcase name="test_spark_rat_pacing_state_restores_without_replaying_bite_state" classname="old_factory_spark_rat_pacing_polish_test" time="0.032">
		</testcase>
	</testsuite>
</testsuites>
