<?xml version="1.0" encoding="UTF-8" ?>
<testsuites id="2026-07-02" name="report_1048" tests="2" failures="2" skipped="0" flaky="0" time="0.000">
	<testsuite id="0" name="old_factory_lower_deck_shortcut_pursuer_test" package="tests/unit/gameplay" timestamp="2026-07-02T03:45:10" hostname="localhost" tests="2" failures="2" errors="0" skipped="0" flaky="0" time="0.216">
		<testcase name="test_shortcut_pursuer_requires_shortcut_cache_claim_and_keeps_service_lift_optional" classname="old_factory_lower_deck_shortcut_pursuer_test" time="0.208">
			<failure message="FAILED: res://tests/unit/gameplay/old_factory_lower_deck_shortcut_pursuer_test.gd:38" type="FAILURE">
<![CDATA[
Expecting: 'true' but is 'false'
]]>
			</failure>
			<failure message="FAILED: res://tests/unit/gameplay/old_factory_lower_deck_shortcut_pursuer_test.gd:39" type="FAILURE">
<![CDATA[
Expecting: 'true' but is 'false'
]]>
			</failure>
		</testcase>
	</testsuite>
</testsuites>
