<?xml version="1.0" encoding="UTF-8" ?>
<testsuites id="2026-06-24" name="report_323" tests="28" failures="0" skipped="0" flaky="0" time="0.000">
	<testsuite id="0" name="story_001_weapon_config_catalog_test" package="tests/unit/weapon" timestamp="2026-06-23T17:37:47" hostname="localhost" tests="5" failures="0" errors="0" skipped="0" flaky="0" time="0.029">
		<testcase name="test_weapon_component_and_config_scripts_exist" classname="story_001_weapon_config_catalog_test" time="0.005">
		</testcase>
		<testcase name="test_weapon_config_data_validates_and_manifest_registers_domain" classname="story_001_weapon_config_catalog_test" time="0.002">
		</testcase>
		<testcase name="test_catalog_defines_four_weapons_in_swap_order" classname="story_001_weapon_config_catalog_test" time="0.002">
		</testcase>
		<testcase name="test_weapon_configs_expose_gdd_metadata" classname="story_001_weapon_config_catalog_test" time="0.005">
		</testcase>
		<testcase name="test_default_weapon_and_cat_claw_level_three_damage_query" classname="story_001_weapon_config_catalog_test" time="0.006">
		</testcase>
	</testsuite>
	<testsuite id="1" name="story_002_weapon_upgrade_serialization_test" package="tests/unit/weapon" timestamp="2026-06-23T17:37:47" hostname="localhost" tests="5" failures="0" errors="0" skipped="0" flaky="0" time="0.034">
		<testcase name="test_all_weapons_start_at_level_one_with_next_damage_preview" classname="story_002_weapon_upgrade_serialization_test" time="0.003">
		</testcase>
		<testcase name="test_upgrade_weapon_increments_until_level_five_and_emits_signal" classname="story_002_weapon_upgrade_serialization_test" time="0.007">
		</testcase>
		<testcase name="test_invalid_upgrade_requests_are_rejected_without_state_change" classname="story_002_weapon_upgrade_serialization_test" time="0.006">
		</testcase>
		<testcase name="test_serialize_and_deserialize_restore_current_weapon_and_levels" classname="story_002_weapon_upgrade_serialization_test" time="0.007">
		</testcase>
		<testcase name="test_deserialize_clamps_invalid_indices_and_ignores_unknown_weapons" classname="story_002_weapon_upgrade_serialization_test" time="0.007">
		</testcase>
	</testsuite>
	<testsuite id="2" name="story_003_weapon_swap_state_machine_test" package="tests/unit/weapon" timestamp="2026-06-23T17:37:47" hostname="localhost" tests="6" failures="0" errors="0" skipped="0" flaky="0" time="0.042">
		<testcase name="test_request_swap_starts_uncancellable_half_second_swap" classname="story_003_weapon_swap_state_machine_test" time="0.002">
		</testcase>
		<testcase name="test_request_swap_is_rejected_while_combat_is_attacking" classname="story_003_weapon_swap_state_machine_test" time="0.005">
		</testcase>
		<testcase name="test_completed_swaps_cycle_through_all_weapon_styles" classname="story_003_weapon_swap_state_machine_test" time="0.006">
		</testcase>
		<testcase name="test_completed_swap_emits_changed_weapon_signal" classname="story_003_weapon_swap_state_machine_test" time="0.006">
		</testcase>
		<testcase name="test_missing_optional_combat_hooks_still_completes_swap" classname="story_003_weapon_swap_state_machine_test" time="0.006">
		</testcase>
		<testcase name="test_completed_swap_resets_real_combat_dodge_cooldown_hook" classname="story_003_weapon_swap_state_machine_test" time="0.006">
		</testcase>
	</testsuite>
	<testsuite id="3" name="story_004_special_attack_gates_test" package="tests/unit/weapon" timestamp="2026-06-23T17:37:47" hostname="localhost" tests="4" failures="0" errors="0" skipped="0" flaky="0" time="0.027">
		<testcase name="test_each_weapon_exposes_special_id_cooldown_and_energy_cost" classname="story_004_special_attack_gates_test" time="0.003">
		</testcase>
		<testcase name="test_insufficient_cat_energy_rejects_special_and_emits_required_energy" classname="story_004_special_attack_gates_test" time="0.005">
		</testcase>
		<testcase name="test_active_cooldown_rejects_special_and_emits_remaining_cooldown" classname="story_004_special_attack_gates_test" time="0.007">
		</testcase>
		<testcase name="test_passing_gates_consumes_cat_energy_starts_cooldown_and_emits_start_signal" classname="story_004_special_attack_gates_test" time="0.006">
		</testcase>
	</testsuite>
	<testsuite id="4" name="story_006_cat_energy_special_ultimate_gates_test" package="tests/unit/combat" timestamp="2026-06-23T17:37:47" hostname="localhost" tests="6" failures="0" errors="0" skipped="0" flaky="0" time="0.042">
		<testcase name="test_cat_energy_starts_at_zero_and_gain_table_clamps_at_max" classname="story_006_cat_energy_special_ultimate_gates_test" time="0.001">
		</testcase>
		<testcase name="test_out_of_combat_timer_resets_on_damage_interaction_and_clears_energy_after_ten_seconds" classname="story_006_cat_energy_special_ultimate_gates_test" time="0.006">
		</testcase>
		<testcase name="test_special_gate_checks_weapon_cost_and_cooldown" classname="story_006_cat_energy_special_ultimate_gates_test" time="0.006">
		</testcase>
		<testcase name="test_special_gate_failed_energy_check_does_not_consume_energy" classname="story_006_cat_energy_special_ultimate_gates_test" time="0.006">
		</testcase>
		<testcase name="test_ultimate_requires_provider_unlock_and_eighty_cat_energy" classname="story_006_cat_energy_special_ultimate_gates_test" time="0.006">
		</testcase>
		<testcase name="test_ultimate_failed_energy_check_does_not_consume_energy" classname="story_006_cat_energy_special_ultimate_gates_test" time="0.006">
		</testcase>
	</testsuite>
	<testsuite id="5" name="main_scene_weapon_swap_runtime_test" package="tests/unit/gameplay" timestamp="2026-06-23T17:37:47" hostname="localhost" tests="2" failures="0" errors="0" skipped="0" flaky="0" time="0.032">
		<testcase name="test_weapon_swap_action_is_registered_for_runtime_input" classname="main_scene_weapon_swap_runtime_test" time="0.025">
		</testcase>
		<testcase name="test_runtime_weapon_swap_updates_progress_state_and_hud_after_half_second" classname="main_scene_weapon_swap_runtime_test" time="0.003">
		</testcase>
	</testsuite>
</testsuites>
