<?xml version="1.0" encoding="UTF-8" ?>
<testsuites id="2026-06-30" name="report_861" tests="30" failures="0" skipped="0" flaky="0" time="0.000">
	<testsuite id="0" name="boss2_hud_portrait_runtime_test" package="tests/unit/gameplay" timestamp="2026-06-30T07:27:38" hostname="localhost" tests="2" failures="0" errors="0" skipped="0" flaky="0" time="0.039">
		<testcase name="test_boss2_focus_shows_authored_hud_portrait" classname="boss2_hud_portrait_runtime_test" time="0.030">
		</testcase>
		<testcase name="test_boss2_defeated_hands_off_without_stale_portrait" classname="boss2_hud_portrait_runtime_test" time="0.005">
		</testcase>
	</testsuite>
	<testsuite id="1" name="boss2_hud_focus_runtime_test" package="tests/unit/gameplay" timestamp="2026-06-30T07:27:38" hostname="localhost" tests="4" failures="0" errors="0" skipped="0" flaky="0" time="0.028">
		<testcase name="test_boss2_hud_focuses_echo_guardian_on_main_scene_start" classname="boss2_hud_focus_runtime_test" time="0.005">
		</testcase>
		<testcase name="test_boss2_damage_updates_hud_and_rat_king_health_does_not_override_focus" classname="boss2_hud_focus_runtime_test" time="0.005">
		</testcase>
		<testcase name="test_boss2_defeat_and_restored_flag_hand_hud_back_to_rat_king" classname="boss2_hud_focus_runtime_test" time="0.005">
		</testcase>
		<testcase name="test_restored_boss2_defeated_flag_immediately_hands_hud_back_to_rat_king" classname="boss2_hud_focus_runtime_test" time="0.005">
		</testcase>
	</testsuite>
	<testsuite id="2" name="boss2_hud_hit_feedback_arena_visual_runtime_test" package="tests/unit/gameplay" timestamp="2026-06-30T07:27:38" hostname="localhost" tests="2" failures="0" errors="0" skipped="0" flaky="0" time="0.013">
		<testcase name="test_boss2_arena_frame_uses_authored_transparent_environment_asset" classname="boss2_hud_hit_feedback_arena_visual_runtime_test" time="0.004">
		</testcase>
		<testcase name="test_boss2_damage_triggers_short_hud_hit_flash_without_losing_focus" classname="boss2_hud_hit_feedback_arena_visual_runtime_test" time="0.005">
		</testcase>
	</testsuite>
	<testsuite id="3" name="hud_manager_test" package="tests/unit/presentation" timestamp="2026-06-30T07:27:38" hostname="localhost" tests="22" failures="0" errors="0" skipped="0" flaky="0" time="0.156">
		<testcase name="test_update_hp_sets_ratio_label_and_healthy_color" classname="hud_manager_test" time="0.003">
		</testcase>
		<testcase name="test_low_hp_uses_stable_warning_red_without_pulsing" classname="hud_manager_test" time="0.003">
		</testcase>
		<testcase name="test_show_notification_expires_after_duration" classname="hud_manager_test" time="0.003">
		</testcase>
		<testcase name="test_scene_transition_shell_uses_generated_textures_and_scene_label" classname="hud_manager_test" time="0.006">
		</testcase>
		<testcase name="test_scene_transition_spinner_advances_and_hides_without_menu_state_change" classname="hud_manager_test" time="0.006">
		</testcase>
		<testcase name="test_show_pause_menu_displays_focusable_resume_and_retry_buttons" classname="hud_manager_test" time="0.007">
		</testcase>
		<testcase name="test_menu_buttons_emit_resume_and_retry_requests" classname="hud_manager_test" time="0.006">
		</testcase>
		<testcase name="test_hide_menu_clears_menu_mode_and_focus" classname="hud_manager_test" time="0.006">
		</testcase>
		<testcase name="test_show_battle_summary_formats_stats_tip_and_retry_actions" classname="hud_manager_test" time="0.006">
		</testcase>
		<testcase name="test_show_battle_summary_generates_learning_tip_when_missing" classname="hud_manager_test" time="0.006">
		</testcase>
		<testcase name="test_show_settings_menu_exposes_required_groups_and_focusable_controls" classname="hud_manager_test" time="0.006">
		</testcase>
		<testcase name="test_settings_toggles_hud_scale_and_colorblind_palette_update_runtime_state" classname="hud_manager_test" time="0.007">
		</testcase>
		<testcase name="test_blue_yellow_colorblind_palette_uses_red_to_white_hp_mapping" classname="hud_manager_test" time="0.005">
		</testcase>
		<testcase name="test_scaled_settings_menu_text_does_not_overlap_at_max_hud_scale" classname="hud_manager_test" time="0.006">
		</testcase>
		<testcase name="test_runtime_hud_scale_change_resizes_visible_settings_menu" classname="hud_manager_test" time="0.007">
		</testcase>
		<testcase name="test_all_menu_modes_keep_text_non_overlapping_at_max_hud_scale" classname="hud_manager_test" time="0.006">
		</testcase>
		<testcase name="test_boss_phase_marker_uses_text_shape_not_only_color" classname="hud_manager_test" time="0.007">
		</testcase>
		<testcase name="test_hud_settings_state_round_trip_hands_off_to_save_system" classname="hud_manager_test" time="0.006">
		</testcase>
		<testcase name="test_close_settings_returns_to_invoking_pause_menu_focus" classname="hud_manager_test" time="0.007">
		</testcase>
		<testcase name="test_close_settings_returns_to_invoking_main_menu_focus" classname="hud_manager_test" time="0.006">
		</testcase>
		<testcase name="test_main_menu_shows_entry_points_and_disabled_save_actions_explain_availability" classname="hud_manager_test" time="0.006">
		</testcase>
		<testcase name="test_save_load_shell_lists_slot_info_without_owning_save_file_rules" classname="hud_manager_test" time="0.006">
		</testcase>
	</testsuite>
</testsuites>
