<?xml version="1.0" encoding="UTF-8" ?>
<testsuites id="2026-06-26" name="report_702" tests="3" failures="3" skipped="0" flaky="0" time="0.000">
	<testsuite id="0" name="exploration_gate_unlock_feedback_test" package="tests/unit/gameplay" timestamp="2026-06-26T03:59:42" hostname="localhost" tests="3" failures="3" errors="0" skipped="0" flaky="0" time="0.053">
		<testcase name="test_dash_gate_unlock_spawns_generated_vfx_and_routes_audio_once" classname="exploration_gate_unlock_feedback_test" time="0.046">
			<failure message="FAILED: res://tests/unit/gameplay/exploration_gate_unlock_feedback_test.gd:62" type="FAILURE">
<![CDATA[
Expecting: 'true' but is 'false'
]]>
			</failure>
			<failure message="FAILED: res://tests/unit/gameplay/exploration_gate_unlock_feedback_test.gd:69" type="FAILURE">
<![CDATA[
Expecting: 'true' but is 'false'
]]>
			</failure>
			<failure message="FAILED: res://tests/unit/gameplay/exploration_gate_unlock_feedback_test.gd:69" type="FAILURE">
<![CDATA[
Expecting: 'true' but is 'false'
]]>
			</failure>
		</testcase>
	</testsuite>
</testsuites>
