<?xml version="1.0" encoding="UTF-8" ?>
<testsuites id="2026-07-02" name="report_1090" tests="2" failures="0" skipped="0" flaky="0" time="0.000">
	<testsuite id="0" name="old_factory_lower_deck_relay_forward_reward_hatch_test" package="tests/unit/gameplay" timestamp="2026-07-02T08:33:24" hostname="localhost" tests="2" failures="0" errors="0" skipped="0" flaky="0" time="0.278">
		<testcase name="test_relay_forward_reward_cache_requires_post_relay_trial_clear_and_keeps_lift_optional" classname="old_factory_lower_deck_relay_forward_reward_hatch_test" time="0.213">
		</testcase>
		<testcase name="test_relay_forward_reward_cache_claim_then_hatch_open_persists_without_replaying_relay_chain" classname="old_factory_lower_deck_relay_forward_reward_hatch_test" time="0.057">
		</testcase>
	</testsuite>
</testsuites>
