<?xml version="1.0" encoding="UTF-8" ?>
<testsuites id="2026-06-30" name="report_800" tests="3" failures="3" skipped="0" flaky="0" time="0.000">
	<testsuite id="0" name="boss2_arena_bounds_reset_runtime_test" package="tests/unit/gameplay" timestamp="2026-06-30T04:31:00" hostname="localhost" tests="3" failures="3" errors="0" skipped="0" flaky="0" time="0.048">
		<testcase name="test_boss2_chase_clamps_inside_local_arena_bounds" classname="boss2_arena_bounds_reset_runtime_test" time="0.043">
			<failure message="FAILED: res://tests/unit/gameplay/boss2_arena_bounds_reset_runtime_test.gd:39" type="FAILURE">
<![CDATA[
Expecting: 'true' but is 'false'
]]>
			</failure>
			<failure message="FAILED: res://tests/unit/gameplay/boss2_arena_bounds_reset_runtime_test.gd:40" type="FAILURE">
<![CDATA[
Expecting: 'true' but is 'false'
]]>
			</failure>
			<failure message="FAILED: res://tests/unit/gameplay/boss2_arena_bounds_reset_runtime_test.gd:41" type="FAILURE">
<![CDATA[
Expecting: 'true' but is 'false'
]]>
			</failure>
		</testcase>
	</testsuite>
</testsuites>
