<?xml version="1.0" encoding="UTF-8" ?>
<testsuites id="2026-07-02" name="report_1086" tests="2" failures="0" skipped="0" flaky="0" time="0.000">
	<testsuite id="0" name="old_factory_lower_deck_post_relay_combat_feedback_test" package="tests/unit/gameplay" timestamp="2026-07-02T08:01:13" hostname="localhost" tests="2" failures="0" errors="0" skipped="0" flaky="0" time="0.254">
		<testcase name="test_post_relay_trial_requires_activated_relay_and_keeps_lift_optional" classname="old_factory_lower_deck_post_relay_combat_feedback_test" time="0.192">
		</testcase>
		<testcase name="test_post_relay_trial_clear_persists_without_replaying_relay_feedback" classname="old_factory_lower_deck_post_relay_combat_feedback_test" time="0.055">
		</testcase>
	</testsuite>
</testsuites>
