<?xml version="1.0" encoding="UTF-8" ?>
<testsuites id="2026-06-26" name="report_712" tests="5" failures="8" skipped="0" flaky="0" time="0.000">
	<testsuite id="0" name="old_factory_spark_rat_pacing_polish_test" package="tests/unit/gameplay" timestamp="2026-06-26T04:34:51" hostname="localhost" tests="5" failures="8" errors="0" skipped="0" flaky="0" time="0.147">
		<testcase name="test_spark_rat_waits_for_pacing_trigger_after_endpoint_open" classname="old_factory_spark_rat_pacing_polish_test" time="0.142">
			<failure message="FAILED: res://tests/unit/gameplay/old_factory_spark_rat_pacing_polish_test.gd:33" type="FAILURE">
<![CDATA[
Expecting: 'true' but is 'false'
]]>
			</failure>
			<failure message="FAILED: res://tests/unit/gameplay/old_factory_spark_rat_pacing_polish_test.gd:43" type="FAILURE">
<![CDATA[
Expecting to be greater than:
 '0.000000' but was '-inf'
]]>
			</failure>
			<failure message="FAILED: res://tests/unit/gameplay/old_factory_spark_rat_pacing_polish_test.gd:46" type="FAILURE">
<![CDATA[
Expecting: 'false' but is 'true'
]]>
			</failure>
			<failure message="FAILED: res://tests/unit/gameplay/old_factory_spark_rat_pacing_polish_test.gd:49" type="FAILURE">
<![CDATA[
Expecting: 'false' but is 'true'
]]>
			</failure>
			<failure message="FAILED: res://tests/unit/gameplay/old_factory_spark_rat_pacing_polish_test.gd:50" type="FAILURE">
<![CDATA[
Expecting: 'false' but is 'true'
]]>
			</failure>
			<failure message="FAILED: res://tests/unit/gameplay/old_factory_spark_rat_pacing_polish_test.gd:51" type="FAILURE">
<![CDATA[
Expecting: 'false' but is 'true'
]]>
			</failure>
			<failure message="FAILED: res://tests/unit/gameplay/old_factory_spark_rat_pacing_polish_test.gd:52" type="FAILURE">
<![CDATA[
Expecting:
 '0'
 but was
 '2'
]]>
			</failure>
			<failure message="FAILED: res://tests/unit/gameplay/old_factory_spark_rat_pacing_polish_test.gd:53" type="FAILURE">
<![CDATA[
Expecting:
 '0'
 but was
 '17'
]]>
			</failure>
		</testcase>
	</testsuite>
</testsuites>
