<?xml version="1.0" encoding="UTF-8" ?>
<testsuites id="2026-07-09" name="report_1169" tests="2" failures="2" skipped="0" flaky="0" time="0.000">
	<testsuite id="0" name="old_factory_lower_deck_forward_pressure_coil_aftershock_test" package="tests/unit/gameplay" timestamp="2026-07-08T17:35:32" hostname="localhost" tests="2" failures="2" errors="0" skipped="0" flaky="0" time="0.263">
		<testcase name="test_coil_aftershock_requires_pincer_clear_and_activates_runtime_contract" classname="old_factory_lower_deck_forward_pressure_coil_aftershock_test" time="0.257">
			<failure message="FAILED: res://tests/unit/gameplay/old_factory_lower_deck_forward_pressure_coil_aftershock_test.gd:42" type="FAILURE">
<![CDATA[
Expecting: 'true' but is 'false'
]]>
			</failure>
			<failure message="FAILED: res://tests/unit/gameplay/old_factory_lower_deck_forward_pressure_coil_aftershock_test.gd:45" type="FAILURE">
<![CDATA[
Expecting: 'true' but is 'false'
]]>
			</failure>
		</testcase>
	</testsuite>
</testsuites>
