<?xml version="1.0" encoding="UTF-8" ?>
<testsuites id="2026-06-24" name="report_341" tests="2" failures="1" skipped="0" flaky="0" time="0.000">
	<testsuite id="0" name="main_scene_player_attack_core_chain_test" package="tests/unit/gameplay" timestamp="2026-06-24T01:21:33" hostname="localhost" tests="2" failures="1" errors="0" skipped="0" flaky="0" time="0.048">
		<testcase name="test_player_light_attack_damages_enemy_through_core_chain_once" classname="main_scene_player_attack_core_chain_test" time="0.043">
			<failure message="FAILED: res://tests/unit/gameplay/main_scene_player_attack_core_chain_test.gd:93" type="FAILURE">
<![CDATA[
Expecting: 'true' but is 'false'
]]>
			</failure>
		</testcase>
	</testsuite>
</testsuites>
