<?xml version="1.0" encoding="UTF-8" ?>
<testsuites id="2026-07-09" name="report_1" tests="2" failures="0" skipped="0" flaky="0" time="0.000">
	<testsuite id="0" name="main_scene_dash_gate_authored_visual_test" package="tests/unit/gameplay" timestamp="2026-07-09T11:24:23" hostname="localhost" tests="2" failures="0" errors="0" skipped="0" flaky="0" time="0.117">
		<testcase name="test_dash_gate_uses_dedicated_generated_marker" classname="main_scene_dash_gate_authored_visual_test" time="0.073">
		</testcase>
		<testcase name="test_dash_gate_scene_file_no_longer_references_reused_electric_leak" classname="main_scene_dash_gate_authored_visual_test" time="0.041">
		</testcase>
	</testsuite>
</testsuites>
