<?xml version="1.0" encoding="UTF-8" ?>
<testsuites id="2026-07-09" name="report_1" tests="2" failures="2" skipped="0" flaky="0" time="0.000">
	<testsuite id="0" name="old_factory_lower_deck_forward_pressure_aftershock_condenser_overflow_pump_skirmish_test" package="tests/unit/gameplay" timestamp="2026-07-09T10:48:58" hostname="localhost" tests="2" failures="2" errors="0" skipped="0" flaky="0" time="0.261">
		<testcase name="test_overflow_pump_requires_drip_vent_crossed_and_extends_playable_space" classname="old_factory_lower_deck_forward_pressure_aftershock_condenser_overflow_pump_skirmish_test" time="0.255">
			<failure message="FAILED: res://tests/unit/gameplay/old_factory_lower_deck_forward_pressure_aftershock_condenser_overflow_pump_skirmish_test.gd:55" type="FAILURE">
<![CDATA[
Expecting: 'true' but is 'false'
]]>
			</failure>
			<failure message="FAILED: res://tests/unit/gameplay/old_factory_lower_deck_forward_pressure_aftershock_condenser_overflow_pump_skirmish_test.gd:58" type="FAILURE">
<![CDATA[
Expecting: 'true' but is 'false'
]]>
			</failure>
		</testcase>
	</testsuite>
</testsuites>
