<?xml version="1.0" encoding="UTF-8" ?>
<testsuites id="2026-07-02" name="report_1082" tests="29" failures="0" skipped="0" flaky="0" time="0.000">
	<testsuite id="0" name="old_factory_lower_deck_breach_relay_feedback_test" package="tests/unit/gameplay" timestamp="2026-07-02T07:39:49" hostname="localhost" tests="4" failures="0" errors="0" skipped="0" flaky="0" time="0.360">
		<testcase name="test_breach_relay_mounts_generated_activation_feedback_texture" classname="old_factory_lower_deck_breach_relay_feedback_test" time="0.186">
		</testcase>
		<testcase name="test_breach_relay_activation_spawns_one_short_lived_feedback_vfx" classname="old_factory_lower_deck_breach_relay_feedback_test" time="0.056">
		</testcase>
		<testcase name="test_breach_relay_activation_routes_one_spatial_audio_feedback_event" classname="old_factory_lower_deck_breach_relay_feedback_test" time="0.055">
		</testcase>
		<testcase name="test_restored_breach_relay_does_not_replay_activation_feedback" classname="old_factory_lower_deck_breach_relay_feedback_test" time="0.054">
		</testcase>
	</testsuite>
	<testsuite id="1" name="old_factory_lower_deck_breach_reward_route_test" package="tests/unit/gameplay" timestamp="2026-07-02T07:39:49" hostname="localhost" tests="2" failures="0" errors="0" skipped="0" flaky="0" time="0.122">
		<testcase name="test_breach_relay_requires_secured_corridor_and_keeps_lift_optional" classname="old_factory_lower_deck_breach_reward_route_test" time="0.057">
		</testcase>
		<testcase name="test_breach_relay_activates_once_and_becomes_non_boss_respawn_point" classname="old_factory_lower_deck_breach_reward_route_test" time="0.057">
		</testcase>
	</testsuite>
	<testsuite id="2" name="audio_system_test" package="tests/unit/presentation" timestamp="2026-07-02T07:39:50" hostname="localhost" tests="23" failures="0" errors="0" skipped="0" flaky="0" time="0.172">
		<testcase name="test_project_registers_audio_system_between_input_and_save_system" classname="audio_system_test" time="0.002">
		</testcase>
		<testcase name="test_audio_system_initializes_default_buses_and_player_pool" classname="audio_system_test" time="0.002">
		</testcase>
		<testcase name="test_set_bus_volume_clamps_values_and_rejects_unknown_bus" classname="audio_system_test" time="0.004">
		</testcase>
		<testcase name="test_play_sfx_records_pitch_spatial_metadata_and_enforces_voice_cap" classname="audio_system_test" time="0.006">
		</testcase>
		<testcase name="test_same_sfx_within_merge_window_reuses_voice_and_boosts_volume" classname="audio_system_test" time="0.006">
		</testcase>
		<testcase name="test_missing_sfx_asset_does_not_consume_pool_voice" classname="audio_system_test" time="0.006">
		</testcase>
		<testcase name="test_default_core_combat_sfx_assets_load_and_play_from_imported_wav_files" classname="audio_system_test" time="0.006">
		</testcase>
		<testcase name="test_boss2_authored_sfx_assets_load_and_event_router_maps_runtime_states" classname="audio_system_test" time="0.007">
		</testcase>
		<testcase name="test_default_ui_audio_assets_load_and_play_on_ui_bus" classname="audio_system_test" time="0.006">
		</testcase>
		<testcase name="test_menu_audio_state_ducks_music_and_restores_previous_state" classname="audio_system_test" time="0.007">
		</testcase>
		<testcase name="test_default_music_and_ambient_assets_load_and_play_from_imported_wav_files" classname="audio_system_test" time="0.005">
		</testcase>
		<testcase name="test_scene_load_start_forces_music_and_ambient_to_fade_out_over_two_seconds" classname="audio_system_test" time="0.007">
		</testcase>
		<testcase name="test_scene_change_crossfades_default_area_music_and_ambient_cues" classname="audio_system_test" time="0.006">
		</testcase>
		<testcase name="test_scene_audio_cues_can_be_overridden_and_unknown_scene_stays_silent" classname="audio_system_test" time="0.006">
		</testcase>
		<testcase name="test_scene_load_failed_clears_transition_state_without_starting_new_cues" classname="audio_system_test" time="0.006">
		</testcase>
		<testcase name="test_hit_event_routes_normal_and_crit_sfx_with_priority" classname="audio_system_test" time="0.006">
		</testcase>
		<testcase name="test_weapon_style_attack_events_route_to_imported_sfx" classname="audio_system_test" time="0.006">
		</testcase>
		<testcase name="test_parry_dodge_enemy_death_and_boss_phase_events_route_to_expected_sfx" classname="audio_system_test" time="0.006">
		</testcase>
		<testcase name="test_double_jump_event_routes_bounce_sfx_with_spatial_metadata" classname="audio_system_test" time="0.006">
		</testcase>
		<testcase name="test_exploration_gate_unlock_event_routes_door_unlock_sfx_with_metadata" classname="audio_system_test" time="0.006">
		</testcase>
		<testcase name="test_savepoint_activation_event_routes_door_unlock_sfx_with_metadata" classname="audio_system_test" time="0.006">
		</testcase>
		<testcase name="test_boss_music_state_hard_cuts_phase_transitions_and_ends_cleanly" classname="audio_system_test" time="0.005">
		</testcase>
		<testcase name="test_focus_mode_switches_damage_taken_to_low_hp_cue" classname="audio_system_test" time="0.007">
		</testcase>
	</testsuite>
</testsuites>
