<?xml version="1.0" encoding="UTF-8" ?>
<testsuites id="2026-07-02" name="report_1097" tests="2" failures="1" skipped="0" flaky="0" time="0.000">
	<testsuite id="0" name="old_factory_lower_deck_forward_conduit_clear_feedback_test" package="tests/unit/gameplay" timestamp="2026-07-02T09:13:59" hostname="localhost" tests="2" failures="1" errors="0" skipped="0" flaky="0" time="0.240">
		<testcase name="test_forward_conduit_clear_feedback_spawns_once_after_entity_2118_defeat" classname="old_factory_lower_deck_forward_conduit_clear_feedback_test" time="0.234">
			<failure message="FAILED: res://tests/unit/gameplay/old_factory_lower_deck_forward_conduit_clear_feedback_test.gd:39" type="FAILURE">
<![CDATA[
Expecting: 'true' but is 'false'
]]>
			</failure>
		</testcase>
	</testsuite>
</testsuites>
