<?xml version="1.0" encoding="UTF-8" ?>
<testsuites id="2026-07-08" name="report_1147" tests="2" failures="0" skipped="0" flaky="0" time="0.000">
	<testsuite id="0" name="old_factory_lower_deck_forward_pressure_breaker_test" package="tests/unit/gameplay" timestamp="2026-07-08T10:48:14" hostname="localhost" tests="2" failures="0" errors="0" skipped="0" flaky="0" time="0.317">
		<testcase name="test_breaker_stand_requires_overrun_clear_and_activates_enemy_hazard" classname="old_factory_lower_deck_forward_pressure_breaker_test" time="0.248">
		</testcase>
		<testcase name="test_breaker_cut_persists_without_replaying_route_chain" classname="old_factory_lower_deck_forward_pressure_breaker_test" time="0.062">
		</testcase>
	</testsuite>
</testsuites>
