<?xml version="1.0" encoding="UTF-8" ?>
<testsuites id="2026-06-24" name="report_369" tests="52" failures="0" skipped="0" flaky="0" time="0.000">
	<testsuite id="0" name="combat_presentation_test" package="tests/unit/presentation" timestamp="2026-06-24T14:55:14" hostname="localhost" tests="19" failures="0" errors="0" skipped="0" flaky="0" time="0.137">
		<testcase name="test_normal_hit_spawns_damage_number_sparks_hitstop_and_shake" classname="combat_presentation_test" time="0.008">
		</testcase>
		<testcase name="test_crit_hit_uses_larger_gold_feedback" classname="combat_presentation_test" time="0.003">
		</testcase>
		<testcase name="test_damage_number_tiers_match_gdd_size_color_and_outline" classname="combat_presentation_test" time="0.009">
		</testcase>
		<testcase name="test_damage_number_records_gdd_float_distance_and_lifetime" classname="combat_presentation_test" time="0.002">
		</testcase>
		<testcase name="test_damage_number_boundary_values_clamp_to_valid_tiers" classname="combat_presentation_test" time="0.006">
		</testcase>
		<testcase name="test_hit_event_prefers_final_damage_metadata_for_runtime_core_chain" classname="combat_presentation_test" time="0.007">
		</testcase>
		<testcase name="test_rapid_damage_numbers_cleanup_without_stale_active_entries" classname="combat_presentation_test" time="0.005">
		</testcase>
		<testcase name="test_kill_event_uses_stronger_hitstop_and_debris" classname="combat_presentation_test" time="0.007">
		</testcase>
		<testcase name="test_hit_feedback_uses_textured_sprite_vfx_not_color_rect_blocks" classname="combat_presentation_test" time="0.006">
		</testcase>
		<testcase name="test_hit_event_can_disable_damage_number_without_suppressing_impact_feedback" classname="combat_presentation_test" time="0.007">
		</testcase>
		<testcase name="test_kill_debris_uses_textured_sprite_vfx_not_color_rect_blocks" classname="combat_presentation_test" time="0.007">
		</testcase>
		<testcase name="test_perfect_parry_spawns_flash_and_radial_textured_sparks" classname="combat_presentation_test" time="0.005">
		</testcase>
		<testcase name="test_perfect_parry_flash_uses_textured_overlay_not_color_rect" classname="combat_presentation_test" time="0.008">
		</testcase>
		<testcase name="test_cat_claw_attack_spawns_three_textured_slash_trails" classname="combat_presentation_test" time="0.005">
		</testcase>
		<testcase name="test_non_cat_claw_attack_does_not_spawn_claw_trails" classname="combat_presentation_test" time="0.007">
		</testcase>
		<testcase name="test_dodge_event_spawns_three_textured_afterimages_with_gdd_alpha_steps" classname="combat_presentation_test" time="0.006">
		</testcase>
		<testcase name="test_boss_phase_transition_spawns_textured_overlay_and_metal_debris" classname="combat_presentation_test" time="0.007">
		</testcase>
		<testcase name="test_boss_phase_debris_expires_after_gdd_lifetime" classname="combat_presentation_test" time="0.006">
		</testcase>
		<testcase name="test_effects_expire_after_their_lifetime" classname="combat_presentation_test" time="0.007">
		</testcase>
	</testsuite>
	<testsuite id="1" name="main_scene_visual_contract_test" package="tests/unit/gameplay" timestamp="2026-06-24T14:55:14" hostname="localhost" tests="3" failures="0" errors="0" skipped="0" flaky="0" time="0.037">
		<testcase name="test_runtime_characters_use_animated_sprite_frames" classname="main_scene_visual_contract_test" time="0.025">
		</testcase>
		<testcase name="test_main_scene_startup_has_no_visible_gameplay_color_rect_blocks" classname="main_scene_visual_contract_test" time="0.004">
		</testcase>
		<testcase name="test_main_scene_routes_boss_phase_transition_source_to_combat_presentation" classname="main_scene_visual_contract_test" time="0.003">
		</testcase>
	</testsuite>
	<testsuite id="2" name="story_007_phase_transition_start_signal_contract_test" package="tests/unit/boss" timestamp="2026-06-24T14:55:14" hostname="localhost" tests="3" failures="0" errors="0" skipped="0" flaky="0" time="0.021">
		<testcase name="test_transition_started_signal_waits_for_ai_idle_and_emits_metadata_once" classname="story_007_phase_transition_start_signal_contract_test" time="0.002">
		</testcase>
		<testcase name="test_health_threshold_ordinals_preserve_actual_phase_start_order" classname="story_007_phase_transition_start_signal_contract_test" time="0.008">
		</testcase>
		<testcase name="test_transition_started_signal_filters_foreign_entity_health_events" classname="story_007_phase_transition_start_signal_contract_test" time="0.005">
		</testcase>
	</testsuite>
	<testsuite id="3" name="main_scene_player_attack_core_chain_test" package="tests/unit/gameplay" timestamp="2026-06-24T14:55:14" hostname="localhost" tests="2" failures="0" errors="0" skipped="0" flaky="0" time="0.014">
		<testcase name="test_player_light_attack_damages_enemy_through_core_chain_once" classname="main_scene_player_attack_core_chain_test" time="0.005">
		</testcase>
		<testcase name="test_electro_bell_runtime_hit_applies_slow_to_enemy_status_component" classname="main_scene_player_attack_core_chain_test" time="0.005">
		</testcase>
	</testsuite>
	<testsuite id="4" name="main_scene_enemy_attack_core_chain_test" package="tests/unit/gameplay" timestamp="2026-06-24T14:55:14" hostname="localhost" tests="2" failures="0" errors="0" skipped="0" flaky="0" time="0.013">
		<testcase name="test_enemy_attack_tell_then_active_hitbox_damages_player_once" classname="main_scene_enemy_attack_core_chain_test" time="0.005">
		</testcase>
		<testcase name="test_enemy_attack_rejects_reentry_during_tell_and_recovers" classname="main_scene_enemy_attack_core_chain_test" time="0.003">
		</testcase>
	</testsuite>
	<testsuite id="5" name="main_scene_player_dodge_afterimage_test" package="tests/unit/gameplay" timestamp="2026-06-24T14:55:14" hostname="localhost" tests="1" failures="0" errors="0" skipped="0" flaky="0" time="0.006">
		<testcase name="test_player_dodge_spawns_three_presentation_afterimages_in_main_scene" classname="main_scene_player_dodge_afterimage_test" time="0.003">
		</testcase>
	</testsuite>
	<testsuite id="6" name="player_character_animation_test" package="tests/unit/gameplay" timestamp="2026-06-24T14:55:14" hostname="localhost" tests="3" failures="0" errors="0" skipped="0" flaky="0" time="0.020">
		<testcase name="test_player_uses_animated_sprite_with_required_frame_sets" classname="player_character_animation_test" time="0.003">
		</testcase>
		<testcase name="test_character_animation_assets_follow_project_pipeline_paths" classname="player_character_animation_test" time="0.008">
		</testcase>
		<testcase name="test_player_attack_switches_to_attack_animation" classname="player_character_animation_test" time="0.006">
		</testcase>
	</testsuite>
	<testsuite id="7" name="player_dodge_animation_test" package="tests/unit/gameplay" timestamp="2026-06-24T14:55:14" hostname="localhost" tests="3" failures="0" errors="0" skipped="0" flaky="0" time="0.021">
		<testcase name="test_player_has_three_frame_dodge_animation_from_character_asset_pipeline" classname="player_dodge_animation_test" time="0.002">
		</testcase>
		<testcase name="test_request_dodge_plays_dodge_animation_and_emits_afterimage_metadata" classname="player_dodge_animation_test" time="0.008">
		</testcase>
		<testcase name="test_request_dodge_respects_cooldown_until_dodge_window_finishes" classname="player_dodge_animation_test" time="0.005">
		</testcase>
	</testsuite>
	<testsuite id="8" name="player_hurt_death_revive_animation_test" package="tests/unit/gameplay" timestamp="2026-06-24T14:55:14" hostname="localhost" tests="5" failures="0" errors="0" skipped="0" flaky="0" time="0.035">
		<testcase name="test_player_sprite_frames_include_hurt_death_and_revive_assets" classname="player_hurt_death_revive_animation_test" time="0.002">
		</testcase>
		<testcase name="test_player_animation_assets_follow_project_pipeline_paths" classname="player_hurt_death_revive_animation_test" time="0.008">
		</testcase>
		<testcase name="test_player_damage_states_play_hurt_and_death_animations" classname="player_hurt_death_revive_animation_test" time="0.008">
		</testcase>
		<testcase name="test_player_respawn_plays_revive_animation_and_keeps_invincibility_flash" classname="player_hurt_death_revive_animation_test" time="0.006">
		</testcase>
		<testcase name="test_player_hurt_death_and_revive_are_not_immediately_overridden" classname="player_hurt_death_revive_animation_test" time="0.006">
		</testcase>
	</testsuite>
	<testsuite id="9" name="player_air_animation_test" package="tests/unit/gameplay" timestamp="2026-06-24T14:55:14" hostname="localhost" tests="8" failures="0" errors="0" skipped="0" flaky="0" time="0.056">
		<testcase name="test_player_sprite_frames_include_jump_and_fall_assets" classname="player_air_animation_test" time="0.001">
		</testcase>
		<testcase name="test_air_animation_assets_follow_project_pipeline_paths" classname="player_air_animation_test" time="0.007">
		</testcase>
		<testcase name="test_upward_air_velocity_plays_jump_animation" classname="player_air_animation_test" time="0.006">
		</testcase>
		<testcase name="test_upward_velocity_prefers_jump_during_floor_contact_cache" classname="player_air_animation_test" time="0.007">
		</testcase>
		<testcase name="test_downward_air_velocity_plays_fall_animation" classname="player_air_animation_test" time="0.006">
		</testcase>
		<testcase name="test_air_animation_does_not_override_locked_damage_state" classname="player_air_animation_test" time="0.006">
		</testcase>
		<testcase name="test_air_animation_does_not_override_attack_state" classname="player_air_animation_test" time="0.006">
		</testcase>
		<testcase name="test_air_animation_does_not_override_dodge_state" classname="player_air_animation_test" time="0.006">
		</testcase>
	</testsuite>
	<testsuite id="10" name="simple_enemy_character_animation_test" package="tests/unit/gameplay" timestamp="2026-06-24T14:55:14" hostname="localhost" tests="3" failures="0" errors="0" skipped="0" flaky="0" time="0.021">
		<testcase name="test_enemy_uses_shadow_beast_animated_sprite_frames" classname="simple_enemy_character_animation_test" time="0.002">
		</testcase>
		<testcase name="test_enemy_animation_assets_follow_project_pipeline_paths" classname="simple_enemy_character_animation_test" time="0.007">
		</testcase>
		<testcase name="test_enemy_damage_states_play_hurt_and_death_animations" classname="simple_enemy_character_animation_test" time="0.005">
		</testcase>
	</testsuite>
</testsuites>
