<?xml version="1.0" encoding="UTF-8" ?>
<testsuites id="2026-06-25" name="report_540" tests="15" failures="6" skipped="0" flaky="0" time="0.000">
	<testsuite id="0" name="audio_system_test" package="tests/unit/presentation" timestamp="2026-06-25T07:27:36" hostname="localhost" tests="15" failures="6" errors="1" skipped="0" flaky="0" time="0.047">
		<testcase name="test_project_registers_audio_system_between_input_and_save_system" classname="audio_system_test" time="0.007">
		</testcase>
		<testcase name="test_audio_system_initializes_default_buses_and_player_pool" classname="audio_system_test" time="0.003">
		</testcase>
		<testcase name="test_set_bus_volume_clamps_values_and_rejects_unknown_bus" classname="audio_system_test" time="0.003">
		</testcase>
		<testcase name="test_play_sfx_records_pitch_spatial_metadata_and_enforces_voice_cap" classname="audio_system_test" time="0.003">
		</testcase>
		<testcase name="test_missing_sfx_asset_does_not_consume_pool_voice" classname="audio_system_test" time="0.006">
		</testcase>
		<testcase name="test_default_core_combat_sfx_assets_load_and_play_from_imported_wav_files" classname="audio_system_test" time="0.006">
			<error message="ERROR: res://tests/unit/presentation/audio_system_test.gd:174" type="ABORT">
<![CDATA[
Godot Runtime Error !
Error: 'Invalid access to property or key 'stream' on a base object of type 'null instance'.'
	at res://tests/unit/presentation/audio_system_test.gd:174
]]>
			</error>
			<failure message="FAILED: res://tests/unit/presentation/audio_system_test.gd:164" type="FAILURE">
<![CDATA[
Expecting contains elements:
 '<empty>'
 do contains (in any order)
 '[&"sfx_claw_attack"]'
but could not find elements:
 '[&"sfx_claw_attack"]'
]]>
			</failure>
			<failure message="FAILED: res://tests/unit/presentation/audio_system_test.gd:165" type="FAILURE">
<![CDATA[
Expecting:
 'res://assets/audio/sfx/sfx_claw_attack.wav'
 but was
 'res://assets/audio/sfx/sfx_claw_attack.wav'
]]>
			</failure>
			<failure message="FAILED: res://tests/unit/presentation/audio_system_test.gd:167" type="FAILURE">
<![CDATA[
Expecting: 'true' but is 'false'
]]>
			</failure>
			<failure message="FAILED: res://tests/unit/presentation/audio_system_test.gd:170" type="FAILURE">
<![CDATA[
Expecting: 'true' but is 'false'
]]>
			</failure>
			<failure message="FAILED: res://tests/unit/presentation/audio_system_test.gd:171" type="FAILURE">
<![CDATA[
Expecting to be greater than or equal:
 '0' but was '-1'
]]>
			</failure>
			<failure message="FAILED: res://tests/unit/presentation/audio_system_test.gd:173" type="FAILURE">
<![CDATA[
Expecting: not to be '<null>'
]]>
			</failure>
		</testcase>
	</testsuite>
</testsuites>
