<?xml version="1.0" encoding="UTF-8" ?>
<testsuites id="2026-06-23" name="report_275" tests="5" failures="1" skipped="0" flaky="0" time="0.000">
	<testsuite id="0" name="story_001_weapon_config_catalog_test" package="tests/unit/weapon" timestamp="2026-06-23T14:01:28" hostname="localhost" tests="5" failures="1" errors="1" skipped="0" flaky="0" time="0.020">
		<testcase name="test_weapon_component_and_config_scripts_exist" classname="story_001_weapon_config_catalog_test" time="0.009">
			<error message="ERROR: res://tests/unit/weapon/story_001_weapon_config_catalog_test.gd:44" type="ABORT">
<![CDATA[
Godot Runtime Error !
Error: 'Compile Error: Identifier not found: WeaponConfig'
	at res://tests/unit/weapon/story_001_weapon_config_catalog_test.gd:44
]]>
			</error>
		</testcase>
		<testcase name="test_weapon_config_data_validates_and_manifest_registers_domain" classname="story_001_weapon_config_catalog_test" time="0.003">
		</testcase>
		<testcase name="test_catalog_defines_four_weapons_in_swap_order" classname="story_001_weapon_config_catalog_test" time="0.003">
			<failure message="FAILED: res://tests/unit/weapon/story_001_weapon_config_catalog_test.gd:109" type="FAILURE">
<![CDATA[
WeaponComponent script must exist at res://src/core/weapon_component.gd
]]>
			</failure>
		</testcase>
	</testsuite>
</testsuites>
