<?xml version="1.0" encoding="UTF-8" ?>
<testsuites id="2026-06-26" name="report_705" tests="3" failures="0" skipped="0" flaky="0" time="0.000">
	<testsuite id="0" name="exploration_gate_unlock_feedback_test" package="tests/unit/gameplay" timestamp="2026-06-26T04:03:50" hostname="localhost" tests="3" failures="0" errors="0" skipped="0" flaky="0" time="0.057">
		<testcase name="test_dash_gate_unlock_spawns_generated_vfx_and_routes_audio_once" classname="exploration_gate_unlock_feedback_test" time="0.033">
		</testcase>
		<testcase name="test_double_jump_gate_unlock_uses_same_generated_feedback_contract" classname="exploration_gate_unlock_feedback_test" time="0.006">
		</testcase>
		<testcase name="test_restored_unlocked_gates_do_not_replay_vfx_or_sfx" classname="exploration_gate_unlock_feedback_test" time="0.010">
		</testcase>
	</testsuite>
</testsuites>
