<?xml version="1.0" encoding="UTF-8" ?>
<testsuites id="2026-06-30" name="report_877" tests="31" failures="0" skipped="0" flaky="0" time="0.000">
	<testsuite id="0" name="boss2_phase_two_runtime_test" package="tests/unit/gameplay" timestamp="2026-06-30T08:15:25" hostname="localhost" tests="3" failures="0" errors="0" skipped="0" flaky="0" time="0.062">
		<testcase name="test_boss2_half_hp_enters_phase_two_and_updates_hud" classname="boss2_phase_two_runtime_test" time="0.043">
		</testcase>
		<testcase name="test_boss2_phase_two_raises_pressure_and_routes_phase_feedback" classname="boss2_phase_two_runtime_test" time="0.006">
		</testcase>
		<testcase name="test_boss2_phase_two_waits_for_current_attack_chain_to_finish" classname="boss2_phase_two_runtime_test" time="0.006">
		</testcase>
	</testsuite>
	<testsuite id="1" name="audio_system_boss2_phase_mix_test" package="tests/unit/presentation" timestamp="2026-06-30T08:15:25" hostname="localhost" tests="1" failures="0" errors="0" skipped="0" flaky="0" time="0.006">
		<testcase name="test_boss2_phase_music_cues_are_registered_and_transition_with_phase_sfx" classname="audio_system_boss2_phase_mix_test" time="0.003">
		</testcase>
	</testsuite>
	<testsuite id="2" name="boss2_echo_guardian_telegraph_strike_test" package="tests/unit/gameplay" timestamp="2026-06-30T08:15:25" hostname="localhost" tests="4" failures="0" errors="0" skipped="0" flaky="0" time="0.030">
		<testcase name="test_boss2_echo_swipe_startup_then_active_hitbox_damages_player_once" classname="boss2_echo_guardian_telegraph_strike_test" time="0.007">
		</testcase>
		<testcase name="test_boss2_echo_swipe_recovers_and_defeat_preserves_reward_path" classname="boss2_echo_guardian_telegraph_strike_test" time="0.005">
		</testcase>
		<testcase name="test_player_hit_target_2200_resolves_weapon_effects_to_boss2" classname="boss2_echo_guardian_telegraph_strike_test" time="0.004">
		</testcase>
		<testcase name="test_restored_boss2_defeated_flag_disables_hidden_threat" classname="boss2_echo_guardian_telegraph_strike_test" time="0.005">
		</testcase>
	</testsuite>
	<testsuite id="3" name="boss2_arena_bounds_reset_runtime_test" package="tests/unit/gameplay" timestamp="2026-06-30T08:15:25" hostname="localhost" tests="5" failures="0" errors="0" skipped="0" flaky="0" time="0.037">
		<testcase name="test_boss2_chase_clamps_inside_local_arena_bounds" classname="boss2_arena_bounds_reset_runtime_test" time="0.006">
		</testcase>
		<testcase name="test_boss2_leash_return_moves_back_to_anchor_and_settles_idle" classname="boss2_arena_bounds_reset_runtime_test" time="0.005">
		</testcase>
		<testcase name="test_boss2_reset_encounter_restores_arena_anchor_and_clears_pressure" classname="boss2_arena_bounds_reset_runtime_test" time="0.005">
		</testcase>
		<testcase name="test_main_scene_boss_arena_reset_restores_live_boss2_entry_snapshot" classname="boss2_arena_bounds_reset_runtime_test" time="0.005">
		</testcase>
		<testcase name="test_boss2_defeated_progress_is_not_revived_by_arena_reset" classname="boss2_arena_bounds_reset_runtime_test" time="0.005">
		</testcase>
	</testsuite>
	<testsuite id="4" name="boss2_double_jump_payoff_runtime_test" package="tests/unit/gameplay" timestamp="2026-06-30T08:15:25" hostname="localhost" tests="3" failures="0" errors="0" skipped="0" flaky="0" time="0.036">
		<testcase name="test_boss2_echo_guardian_character_assets_follow_frame_animation_rules" classname="boss2_double_jump_payoff_runtime_test" time="0.001">
		</testcase>
		<testcase name="test_boss2_defeat_opens_double_jump_reward_and_syncs_gate_save_state" classname="boss2_double_jump_payoff_runtime_test" time="0.015">
		</testcase>
		<testcase name="test_boss2_payoff_is_idempotent_with_hidden_double_jump_path_and_restore" classname="boss2_double_jump_payoff_runtime_test" time="0.013">
		</testcase>
	</testsuite>
	<testsuite id="5" name="boss2_arena_camera_lock_runtime_test" package="tests/unit/gameplay" timestamp="2026-06-30T08:15:25" hostname="localhost" tests="4" failures="0" errors="0" skipped="0" flaky="0" time="0.028">
		<testcase name="test_active_boss2_applies_room_camera_lock_and_diagnostics" classname="boss2_arena_camera_lock_runtime_test" time="0.006">
		</testcase>
		<testcase name="test_boss2_defeated_progress_releases_camera_to_default_framing" classname="boss2_arena_camera_lock_runtime_test" time="0.005">
		</testcase>
		<testcase name="test_restore_save_snapshot_with_defeated_boss2_releases_camera_lock" classname="boss2_arena_camera_lock_runtime_test" time="0.005">
		</testcase>
		<testcase name="test_camera_release_preserves_combat_presentation_offset_ownership" classname="boss2_arena_camera_lock_runtime_test" time="0.005">
		</testcase>
	</testsuite>
	<testsuite id="6" name="boss2_room_seal_runtime_test" package="tests/unit/gameplay" timestamp="2026-06-30T08:15:25" hostname="localhost" tests="3" failures="0" errors="0" skipped="0" flaky="0" time="0.021">
		<testcase name="test_active_boss2_room_seals_are_visible_and_blocking" classname="boss2_room_seal_runtime_test" time="0.005">
		</testcase>
		<testcase name="test_defeated_progress_opens_boss2_room_seals_without_hiding_reward" classname="boss2_room_seal_runtime_test" time="0.005">
		</testcase>
		<testcase name="test_restored_defeated_progress_keeps_boss2_room_seals_open" classname="boss2_room_seal_runtime_test" time="0.005">
		</testcase>
	</testsuite>
	<testsuite id="7" name="boss2_hud_focus_runtime_test" package="tests/unit/gameplay" timestamp="2026-06-30T08:15:25" hostname="localhost" tests="4" failures="0" errors="0" skipped="0" flaky="0" time="0.028">
		<testcase name="test_boss2_hud_focuses_echo_guardian_on_main_scene_start" classname="boss2_hud_focus_runtime_test" time="0.005">
		</testcase>
		<testcase name="test_boss2_damage_updates_hud_and_rat_king_health_does_not_override_focus" classname="boss2_hud_focus_runtime_test" time="0.006">
		</testcase>
		<testcase name="test_boss2_defeat_and_restored_flag_hand_hud_back_to_rat_king" classname="boss2_hud_focus_runtime_test" time="0.005">
		</testcase>
		<testcase name="test_restored_boss2_defeated_flag_immediately_hands_hud_back_to_rat_king" classname="boss2_hud_focus_runtime_test" time="0.006">
		</testcase>
	</testsuite>
	<testsuite id="8" name="boss2_hud_hit_feedback_arena_visual_runtime_test" package="tests/unit/gameplay" timestamp="2026-06-30T08:15:25" hostname="localhost" tests="2" failures="0" errors="0" skipped="0" flaky="0" time="0.016">
		<testcase name="test_boss2_arena_frame_uses_authored_transparent_environment_asset" classname="boss2_hud_hit_feedback_arena_visual_runtime_test" time="0.005">
		</testcase>
		<testcase name="test_boss2_damage_triggers_short_hud_hit_flash_without_losing_focus" classname="boss2_hud_hit_feedback_arena_visual_runtime_test" time="0.005">
		</testcase>
	</testsuite>
	<testsuite id="9" name="boss2_hud_portrait_runtime_test" package="tests/unit/gameplay" timestamp="2026-06-30T08:15:25" hostname="localhost" tests="2" failures="0" errors="0" skipped="0" flaky="0" time="0.014">
		<testcase name="test_boss2_focus_shows_authored_hud_portrait" classname="boss2_hud_portrait_runtime_test" time="0.005">
		</testcase>
		<testcase name="test_boss2_defeated_hands_off_without_stale_portrait" classname="boss2_hud_portrait_runtime_test" time="0.005">
		</testcase>
	</testsuite>
</testsuites>
