<?xml version="1.0" encoding="UTF-8" ?>
<testsuites id="2026-06-25" name="report_536" tests="19" failures="0" skipped="0" flaky="0" time="0.000">
	<testsuite id="0" name="audio_system_test" package="tests/unit/presentation" timestamp="2026-06-25T06:59:57" hostname="localhost" tests="14" failures="0" errors="0" skipped="0" flaky="0" time="0.120">
		<testcase name="test_project_registers_audio_system_between_input_and_save_system" classname="audio_system_test" time="0.010">
		</testcase>
		<testcase name="test_audio_system_initializes_default_buses_and_player_pool" classname="audio_system_test" time="0.004">
		</testcase>
		<testcase name="test_set_bus_volume_clamps_values_and_rejects_unknown_bus" classname="audio_system_test" time="0.011">
		</testcase>
		<testcase name="test_play_sfx_records_pitch_spatial_metadata_and_enforces_voice_cap" classname="audio_system_test" time="0.004">
		</testcase>
		<testcase name="test_missing_sfx_asset_does_not_consume_pool_voice" classname="audio_system_test" time="0.003">
		</testcase>
		<testcase name="test_music_and_ambient_requests_are_safe_without_assets" classname="audio_system_test" time="0.002">
		</testcase>
		<testcase name="test_scene_load_start_forces_music_and_ambient_to_fade_out_over_two_seconds" classname="audio_system_test" time="0.007">
		</testcase>
		<testcase name="test_scene_change_crossfades_default_area_music_and_ambient_cues" classname="audio_system_test" time="0.006">
		</testcase>
		<testcase name="test_scene_audio_cues_can_be_overridden_and_unknown_scene_stays_silent" classname="audio_system_test" time="0.005">
		</testcase>
		<testcase name="test_scene_load_failed_clears_transition_state_without_starting_new_cues" classname="audio_system_test" time="0.007">
		</testcase>
		<testcase name="test_hit_event_routes_normal_and_crit_sfx_with_priority" classname="audio_system_test" time="0.004">
		</testcase>
		<testcase name="test_parry_dodge_enemy_death_and_boss_phase_events_route_to_expected_sfx" classname="audio_system_test" time="0.007">
		</testcase>
		<testcase name="test_boss_music_state_hard_cuts_phase_transitions_and_ends_cleanly" classname="audio_system_test" time="0.008">
		</testcase>
		<testcase name="test_focus_mode_switches_damage_taken_to_low_hp_cue" classname="audio_system_test" time="0.005">
		</testcase>
	</testsuite>
	<testsuite id="1" name="main_scene_audio_event_adapter_test" package="tests/unit/gameplay" timestamp="2026-06-25T06:59:58" hostname="localhost" tests="5" failures="0" errors="0" skipped="0" flaky="0" time="0.161">
		<testcase name="test_player_attack_and_weapon_start_events_route_to_audio_system" classname="main_scene_audio_event_adapter_test" time="0.084">
		</testcase>
		<testcase name="test_enemy_damage_and_player_dodge_events_route_to_audio_system" classname="main_scene_audio_event_adapter_test" time="0.021">
		</testcase>
		<testcase name="test_focus_enemy_defeat_and_boss_phase_events_route_to_audio_system" classname="main_scene_audio_event_adapter_test" time="0.020">
		</testcase>
		<testcase name="test_rat_king_boss_music_start_and_end_events_route_to_audio_system" classname="main_scene_audio_event_adapter_test" time="0.015">
		</testcase>
		<testcase name="test_incomplete_audio_system_does_not_block_existing_gameplay_presentation" classname="main_scene_audio_event_adapter_test" time="0.006">
		</testcase>
	</testsuite>
</testsuites>
