<?xml version="1.0" encoding="UTF-8" ?>
<testsuites id="2026-06-25" name="report_531" tests="4" failures="0" skipped="0" flaky="0" time="0.000">
	<testsuite id="0" name="rat_king_arena_vfx_polish_test" package="tests/unit/gameplay" timestamp="2026-06-25T04:37:29" hostname="localhost" tests="4" failures="0" errors="0" skipped="0" flaky="0" time="0.048">
		<testcase name="test_arena_mutations_spawn_generated_vfx_layers" classname="rat_king_arena_vfx_polish_test" time="0.031">
		</testcase>
		<testcase name="test_electric_leak_has_hazard_glow_and_spark_roles" classname="rat_king_arena_vfx_polish_test" time="0.004">
		</testcase>
		<testcase name="test_reapplying_arena_changes_does_not_duplicate_vfx_children" classname="rat_king_arena_vfx_polish_test" time="0.003">
		</testcase>
		<testcase name="test_cleanup_and_reapply_restores_vfx_layers" classname="rat_king_arena_vfx_polish_test" time="0.004">
		</testcase>
	</testsuite>
</testsuites>
