<?xml version="1.0" encoding="UTF-8" ?>
<testsuites id="2026-07-06" name="report_1130" tests="2" failures="0" skipped="0" flaky="0" time="0.000">
	<testsuite id="0" name="old_factory_lower_deck_forward_pressure_route_handoff_marker_test" package="tests/unit/gameplay" timestamp="2026-07-06T07:31:55" hostname="localhost" tests="2" failures="0" errors="0" skipped="0" flaky="0" time="0.306">
		<testcase name="test_route_handoff_marker_requires_exit_gate_open_and_becomes_visible" classname="old_factory_lower_deck_forward_pressure_route_handoff_marker_test" time="0.240">
		</testcase>
		<testcase name="test_route_handoff_marker_persists_without_replaying_completed_chain" classname="old_factory_lower_deck_forward_pressure_route_handoff_marker_test" time="0.058">
		</testcase>
	</testsuite>
</testsuites>
