<?xml version="1.0" encoding="UTF-8" ?>
<testsuites id="2026-06-24" name="report_327" tests="37" failures="0" skipped="0" flaky="0" time="0.000">
	<testsuite id="0" name="story_001_weapon_config_catalog_test" package="tests/unit/weapon" timestamp="2026-06-23T17:45:11" hostname="localhost" tests="5" failures="0" errors="0" skipped="0" flaky="0" time="0.029">
		<testcase name="test_weapon_component_and_config_scripts_exist" classname="story_001_weapon_config_catalog_test" time="0.005">
		</testcase>
		<testcase name="test_weapon_config_data_validates_and_manifest_registers_domain" classname="story_001_weapon_config_catalog_test" time="0.002">
		</testcase>
		<testcase name="test_catalog_defines_four_weapons_in_swap_order" classname="story_001_weapon_config_catalog_test" time="0.002">
		</testcase>
		<testcase name="test_weapon_configs_expose_gdd_metadata" classname="story_001_weapon_config_catalog_test" time="0.005">
		</testcase>
		<testcase name="test_default_weapon_and_cat_claw_level_three_damage_query" classname="story_001_weapon_config_catalog_test" time="0.007">
		</testcase>
	</testsuite>
	<testsuite id="1" name="story_002_weapon_upgrade_serialization_test" package="tests/unit/weapon" timestamp="2026-06-23T17:45:11" hostname="localhost" tests="5" failures="0" errors="0" skipped="0" flaky="0" time="0.034">
		<testcase name="test_all_weapons_start_at_level_one_with_next_damage_preview" classname="story_002_weapon_upgrade_serialization_test" time="0.003">
		</testcase>
		<testcase name="test_upgrade_weapon_increments_until_level_five_and_emits_signal" classname="story_002_weapon_upgrade_serialization_test" time="0.007">
		</testcase>
		<testcase name="test_invalid_upgrade_requests_are_rejected_without_state_change" classname="story_002_weapon_upgrade_serialization_test" time="0.006">
		</testcase>
		<testcase name="test_serialize_and_deserialize_restore_current_weapon_and_levels" classname="story_002_weapon_upgrade_serialization_test" time="0.007">
		</testcase>
		<testcase name="test_deserialize_clamps_invalid_indices_and_ignores_unknown_weapons" classname="story_002_weapon_upgrade_serialization_test" time="0.007">
		</testcase>
	</testsuite>
	<testsuite id="2" name="story_003_weapon_swap_state_machine_test" package="tests/unit/weapon" timestamp="2026-06-23T17:45:11" hostname="localhost" tests="6" failures="0" errors="0" skipped="0" flaky="0" time="0.042">
		<testcase name="test_request_swap_starts_uncancellable_half_second_swap" classname="story_003_weapon_swap_state_machine_test" time="0.002">
		</testcase>
		<testcase name="test_request_swap_is_rejected_while_combat_is_attacking" classname="story_003_weapon_swap_state_machine_test" time="0.005">
		</testcase>
		<testcase name="test_completed_swaps_cycle_through_all_weapon_styles" classname="story_003_weapon_swap_state_machine_test" time="0.007">
		</testcase>
		<testcase name="test_completed_swap_emits_changed_weapon_signal" classname="story_003_weapon_swap_state_machine_test" time="0.006">
		</testcase>
		<testcase name="test_missing_optional_combat_hooks_still_completes_swap" classname="story_003_weapon_swap_state_machine_test" time="0.006">
		</testcase>
		<testcase name="test_completed_swap_resets_real_combat_dodge_cooldown_hook" classname="story_003_weapon_swap_state_machine_test" time="0.006">
		</testcase>
	</testsuite>
	<testsuite id="3" name="story_004_special_attack_gates_test" package="tests/unit/weapon" timestamp="2026-06-23T17:45:11" hostname="localhost" tests="4" failures="0" errors="0" skipped="0" flaky="0" time="0.027">
		<testcase name="test_each_weapon_exposes_special_id_cooldown_and_energy_cost" classname="story_004_special_attack_gates_test" time="0.003">
		</testcase>
		<testcase name="test_insufficient_cat_energy_rejects_special_and_emits_required_energy" classname="story_004_special_attack_gates_test" time="0.005">
		</testcase>
		<testcase name="test_active_cooldown_rejects_special_and_emits_remaining_cooldown" classname="story_004_special_attack_gates_test" time="0.007">
		</testcase>
		<testcase name="test_passing_gates_consumes_cat_energy_starts_cooldown_and_emits_start_signal" classname="story_004_special_attack_gates_test" time="0.006">
		</testcase>
	</testsuite>
	<testsuite id="4" name="story_005_cat_claw_counter_crit_test" package="tests/unit/weapon" timestamp="2026-06-23T17:45:11" hostname="localhost" tests="4" failures="0" errors="0" skipped="0" flaky="0" time="0.027">
		<testcase name="test_cat_claw_dodge_completion_opens_half_second_counter_window" classname="story_005_cat_claw_counter_crit_test" time="0.003">
		</testcase>
		<testcase name="test_qualifying_cat_claw_hit_injects_bonus_and_consumes_counter_window" classname="story_005_cat_claw_counter_crit_test" time="0.006">
		</testcase>
		<testcase name="test_non_cat_claw_weapon_does_not_open_counter_bonus" classname="story_005_cat_claw_counter_crit_test" time="0.006">
		</testcase>
		<testcase name="test_damage_calculator_treats_claw_counter_bonus_as_perfect_window_extension" classname="story_005_cat_claw_counter_crit_test" time="0.006">
		</testcase>
	</testsuite>
	<testsuite id="5" name="story_007_hit_confirmation_focus_damage_metadata_test" package="tests/unit/combat" timestamp="2026-06-23T17:45:12" hostname="localhost" tests="5" failures="0" errors="0" skipped="0" flaky="0" time="0.034">
		<testcase name="test_collision_adapter_hit_builds_attack_metadata_and_grants_light_energy" classname="story_007_hit_confirmation_focus_damage_metadata_test" time="0.002">
		</testcase>
		<testcase name="test_focus_mode_adds_one_crit_window_bonus_without_stacking" classname="story_007_hit_confirmation_focus_damage_metadata_test" time="0.004">
		</testcase>
		<testcase name="test_missing_adapters_still_emit_hit_metadata_safely" classname="story_007_hit_confirmation_focus_damage_metadata_test" time="0.006">
		</testcase>
		<testcase name="test_damage_and_health_adapters_receive_confirmed_hit_payload" classname="story_007_hit_confirmation_focus_damage_metadata_test" time="0.008">
		</testcase>
		<testcase name="test_battle_stats_track_hit_damage_parry_dodge_and_cat_energy_snapshot" classname="story_007_hit_confirmation_focus_damage_metadata_test" time="0.005">
		</testcase>
	</testsuite>
	<testsuite id="6" name="story_003_special_modifiers_test" package="tests/unit/damage" timestamp="2026-06-23T17:45:12" hostname="localhost" tests="6" failures="0" errors="0" skipped="0" flaky="0" time="0.042">
		<testcase name="test_cat_claw_special_floors_each_hit_before_summing" classname="story_003_special_modifiers_test" time="0.002">
		</testcase>
		<testcase name="test_long_tail_special_uses_single_perfect_crit_and_ignores_combo" classname="story_003_special_modifiers_test" time="0.006">
		</testcase>
		<testcase name="test_skill_weapon_bonus_replaces_weapon_base_before_dc_f1" classname="story_003_special_modifiers_test" time="0.006">
		</testcase>
		<testcase name="test_charm_and_focus_extend_perfect_crit_window_without_changing_multiplier" classname="story_003_special_modifiers_test" time="0.006">
		</testcase>
		<testcase name="test_heavy_attack_type_uses_third_path_without_combo_or_parry" classname="story_003_special_modifiers_test" time="0.006">
		</testcase>
		<testcase name="test_unknown_attack_type_falls_back_to_neutral_multiplier" classname="story_003_special_modifiers_test" time="0.006">
		</testcase>
	</testsuite>
	<testsuite id="7" name="main_scene_weapon_swap_runtime_test" package="tests/unit/gameplay" timestamp="2026-06-23T17:45:12" hostname="localhost" tests="2" failures="0" errors="0" skipped="0" flaky="0" time="0.039">
		<testcase name="test_weapon_swap_action_is_registered_for_runtime_input" classname="main_scene_weapon_swap_runtime_test" time="0.032">
		</testcase>
		<testcase name="test_runtime_weapon_swap_updates_progress_state_and_hud_after_half_second" classname="main_scene_weapon_swap_runtime_test" time="0.003">
		</testcase>
	</testsuite>
</testsuites>
