<?xml version="1.0" encoding="UTF-8" ?>
<testsuites id="2026-06-26" name="report_676" tests="4" failures="0" skipped="0" flaky="0" time="0.000">
	<testsuite id="0" name="old_factory_deep_guard_activation_pacing_test" package="tests/unit/gameplay" timestamp="2026-06-26T00:53:24" hostname="localhost" tests="4" failures="0" errors="0" skipped="0" flaky="0" time="0.199">
		<testcase name="test_deep_guard_stays_idle_until_player_reaches_route_pressure_point" classname="old_factory_deep_guard_activation_pacing_test" time="0.095">
		</testcase>
		<testcase name="test_deep_guard_activates_once_after_player_crosses_pressure_point" classname="old_factory_deep_guard_activation_pacing_test" time="0.030">
		</testcase>
		<testcase name="test_deep_guard_activation_restores_without_unlocking_endpoint" classname="old_factory_deep_guard_activation_pacing_test" time="0.028">
		</testcase>
		<testcase name="test_activated_guard_defeat_still_unlocks_deep_route_endpoint" classname="old_factory_deep_guard_activation_pacing_test" time="0.042">
		</testcase>
	</testsuite>
</testsuites>
