<?xml version="1.0" encoding="UTF-8" ?>
<testsuites id="2026-07-09" name="report_1184" tests="20" failures="0" skipped="0" flaky="0" time="0.000">
	<testsuite id="0" name="old_factory_lower_deck_forward_pressure_aftershock_exit_skirmish_test" package="tests/unit/gameplay" timestamp="2026-07-08T19:55:34" hostname="localhost" tests="3" failures="0" errors="0" skipped="0" flaky="0" time="0.404">
		<testcase name="test_aftershock_exit_skirmish_requires_cache_claim_and_activates_dual_contract" classname="old_factory_lower_deck_forward_pressure_aftershock_exit_skirmish_test" time="0.266">
		</testcase>
		<testcase name="test_aftershock_exit_skirmish_defeat_persists_without_replaying_route_chain" classname="old_factory_lower_deck_forward_pressure_aftershock_exit_skirmish_test" time="0.068">
		</testcase>
		<testcase name="test_aftershock_exit_skirmish_unlocks_on_live_aftershock_cache_claim" classname="old_factory_lower_deck_forward_pressure_aftershock_exit_skirmish_test" time="0.062">
		</testcase>
	</testsuite>
	<testsuite id="1" name="old_factory_lower_deck_forward_pressure_aftershock_reward_cache_test" package="tests/unit/gameplay" timestamp="2026-07-08T19:55:34" hostname="localhost" tests="3" failures="0" errors="0" skipped="0" flaky="0" time="0.202">
		<testcase name="test_aftershock_reward_cache_requires_aftershock_clear_and_keeps_lift_optional" classname="old_factory_lower_deck_forward_pressure_aftershock_reward_cache_test" time="0.067">
		</testcase>
		<testcase name="test_aftershock_reward_cache_claim_persists_without_replaying_forward_chain" classname="old_factory_lower_deck_forward_pressure_aftershock_reward_cache_test" time="0.064">
		</testcase>
		<testcase name="test_aftershock_reward_cache_unlocks_on_live_aftershock_defeat" classname="old_factory_lower_deck_forward_pressure_aftershock_reward_cache_test" time="0.060">
		</testcase>
	</testsuite>
	<testsuite id="2" name="old_factory_lower_deck_forward_pressure_coil_aftershock_test" package="tests/unit/gameplay" timestamp="2026-07-08T19:55:35" hostname="localhost" tests="2" failures="0" errors="0" skipped="0" flaky="0" time="0.135">
		<testcase name="test_coil_aftershock_requires_pincer_clear_and_activates_runtime_contract" classname="old_factory_lower_deck_forward_pressure_coil_aftershock_test" time="0.064">
		</testcase>
		<testcase name="test_coil_aftershock_defeat_persists_without_replaying_route_chain" classname="old_factory_lower_deck_forward_pressure_coil_aftershock_test" time="0.064">
		</testcase>
	</testsuite>
	<testsuite id="3" name="old_factory_lower_deck_forward_pressure_coil_pincer_test" package="tests/unit/gameplay" timestamp="2026-07-08T19:55:35" hostname="localhost" tests="2" failures="0" errors="0" skipped="0" flaky="0" time="0.139">
		<testcase name="test_coil_pincer_requires_coil_rat_clear_and_activates_dual_runtime_contract" classname="old_factory_lower_deck_forward_pressure_coil_pincer_test" time="0.064">
		</testcase>
		<testcase name="test_coil_pincer_defeat_persists_without_replaying_route_chain" classname="old_factory_lower_deck_forward_pressure_coil_pincer_test" time="0.069">
		</testcase>
	</testsuite>
	<testsuite id="4" name="old_factory_lower_deck_forward_pressure_coil_rat_breakthrough_test" package="tests/unit/gameplay" timestamp="2026-07-08T19:55:35" hostname="localhost" tests="2" failures="0" errors="0" skipped="0" flaky="0" time="0.137">
		<testcase name="test_coil_rat_requires_relief_clear_and_activates_runtime_contract" classname="old_factory_lower_deck_forward_pressure_coil_rat_breakthrough_test" time="0.064">
		</testcase>
		<testcase name="test_coil_rat_defeat_persists_without_replaying_route_chain" classname="old_factory_lower_deck_forward_pressure_coil_rat_breakthrough_test" time="0.066">
		</testcase>
	</testsuite>
	<testsuite id="5" name="old_factory_lower_deck_forward_pressure_relief_ambush_test" package="tests/unit/gameplay" timestamp="2026-07-08T19:55:35" hostname="localhost" tests="2" failures="0" errors="0" skipped="0" flaky="0" time="0.134">
		<testcase name="test_relief_requires_breaker_cut_and_activates_enemy_hazard" classname="old_factory_lower_deck_forward_pressure_relief_ambush_test" time="0.064">
		</testcase>
		<testcase name="test_relief_defeat_persists_without_replaying_route_chain" classname="old_factory_lower_deck_forward_pressure_relief_ambush_test" time="0.065">
		</testcase>
	</testsuite>
	<testsuite id="6" name="old_factory_lower_deck_forward_pressure_exit_relay_test" package="tests/unit/gameplay" timestamp="2026-07-08T19:55:35" hostname="localhost" tests="2" failures="0" errors="0" skipped="0" flaky="0" time="0.139">
		<testcase name="test_forward_pressure_exit_relay_requires_exit_guard_defeat_and_preserves_lift" classname="old_factory_lower_deck_forward_pressure_exit_relay_test" time="0.066">
		</testcase>
		<testcase name="test_forward_pressure_exit_relay_persists_and_respawns_without_replaying_chain" classname="old_factory_lower_deck_forward_pressure_exit_relay_test" time="0.064">
		</testcase>
	</testsuite>
	<testsuite id="7" name="old_factory_service_lift_scene_manager_exit_test" package="tests/unit/gameplay" timestamp="2026-07-08T19:55:35" hostname="localhost" tests="2" failures="0" errors="0" skipped="0" flaky="0" time="0.164">
		<testcase name="test_service_lift_requests_main_scrap_roost_exit_after_factory_route_clear" classname="old_factory_service_lift_scene_manager_exit_test" time="0.076">
		</testcase>
		<testcase name="test_service_lift_does_not_activate_when_scene_manager_rejects_exit" classname="old_factory_service_lift_scene_manager_exit_test" time="0.083">
		</testcase>
	</testsuite>
	<testsuite id="8" name="no_loss_respawn_state_contract_test" package="tests/unit/gameplay" timestamp="2026-07-08T19:55:35" hostname="localhost" tests="2" failures="0" errors="0" skipped="0" flaky="0" time="0.013">
		<testcase name="test_death_respawn_restores_currency_inventory_weapons_and_world_flags" classname="no_loss_respawn_state_contract_test" time="0.005">
		</testcase>
		<testcase name="test_no_loss_contract_keeps_health_restore_owned_by_revive_percentage" classname="no_loss_respawn_state_contract_test" time="0.002">
		</testcase>
	</testsuite>
</testsuites>
