<?xml version="1.0" encoding="UTF-8" ?>
<testsuites id="2026-07-09" name="report_1198" tests="3" failures="2" skipped="0" flaky="0" time="0.000">
	<testsuite id="0" name="old_factory_lower_deck_forward_pressure_aftershock_exhaust_flank_ambush_test" package="tests/unit/gameplay" timestamp="2026-07-08T22:20:29" hostname="localhost" tests="3" failures="2" errors="0" skipped="0" flaky="0" time="0.364">
		<testcase name="test_flank_ambush_requires_exhaust_pursuer_cache_claim_and_activates_contract" classname="old_factory_lower_deck_forward_pressure_aftershock_exhaust_flank_ambush_test" time="0.355">
			<failure message="FAILED: res://tests/unit/gameplay/old_factory_lower_deck_forward_pressure_aftershock_exhaust_flank_ambush_test.gd:61" type="FAILURE">
<![CDATA[
Expecting: 'true' but is 'false'
]]>
			</failure>
			<failure message="FAILED: res://tests/unit/gameplay/old_factory_lower_deck_forward_pressure_aftershock_exhaust_flank_ambush_test.gd:64" type="FAILURE">
<![CDATA[
Expecting: 'true' but is 'false'
]]>
			</failure>
		</testcase>
	</testsuite>
</testsuites>
