<?xml version="1.0" encoding="UTF-8" ?>
<testsuites id="2026-06-25" name="report_384" tests="5" failures="1" skipped="0" flaky="0" time="0.000">
	<testsuite id="0" name="story_005_async_write_performance_budget_test" package="tests/unit/save" timestamp="2026-06-24T17:16:23" hostname="localhost" tests="5" failures="1" errors="0" skipped="0" flaky="0" time="0.012">
		<testcase name="test_async_manual_save_dispatches_under_budget_and_completes_on_process_poll" classname="story_005_async_write_performance_budget_test" time="0.006">
			<failure message="FAILED: res://tests/unit/save/story_005_async_write_performance_budget_test.gd:140" type="FAILURE">
<![CDATA[
Expecting: 'true' but is 'false'
]]>
			</failure>
		</testcase>
	</testsuite>
</testsuites>
