<?xml version="1.0" encoding="UTF-8" ?>
<testsuites id="2026-06-30" name="report_918" tests="2" failures="0" skipped="0" flaky="0" time="0.000">
	<testsuite id="0" name="factory_route_return_prompt_test" package="tests/unit/gameplay" timestamp="2026-06-30T10:58:17" hostname="localhost" tests="2" failures="0" errors="0" skipped="0" flaky="0" time="0.052">
		<testcase name="test_factory_route_prompt_changes_to_return_after_service_lift_roundtrip" classname="factory_route_return_prompt_test" time="0.042">
		</testcase>
		<testcase name="test_factory_route_prompt_ignores_incomplete_return_state_and_locked_route" classname="factory_route_return_prompt_test" time="0.006">
		</testcase>
	</testsuite>
</testsuites>
