<?xml version="1.0" encoding="UTF-8" ?>
<testsuites id="2026-06-30" name="report_937" tests="3" failures="0" skipped="0" flaky="0" time="0.000">
	<testsuite id="0" name="old_factory_entrance_room_clear_runtime_test" package="tests/unit/gameplay" timestamp="2026-06-30T12:04:56" hostname="localhost" tests="3" failures="0" errors="0" skipped="0" flaky="0" time="0.193">
		<testcase name="test_factory_entrance_has_double_jump_cache_platform_and_generated_cache_prop" classname="old_factory_entrance_room_clear_runtime_test" time="0.119">
		</testcase>
		<testcase name="test_factory_cache_unlocks_after_enemy_defeat_and_claims_once" classname="old_factory_entrance_room_clear_runtime_test" time="0.035">
		</testcase>
		<testcase name="test_factory_cache_state_restores_room_clear_and_claimed_state" classname="old_factory_entrance_room_clear_runtime_test" time="0.035">
		</testcase>
	</testsuite>
</testsuites>
