<?xml version="1.0" encoding="UTF-8" ?>
<testsuites id="2026-06-30" name="report_956" tests="4" failures="0" skipped="0" flaky="0" time="0.000">
	<testsuite id="0" name="story_004_savepoint_respawn_selection_test" package="tests/unit/gameplay" timestamp="2026-06-30T12:30:50" hostname="localhost" tests="4" failures="0" errors="0" skipped="0" flaky="0" time="0.045">
		<testcase name="test_last_discovered_savepoint_is_preferred_and_routed_through_scene_manager" classname="story_004_savepoint_respawn_selection_test" time="0.005">
		</testcase>
		<testcase name="test_missing_or_invalid_savepoint_falls_back_to_clan_base" classname="story_004_savepoint_respawn_selection_test" time="0.002">
		</testcase>
		<testcase name="test_boss_entrance_remains_higher_priority_than_discovered_savepoint" classname="story_004_savepoint_respawn_selection_test" time="0.002">
		</testcase>
		<testcase name="test_main_scene_save_system_round_trips_last_discovered_savepoint" classname="story_004_savepoint_respawn_selection_test" time="0.031">
		</testcase>
	</testsuite>
</testsuites>
