<?xml version="1.0" encoding="UTF-8" ?>
<testsuites id="2026-06-24" name="report_320" tests="4" failures="1" skipped="0" flaky="0" time="0.000">
	<testsuite id="0" name="story_004_special_attack_gates_test" package="tests/unit/weapon" timestamp="2026-06-23T17:32:04" hostname="localhost" tests="4" failures="1" errors="0" skipped="0" flaky="0" time="0.013">
		<testcase name="test_each_weapon_exposes_special_id_cooldown_and_energy_cost" classname="story_004_special_attack_gates_test" time="0.010">
			<failure message="FAILED: res://tests/unit/weapon/story_004_special_attack_gates_test.gd:126" type="FAILURE">
<![CDATA[
Expecting: 'true' but is 'false'
]]>
			</failure>
		</testcase>
	</testsuite>
</testsuites>
