<?xml version="1.0" encoding="UTF-8" ?>
<testsuites id="2026-07-10" name="report_1279" tests="5" failures="2" skipped="0" flaky="0" time="0.000">
	<testsuite id="0" name="exploration_dash_gate_runtime_test" package="tests/unit/gameplay" timestamp="2026-07-09T16:52:36" hostname="localhost" tests="2" failures="2" errors="1" skipped="0" flaky="0" time="0.081">
		<testcase name="test_exploration_gate_requires_dash_then_unlocks_on_dash_activation" classname="exploration_dash_gate_runtime_test" time="0.009">
			<failure message="FAILED: res://tests/unit/gameplay/exploration_dash_gate_runtime_test.gd:46" type="FAILURE">
<![CDATA[
Expecting: 'false' but is 'true'
]]>
			</failure>
			<failure message="FAILED: res://tests/unit/gameplay/exploration_dash_gate_runtime_test.gd:53" type="FAILURE">
<![CDATA[
Expecting: 'false' but is 'true'
]]>
			</failure>
		</testcase>
		<testcase name="test_main_scene_dash_gate_uses_runtime_dash_reward_and_persists_unlock" classname="exploration_dash_gate_runtime_test" time="0.065">
			<error message="ERROR: res://tests/unit/gameplay/exploration_dash_gate_runtime_test.gd:82" type="ABORT">
<![CDATA[
Godot Runtime Error !
Error: 'Invalid call. Nonexistent function 'is_prompt_visible (via call)' in base 'Node2D (ExplorationGate)'.'
	at res://tests/unit/gameplay/exploration_dash_gate_runtime_test.gd:82
]]>
			</error>
		</testcase>
	</testsuite>
	<testsuite id="1" name="player_double_jump_gate_runtime_test" package="tests/unit/gameplay" timestamp="2026-07-09T16:52:36" hostname="localhost" tests="3" failures="0" errors="1" skipped="0" flaky="0" time="0.054">
		<testcase name="test_double_jump_reuses_imported_jump_frames_for_runtime_activation" classname="player_double_jump_gate_runtime_test" time="0.002">
		</testcase>
		<testcase name="test_request_double_jump_requires_airborne_unlock_and_resets_after_landing" classname="player_double_jump_gate_runtime_test" time="0.005">
		</testcase>
		<testcase name="test_main_scene_double_jump_high_platform_gate_unlocks_and_persists" classname="player_double_jump_gate_runtime_test" time="0.040">
			<error message="ERROR: res://tests/unit/gameplay/player_double_jump_gate_runtime_test.gd:118" type="ABORT">
<![CDATA[
Godot Runtime Error !
Error: 'Invalid call. Nonexistent function 'is_prompt_visible (via call)' in base 'Node2D (ExplorationGate)'.'
	at res://tests/unit/gameplay/player_double_jump_gate_runtime_test.gd:118
]]>
			</error>
		</testcase>
	</testsuite>
</testsuites>
