<?xml version="1.0" encoding="UTF-8" ?>
<testsuites id="2026-06-24" name="report_305" tests="6" failures="0" skipped="0" flaky="0" time="0.000">
	<testsuite id="0" name="game_flow_controller_test" package="tests/unit/gameplay" timestamp="2026-06-23T16:43:15" hostname="localhost" tests="3" failures="0" errors="0" skipped="0" flaky="0" time="0.013">
		<testcase name="test_enemy_defeat_enters_victory_once" classname="game_flow_controller_test" time="0.005">
		</testcase>
		<testcase name="test_player_death_delays_respawn_until_animation_time" classname="game_flow_controller_test" time="0.002">
		</testcase>
		<testcase name="test_revived_state_unlocks_after_invincibility_window" classname="game_flow_controller_test" time="0.003">
		</testcase>
	</testsuite>
	<testsuite id="1" name="player_respawn_visual_feedback_test" package="tests/unit/gameplay" timestamp="2026-06-23T16:43:15" hostname="localhost" tests="3" failures="0" errors="0" skipped="0" flaky="0" time="0.019">
		<testcase name="test_respawn_starts_visible_transparent_flash_for_invincibility_window" classname="player_respawn_visual_feedback_test" time="0.002">
		</testcase>
		<testcase name="test_respawn_visual_stops_when_game_flow_unlocks" classname="player_respawn_visual_feedback_test" time="0.010">
		</testcase>
		<testcase name="test_respawn_visual_does_not_override_damage_color_after_window" classname="player_respawn_visual_feedback_test" time="0.002">
		</testcase>
	</testsuite>
</testsuites>
