<?xml version="1.0" encoding="UTF-8" ?>
<testsuites id="2026-06-24" name="report_368" tests="22" failures="0" skipped="0" flaky="0" time="0.000">
	<testsuite id="0" name="combat_presentation_test" package="tests/unit/presentation" timestamp="2026-06-24T14:54:49" hostname="localhost" tests="19" failures="0" errors="0" skipped="0" flaky="0" time="0.149">
		<testcase name="test_normal_hit_spawns_damage_number_sparks_hitstop_and_shake" classname="combat_presentation_test" time="0.019">
		</testcase>
		<testcase name="test_crit_hit_uses_larger_gold_feedback" classname="combat_presentation_test" time="0.004">
		</testcase>
		<testcase name="test_damage_number_tiers_match_gdd_size_color_and_outline" classname="combat_presentation_test" time="0.009">
		</testcase>
		<testcase name="test_damage_number_records_gdd_float_distance_and_lifetime" classname="combat_presentation_test" time="0.001">
		</testcase>
		<testcase name="test_damage_number_boundary_values_clamp_to_valid_tiers" classname="combat_presentation_test" time="0.005">
		</testcase>
		<testcase name="test_hit_event_prefers_final_damage_metadata_for_runtime_core_chain" classname="combat_presentation_test" time="0.007">
		</testcase>
		<testcase name="test_rapid_damage_numbers_cleanup_without_stale_active_entries" classname="combat_presentation_test" time="0.006">
		</testcase>
		<testcase name="test_kill_event_uses_stronger_hitstop_and_debris" classname="combat_presentation_test" time="0.007">
		</testcase>
		<testcase name="test_hit_feedback_uses_textured_sprite_vfx_not_color_rect_blocks" classname="combat_presentation_test" time="0.006">
		</testcase>
		<testcase name="test_hit_event_can_disable_damage_number_without_suppressing_impact_feedback" classname="combat_presentation_test" time="0.006">
		</testcase>
		<testcase name="test_kill_debris_uses_textured_sprite_vfx_not_color_rect_blocks" classname="combat_presentation_test" time="0.005">
		</testcase>
		<testcase name="test_perfect_parry_spawns_flash_and_radial_textured_sparks" classname="combat_presentation_test" time="0.008">
		</testcase>
		<testcase name="test_perfect_parry_flash_uses_textured_overlay_not_color_rect" classname="combat_presentation_test" time="0.005">
		</testcase>
		<testcase name="test_cat_claw_attack_spawns_three_textured_slash_trails" classname="combat_presentation_test" time="0.007">
		</testcase>
		<testcase name="test_non_cat_claw_attack_does_not_spawn_claw_trails" classname="combat_presentation_test" time="0.006">
		</testcase>
		<testcase name="test_dodge_event_spawns_three_textured_afterimages_with_gdd_alpha_steps" classname="combat_presentation_test" time="0.006">
		</testcase>
		<testcase name="test_boss_phase_transition_spawns_textured_overlay_and_metal_debris" classname="combat_presentation_test" time="0.006">
		</testcase>
		<testcase name="test_boss_phase_debris_expires_after_gdd_lifetime" classname="combat_presentation_test" time="0.006">
		</testcase>
		<testcase name="test_effects_expire_after_their_lifetime" classname="combat_presentation_test" time="0.006">
		</testcase>
	</testsuite>
	<testsuite id="1" name="main_scene_visual_contract_test" package="tests/unit/gameplay" timestamp="2026-06-24T14:54:49" hostname="localhost" tests="3" failures="0" errors="0" skipped="0" flaky="0" time="0.047">
		<testcase name="test_runtime_characters_use_animated_sprite_frames" classname="main_scene_visual_contract_test" time="0.035">
		</testcase>
		<testcase name="test_main_scene_startup_has_no_visible_gameplay_color_rect_blocks" classname="main_scene_visual_contract_test" time="0.004">
		</testcase>
		<testcase name="test_main_scene_routes_boss_phase_transition_source_to_combat_presentation" classname="main_scene_visual_contract_test" time="0.004">
		</testcase>
	</testsuite>
</testsuites>
