<?xml version="1.0" encoding="UTF-8" ?>
<testsuites id="2026-06-26" name="report_636" tests="40" failures="0" skipped="0" flaky="0" time="0.000">
	<testsuite id="0" name="factory_route_transition_shell_runtime_test" package="tests/unit/gameplay" timestamp="2026-06-25T19:22:31" hostname="localhost" tests="3" failures="0" errors="0" skipped="0" flaky="0" time="0.046">
		<testcase name="test_scene_registry_contains_loadable_factory_route_shell" classname="factory_route_transition_shell_runtime_test" time="0.029">
		</testcase>
		<testcase name="test_high_platform_route_trigger_requests_factory_shell_after_gate_unlocked" classname="factory_route_transition_shell_runtime_test" time="0.004">
		</testcase>
		<testcase name="test_factory_route_shell_scene_is_minimal_visible_destination" classname="factory_route_transition_shell_runtime_test" time="0.006">
		</testcase>
	</testsuite>
	<testsuite id="1" name="player_double_jump_gate_runtime_test" package="tests/unit/gameplay" timestamp="2026-06-25T19:22:31" hostname="localhost" tests="3" failures="0" errors="0" skipped="0" flaky="0" time="0.022">
		<testcase name="test_double_jump_reuses_imported_jump_frames_for_runtime_activation" classname="player_double_jump_gate_runtime_test" time="0.002">
		</testcase>
		<testcase name="test_request_double_jump_requires_airborne_unlock_and_resets_after_landing" classname="player_double_jump_gate_runtime_test" time="0.008">
		</testcase>
		<testcase name="test_main_scene_double_jump_high_platform_gate_unlocks_and_persists" classname="player_double_jump_gate_runtime_test" time="0.008">
		</testcase>
	</testsuite>
	<testsuite id="2" name="hidden_double_jump_reward_source_runtime_test" package="tests/unit/gameplay" timestamp="2026-06-25T19:22:31" hostname="localhost" tests="2" failures="0" errors="0" skipped="0" flaky="0" time="0.016">
		<testcase name="test_hidden_double_jump_reward_source_unlocks_double_jump_once_and_syncs_runtime" classname="hidden_double_jump_reward_source_runtime_test" time="0.004">
		</testcase>
		<testcase name="test_hidden_double_jump_reward_source_restore_keeps_reward_claimed_and_playable" classname="hidden_double_jump_reward_source_runtime_test" time="0.007">
		</testcase>
	</testsuite>
	<testsuite id="3" name="story_001_scene_manager_registry_api_test" package="tests/unit/scene" timestamp="2026-06-25T19:22:31" hostname="localhost" tests="9" failures="0" errors="0" skipped="0" flaky="0" time="0.063">
		<testcase name="test_project_autoload_registers_scene_manager_after_save_system_and_script_loads" classname="story_001_scene_manager_registry_api_test" time="0.002">
		</testcase>
		<testcase name="test_scene_registry_domain_contains_hub_and_main_existing_scene_paths" classname="story_001_scene_manager_registry_api_test" time="0.005">
		</testcase>
		<testcase name="test_configure_registry_and_preload_mark_logical_scene_loaded_without_tree_swap" classname="story_001_scene_manager_registry_api_test" time="0.006">
		</testcase>
		<testcase name="test_change_scene_records_current_scene_spawn_and_emits_expected_signals_once" classname="story_001_scene_manager_registry_api_test" time="0.007">
		</testcase>
		<testcase name="test_lock_and_invalid_scene_reject_change_without_state_or_signal_side_effects" classname="story_001_scene_manager_registry_api_test" time="0.006">
		</testcase>
		<testcase name="test_unlock_scene_allows_change_after_lock" classname="story_001_scene_manager_registry_api_test" time="0.006">
		</testcase>
		<testcase name="test_set_get_scene_state_deep_copies_json_safe_state" classname="story_001_scene_manager_registry_api_test" time="0.006">
		</testcase>
		<testcase name="test_serialize_deserialize_round_trip_preserves_current_scene_spawn_and_states" classname="story_001_scene_manager_registry_api_test" time="0.006">
		</testcase>
		<testcase name="test_save_system_can_register_scene_manager_and_call_deserialize_with_version" classname="story_001_scene_manager_registry_api_test" time="0.006">
		</testcase>
	</testsuite>
	<testsuite id="4" name="story_003_async_load_timeout_fallback_test" package="tests/unit/scene" timestamp="2026-06-25T19:22:32" hostname="localhost" tests="4" failures="0" errors="0" skipped="0" flaky="0" time="0.028">
		<testcase name="test_request_scene_change_starts_threaded_request_without_committing_current_scene" classname="story_003_async_load_timeout_fallback_test" time="0.002">
		</testcase>
		<testcase name="test_loaded_scene_waits_for_transition_gate_before_logical_commit" classname="story_003_async_load_timeout_fallback_test" time="0.005">
		</testcase>
		<testcase name="test_timeout_retries_once_then_records_failure_and_falls_back_to_hub" classname="story_003_async_load_timeout_fallback_test" time="0.007">
		</testcase>
		<testcase name="test_locked_unknown_or_active_loading_requests_are_rejected_without_loader_calls" classname="story_003_async_load_timeout_fallback_test" time="0.006">
		</testcase>
	</testsuite>
	<testsuite id="5" name="story_005_runtime_scene_tree_swap_test" package="tests/unit/scene" timestamp="2026-06-25T19:22:32" hostname="localhost" tests="4" failures="0" errors="0" skipped="0" flaky="0" time="0.027">
		<testcase name="test_configure_runtime_root_enables_scene_tree_swap_diagnostics" classname="story_005_runtime_scene_tree_swap_test" time="0.001">
		</testcase>
		<testcase name="test_async_loaded_packed_scene_is_instantiated_into_runtime_root_after_transition_gate" classname="story_005_runtime_scene_tree_swap_test" time="0.004">
		</testcase>
		<testcase name="test_invalid_loaded_resource_fails_without_detaching_current_runtime_scene" classname="story_005_runtime_scene_tree_swap_test" time="0.007">
		</testcase>
		<testcase name="test_no_runtime_root_preserves_story003_logical_async_commit" classname="story_005_runtime_scene_tree_swap_test" time="0.006">
		</testcase>
	</testsuite>
	<testsuite id="6" name="story_007_fast_travel_preload_scene_change_test" package="tests/unit/scene" timestamp="2026-06-25T19:22:32" hostname="localhost" tests="6" failures="0" errors="0" skipped="0" flaky="0" time="0.055">
		<testcase name="test_fast_travel_preload_waits_for_two_second_portal_gate_before_commit" classname="story_007_fast_travel_preload_scene_change_test" time="0.002">
		</testcase>
		<testcase name="test_fast_travel_runtime_swap_keeps_deferred_cache_contract" classname="story_007_fast_travel_preload_scene_change_test" time="0.010">
		</testcase>
		<testcase name="test_fast_travel_quick_return_reuses_deferred_cache_after_two_second_gate_without_new_loader_request" classname="story_007_fast_travel_preload_scene_change_test" time="0.014">
		</testcase>
		<testcase name="test_regular_scene_change_keeps_one_point_five_second_transition_gate" classname="story_007_fast_travel_preload_scene_change_test" time="0.004">
		</testcase>
		<testcase name="test_fast_travel_rejects_locked_unknown_or_active_loading_without_extra_loader_calls" classname="story_007_fast_travel_preload_scene_change_test" time="0.007">
		</testcase>
		<testcase name="test_fast_travel_timeout_retries_once_then_emits_failure_and_falls_back_to_hub" classname="story_007_fast_travel_preload_scene_change_test" time="0.006">
		</testcase>
	</testsuite>
	<testsuite id="7" name="main_scene_scene_transition_ui_test" package="tests/unit/gameplay" timestamp="2026-06-25T19:22:32" hostname="localhost" tests="2" failures="0" errors="0" skipped="0" flaky="0" time="0.016">
		<testcase name="test_new_game_prefers_async_scene_request_and_shows_transition_shell" classname="main_scene_scene_transition_ui_test" time="0.005">
		</testcase>
		<testcase name="test_async_scene_failure_hides_transition_and_reports_failure" classname="main_scene_scene_transition_ui_test" time="0.005">
		</testcase>
	</testsuite>
	<testsuite id="8" name="main_scene_title_load_handoff_test" package="tests/unit/gameplay" timestamp="2026-06-25T19:22:32" hostname="localhost" tests="7" failures="0" errors="0" skipped="0" flaky="0" time="0.049">
		<testcase name="test_new_game_routes_default_playable_scene_through_scene_manager" classname="main_scene_title_load_handoff_test" time="0.005">
		</testcase>
		<testcase name="test_continue_loads_first_available_slot_and_hands_off_saved_spawn" classname="main_scene_title_load_handoff_test" time="0.005">
		</testcase>
		<testcase name="test_load_slot_uses_selected_slot_not_continue_default" classname="main_scene_title_load_handoff_test" time="0.005">
		</testcase>
		<testcase name="test_load_slot_rejection_keeps_menu_visible_and_does_not_restore_state" classname="main_scene_title_load_handoff_test" time="0.006">
		</testcase>
		<testcase name="test_load_slot_uses_scene_fallback_order_when_savepoint_is_missing" classname="main_scene_title_load_handoff_test" time="0.005">
		</testcase>
		<testcase name="test_locked_or_rejected_scene_manager_keeps_load_atomic" classname="main_scene_title_load_handoff_test" time="0.005">
		</testcase>
		<testcase name="test_registered_system_deserialize_is_skipped_until_scene_handoff_succeeds" classname="main_scene_title_load_handoff_test" time="0.004">
		</testcase>
	</testsuite>
</testsuites>
