<?xml version="1.0" encoding="UTF-8" ?>
<testsuites id="2026-07-09" name="report_1186" tests="3" failures="0" skipped="0" flaky="0" time="0.000">
	<testsuite id="0" name="old_factory_lower_deck_forward_pressure_aftershock_exit_skirmish_test" package="tests/unit/gameplay" timestamp="2026-07-08T20:14:05" hostname="localhost" tests="3" failures="0" errors="0" skipped="0" flaky="0" time="0.403">
		<testcase name="test_aftershock_exit_skirmish_requires_cache_claim_and_activates_dual_contract" classname="old_factory_lower_deck_forward_pressure_aftershock_exit_skirmish_test" time="0.265">
		</testcase>
		<testcase name="test_aftershock_exit_skirmish_defeat_persists_without_replaying_route_chain" classname="old_factory_lower_deck_forward_pressure_aftershock_exit_skirmish_test" time="0.069">
		</testcase>
		<testcase name="test_aftershock_exit_skirmish_unlocks_on_live_aftershock_cache_claim" classname="old_factory_lower_deck_forward_pressure_aftershock_exit_skirmish_test" time="0.061">
		</testcase>
	</testsuite>
</testsuites>
