<?xml version="1.0" encoding="UTF-8" ?>
<testsuites id="2026-07-06" name="report_1132" tests="2" failures="2" skipped="0" flaky="0" time="0.000">
	<testsuite id="0" name="old_factory_lower_deck_forward_pressure_beacon_ambush_test" package="tests/unit/gameplay" timestamp="2026-07-06T07:54:33" hostname="localhost" tests="2" failures="2" errors="0" skipped="0" flaky="0" time="0.250">
		<testcase name="test_beacon_ambush_requires_route_beacon_lit_and_activates_enemy_hazard" classname="old_factory_lower_deck_forward_pressure_beacon_ambush_test" time="0.243">
			<failure message="FAILED: res://tests/unit/gameplay/old_factory_lower_deck_forward_pressure_beacon_ambush_test.gd:47" type="FAILURE">
<![CDATA[
Expecting: 'true' but is 'false'
]]>
			</failure>
			<failure message="FAILED: res://tests/unit/gameplay/old_factory_lower_deck_forward_pressure_beacon_ambush_test.gd:50" type="FAILURE">
<![CDATA[
Expecting: 'true' but is 'false'
]]>
			</failure>
		</testcase>
	</testsuite>
</testsuites>
