<?xml version="1.0" encoding="UTF-8" ?>
<testsuites id="2026-06-25" name="report_584" tests="10" failures="0" skipped="0" flaky="0" time="0.000">
	<testsuite id="0" name="main_scene_audio_event_adapter_test" package="tests/unit/gameplay" timestamp="2026-06-25T09:19:54" hostname="localhost" tests="6" failures="0" errors="0" skipped="0" flaky="0" time="0.090">
		<testcase name="test_player_attack_and_weapon_start_events_route_to_audio_system" classname="main_scene_audio_event_adapter_test" time="0.044">
		</testcase>
		<testcase name="test_enemy_damage_and_player_dodge_events_route_to_audio_system" classname="main_scene_audio_event_adapter_test" time="0.008">
		</testcase>
		<testcase name="test_focus_enemy_defeat_and_boss_phase_events_route_to_audio_system" classname="main_scene_audio_event_adapter_test" time="0.008">
		</testcase>
		<testcase name="test_rat_king_boss_music_start_and_end_events_route_to_audio_system" classname="main_scene_audio_event_adapter_test" time="0.010">
		</testcase>
		<testcase name="test_menu_open_close_save_and_load_route_to_audio_system" classname="main_scene_audio_event_adapter_test" time="0.006">
		</testcase>
		<testcase name="test_incomplete_audio_system_does_not_block_existing_gameplay_presentation" classname="main_scene_audio_event_adapter_test" time="0.004">
		</testcase>
	</testsuite>
	<testsuite id="1" name="main_scene_save_load_menu_runtime_test" package="tests/unit/gameplay" timestamp="2026-06-25T09:19:54" hostname="localhost" tests="4" failures="0" errors="0" skipped="0" flaky="0" time="0.029">
		<testcase name="test_returning_from_pause_to_main_menu_releases_pause_state_and_focus" classname="main_scene_save_load_menu_runtime_test" time="0.005">
		</testcase>
		<testcase name="test_save_slot_request_waits_for_async_completion_before_success_feedback" classname="main_scene_save_load_menu_runtime_test" time="0.004">
		</testcase>
		<testcase name="test_save_slot_request_does_not_replace_pending_slot_when_write_in_progress" classname="main_scene_save_load_menu_runtime_test" time="0.007">
		</testcase>
		<testcase name="test_save_slot_request_reports_async_failure_without_success_refresh" classname="main_scene_save_load_menu_runtime_test" time="0.006">
		</testcase>
	</testsuite>
</testsuites>
