<?xml version="1.0" encoding="UTF-8" ?>
<testsuites id="2026-06-23" name="report_285" tests="6" failures="4" skipped="0" flaky="0" time="0.000">
	<testsuite id="0" name="story_003_weapon_swap_state_machine_test" package="tests/unit/weapon" timestamp="2026-06-23T14:50:20" hostname="localhost" tests="6" failures="4" errors="0" skipped="0" flaky="0" time="0.018">
		<testcase name="test_request_swap_starts_uncancellable_half_second_swap" classname="story_003_weapon_swap_state_machine_test" time="0.013">
			<failure message="FAILED: res://tests/unit/weapon/story_003_weapon_swap_state_machine_test.gd:78" type="FAILURE">
<![CDATA[
Expecting: 'false' but is 'true'
]]>
			</failure>
			<failure message="FAILED: res://tests/unit/weapon/story_003_weapon_swap_state_machine_test.gd:79" type="FAILURE">
<![CDATA[
Expecting:
 'long_tail'
 but was
 'cat_clong_tailw'
]]>
			</failure>
			<failure message="FAILED: res://tests/unit/weapon/story_003_weapon_swap_state_machine_test.gd:80" type="FAILURE">
<![CDATA[
Expecting:
 '1'
 but was
 '0'
]]>
			</failure>
			<failure message="FAILED: res://tests/unit/weapon/story_003_weapon_swap_state_machine_test.gd:81" type="FAILURE">
<![CDATA[
Expecting:
 '1'
 but was
 '0'
]]>
			</failure>
		</testcase>
	</testsuite>
</testsuites>
