<?xml version="1.0" encoding="UTF-8" ?>
<testsuites id="2026-07-03" name="report_1104" tests="2" failures="0" skipped="0" flaky="0" time="0.000">
	<testsuite id="0" name="old_factory_lower_deck_forward_pressure_traverse_test" package="tests/unit/gameplay" timestamp="2026-07-03T05:53:07" hostname="localhost" tests="2" failures="0" errors="0" skipped="0" flaky="0" time="0.289">
		<testcase name="test_forward_pressure_traverse_requires_secured_conduit_and_starts_on_boundary" classname="old_factory_lower_deck_forward_pressure_traverse_test" time="0.221">
		</testcase>
		<testcase name="test_forward_pressure_traverse_active_window_damage_and_crossed_state_persist" classname="old_factory_lower_deck_forward_pressure_traverse_test" time="0.058">
		</testcase>
	</testsuite>
</testsuites>
