<?xml version="1.0" encoding="UTF-8" ?>
<testsuites id="2026-07-02" name="report_1091" tests="18" failures="0" skipped="0" flaky="0" time="0.000">
	<testsuite id="0" name="old_factory_lower_deck_relay_forward_reward_hatch_test" package="tests/unit/gameplay" timestamp="2026-07-02T08:36:05" hostname="localhost" tests="2" failures="0" errors="0" skipped="0" flaky="0" time="0.273">
		<testcase name="test_relay_forward_reward_cache_requires_post_relay_trial_clear_and_keeps_lift_optional" classname="old_factory_lower_deck_relay_forward_reward_hatch_test" time="0.208">
		</testcase>
		<testcase name="test_relay_forward_reward_cache_claim_then_hatch_open_persists_without_replaying_relay_chain" classname="old_factory_lower_deck_relay_forward_reward_hatch_test" time="0.057">
		</testcase>
	</testsuite>
	<testsuite id="1" name="old_factory_lower_deck_post_relay_combat_feedback_test" package="tests/unit/gameplay" timestamp="2026-07-02T08:36:06" hostname="localhost" tests="2" failures="0" errors="0" skipped="0" flaky="0" time="0.121">
		<testcase name="test_post_relay_trial_requires_activated_relay_and_keeps_lift_optional" classname="old_factory_lower_deck_post_relay_combat_feedback_test" time="0.058">
		</testcase>
		<testcase name="test_post_relay_trial_clear_persists_without_replaying_relay_feedback" classname="old_factory_lower_deck_post_relay_combat_feedback_test" time="0.058">
		</testcase>
	</testsuite>
	<testsuite id="2" name="old_factory_lower_deck_breach_reward_route_test" package="tests/unit/gameplay" timestamp="2026-07-02T08:36:06" hostname="localhost" tests="2" failures="0" errors="0" skipped="0" flaky="0" time="0.156">
		<testcase name="test_breach_relay_requires_secured_corridor_and_keeps_lift_optional" classname="old_factory_lower_deck_breach_reward_route_test" time="0.058">
		</testcase>
		<testcase name="test_breach_relay_activates_once_and_becomes_non_boss_respawn_point" classname="old_factory_lower_deck_breach_reward_route_test" time="0.090">
		</testcase>
	</testsuite>
	<testsuite id="3" name="old_factory_lower_deck_breach_relay_feedback_test" package="tests/unit/gameplay" timestamp="2026-07-02T08:36:06" hostname="localhost" tests="4" failures="0" errors="0" skipped="0" flaky="0" time="0.232">
		<testcase name="test_breach_relay_mounts_generated_activation_feedback_texture" classname="old_factory_lower_deck_breach_relay_feedback_test" time="0.054">
		</testcase>
		<testcase name="test_breach_relay_activation_spawns_one_short_lived_feedback_vfx" classname="old_factory_lower_deck_breach_relay_feedback_test" time="0.060">
		</testcase>
		<testcase name="test_breach_relay_activation_routes_one_spatial_audio_feedback_event" classname="old_factory_lower_deck_breach_relay_feedback_test" time="0.055">
		</testcase>
		<testcase name="test_restored_breach_relay_does_not_replay_activation_feedback" classname="old_factory_lower_deck_breach_relay_feedback_test" time="0.054">
		</testcase>
	</testsuite>
	<testsuite id="4" name="old_factory_lower_deck_shortcut_reward_cache_test" package="tests/unit/gameplay" timestamp="2026-07-02T08:36:06" hostname="localhost" tests="2" failures="0" errors="0" skipped="0" flaky="0" time="0.126">
		<testcase name="test_shortcut_reward_cache_requires_open_shortcut_and_keeps_service_lift_optional" classname="old_factory_lower_deck_shortcut_reward_cache_test" time="0.058">
		</testcase>
		<testcase name="test_shortcut_reward_cache_claims_once_and_persists_independently" classname="old_factory_lower_deck_shortcut_reward_cache_test" time="0.060">
		</testcase>
	</testsuite>
	<testsuite id="5" name="old_factory_lower_deck_skirmish_cache_test" package="tests/unit/gameplay" timestamp="2026-07-02T08:36:06" hostname="localhost" tests="2" failures="0" errors="0" skipped="0" flaky="0" time="0.130">
		<testcase name="test_lower_deck_skirmish_requires_overdrive_clear_but_not_cache_claim" classname="old_factory_lower_deck_skirmish_cache_test" time="0.062">
		</testcase>
		<testcase name="test_lower_deck_skirmish_defeat_unlocks_independent_reward_cache_and_persists" classname="old_factory_lower_deck_skirmish_cache_test" time="0.062">
		</testcase>
	</testsuite>
	<testsuite id="6" name="old_factory_lower_deck_deep_bulkhead_gate_test" package="tests/unit/gameplay" timestamp="2026-07-02T08:36:06" hostname="localhost" tests="2" failures="0" errors="0" skipped="0" flaky="0" time="0.118">
		<testcase name="test_deep_bulkhead_requires_steam_sluice_clear_and_keeps_lift_optional" classname="old_factory_lower_deck_deep_bulkhead_gate_test" time="0.057">
		</testcase>
		<testcase name="test_deep_bulkhead_open_persists_without_replaying_steam_sluice_chain" classname="old_factory_lower_deck_deep_bulkhead_gate_test" time="0.055">
		</testcase>
	</testsuite>
	<testsuite id="7" name="old_factory_service_lift_scene_manager_exit_test" package="tests/unit/gameplay" timestamp="2026-07-02T08:36:07" hostname="localhost" tests="2" failures="0" errors="0" skipped="0" flaky="0" time="0.139">
		<testcase name="test_service_lift_requests_main_scrap_roost_exit_after_factory_route_clear" classname="old_factory_service_lift_scene_manager_exit_test" time="0.067">
		</testcase>
		<testcase name="test_service_lift_does_not_activate_when_scene_manager_rejects_exit" classname="old_factory_service_lift_scene_manager_exit_test" time="0.067">
		</testcase>
	</testsuite>
</testsuites>
