<?xml version="1.0" encoding="UTF-8" ?>
<testsuites id="2026-06-30" name="report_928" tests="3" failures="1" skipped="0" flaky="0" time="0.000">
	<testsuite id="0" name="old_factory_return_patrol_ambush_test" package="tests/unit/gameplay" timestamp="2026-06-30T11:26:45" hostname="localhost" tests="3" failures="1" errors="0" skipped="0" flaky="0" time="0.206">
		<testcase name="test_return_patrol_does_not_spawn_on_first_factory_clear" classname="old_factory_return_patrol_ambush_test" time="0.132">
		</testcase>
		<testcase name="test_return_patrol_activates_from_service_lift_return_contract_and_locks_lift" classname="old_factory_return_patrol_ambush_test" time="0.032">
		</testcase>
		<testcase name="test_return_patrol_defeat_persists_and_reenables_service_lift_exit" classname="old_factory_return_patrol_ambush_test" time="0.035">
			<failure message="FAILED: res://tests/unit/gameplay/old_factory_return_patrol_ambush_test.gd:174" type="FAILURE">
<![CDATA[
Expecting: 'true' but is 'false'
]]>
			</failure>
		</testcase>
	</testsuite>
</testsuites>
