<?xml version="1.0" encoding="UTF-8" ?>
<testsuites id="2026-06-26" name="report_665" tests="26" failures="0" skipped="0" flaky="0" time="0.000">
	<testsuite id="0" name="old_factory_deep_guard_activation_pacing_test" package="tests/unit/gameplay" timestamp="2026-06-25T23:45:48" hostname="localhost" tests="4" failures="0" errors="0" skipped="0" flaky="0" time="0.110">
		<testcase name="test_deep_guard_stays_idle_until_player_reaches_route_pressure_point" classname="old_factory_deep_guard_activation_pacing_test" time="0.034">
		</testcase>
		<testcase name="test_deep_guard_activates_once_after_player_crosses_pressure_point" classname="old_factory_deep_guard_activation_pacing_test" time="0.016">
		</testcase>
		<testcase name="test_deep_guard_activation_restores_without_unlocking_endpoint" classname="old_factory_deep_guard_activation_pacing_test" time="0.025">
		</testcase>
		<testcase name="test_activated_guard_defeat_still_unlocks_deep_route_endpoint" classname="old_factory_deep_guard_activation_pacing_test" time="0.028">
		</testcase>
	</testsuite>
	<testsuite id="1" name="old_factory_deep_route_micro_slice_runtime_test" package="tests/unit/gameplay" timestamp="2026-06-25T23:45:48" hostname="localhost" tests="4" failures="0" errors="0" skipped="0" flaky="0" time="0.077">
		<testcase name="test_factory_room_contains_generated_deep_route_endpoint_without_placeholder_art" classname="old_factory_deep_route_micro_slice_runtime_test" time="0.018">
		</testcase>
		<testcase name="test_factory_deep_route_uses_second_animated_rat_guard" classname="old_factory_deep_route_micro_slice_runtime_test" time="0.017">
		</testcase>
		<testcase name="test_deep_route_unlocks_after_second_guard_defeat_and_endpoint_activates_once" classname="old_factory_deep_route_micro_slice_runtime_test" time="0.018">
		</testcase>
		<testcase name="test_deep_route_state_restores_guard_and_endpoint_progress" classname="old_factory_deep_route_micro_slice_runtime_test" time="0.017">
		</testcase>
	</testsuite>
	<testsuite id="2" name="old_factory_entrance_combat_slice_runtime_test" package="tests/unit/gameplay" timestamp="2026-06-25T23:45:48" hostname="localhost" tests="4" failures="0" errors="0" skipped="0" flaky="0" time="0.075">
		<testcase name="test_factory_entrance_scene_contains_player_spawn_platforms_and_generated_background" classname="old_factory_entrance_combat_slice_runtime_test" time="0.016">
		</testcase>
		<testcase name="test_factory_entrance_contains_visible_animated_combat_object" classname="old_factory_entrance_combat_slice_runtime_test" time="0.017">
		</testcase>
		<testcase name="test_factory_entrance_player_attack_damages_room_combat_object" classname="old_factory_entrance_combat_slice_runtime_test" time="0.018">
		</testcase>
		<testcase name="test_scene_manager_runtime_swap_reaches_old_factory_combat_slice" classname="old_factory_entrance_combat_slice_runtime_test" time="0.017">
		</testcase>
	</testsuite>
	<testsuite id="3" name="old_factory_entrance_room_clear_runtime_test" package="tests/unit/gameplay" timestamp="2026-06-25T23:45:48" hostname="localhost" tests="3" failures="0" errors="0" skipped="0" flaky="0" time="0.056">
		<testcase name="test_factory_entrance_has_double_jump_cache_platform_and_generated_cache_prop" classname="old_factory_entrance_room_clear_runtime_test" time="0.017">
		</testcase>
		<testcase name="test_factory_cache_unlocks_after_enemy_defeat_and_claims_once" classname="old_factory_entrance_room_clear_runtime_test" time="0.017">
		</testcase>
		<testcase name="test_factory_cache_state_restores_room_clear_and_claimed_state" classname="old_factory_entrance_room_clear_runtime_test" time="0.016">
		</testcase>
	</testsuite>
	<testsuite id="4" name="old_factory_steam_vent_hazard_runtime_test" package="tests/unit/gameplay" timestamp="2026-06-25T23:45:49" hostname="localhost" tests="4" failures="0" errors="0" skipped="0" flaky="0" time="0.072">
		<testcase name="test_factory_room_contains_generated_steam_vent_hazard_without_placeholder_art" classname="old_factory_steam_vent_hazard_runtime_test" time="0.017">
		</testcase>
		<testcase name="test_steam_vent_contact_damages_player_and_respects_cooldown" classname="old_factory_steam_vent_hazard_runtime_test" time="0.016">
		</testcase>
		<testcase name="test_steam_vent_sustained_overlap_ticks_after_cooldown_and_ignores_enemy" classname="old_factory_steam_vent_hazard_runtime_test" time="0.017">
		</testcase>
		<testcase name="test_factory_hazard_route_preserves_visible_character_frame_animation_rules" classname="old_factory_steam_vent_hazard_runtime_test" time="0.016">
		</testcase>
	</testsuite>
	<testsuite id="5" name="rat_king_live_summon_runtime_test" package="tests/unit/gameplay" timestamp="2026-06-25T23:45:49" hostname="localhost" tests="7" failures="0" errors="0" skipped="0" flaky="0" time="0.063">
		<testcase name="test_rat_minion_character_asset_contract_uses_sprite_frames" classname="rat_king_live_summon_runtime_test" time="0.002">
		</testcase>
		<testcase name="test_rat_minion_animation_assets_follow_project_pipeline_paths" classname="rat_king_live_summon_runtime_test" time="0.006">
		</testcase>
		<testcase name="test_rat_minion_runtime_scene_exposes_enemy_contract" classname="rat_king_live_summon_runtime_test" time="0.006">
		</testcase>
		<testcase name="test_main_scene_spawns_live_phase_two_summon_from_boss_timer" classname="rat_king_live_summon_runtime_test" time="0.023">
		</testcase>
		<testcase name="test_main_scene_enforces_summon_cap_and_replenishes_after_minion_death" classname="rat_king_live_summon_runtime_test" time="0.005">
		</testcase>
		<testcase name="test_boss_death_cleans_up_live_summons" classname="rat_king_live_summon_runtime_test" time="0.007">
		</testcase>
		<testcase name="test_player_damage_adapter_routes_to_live_summon" classname="rat_king_live_summon_runtime_test" time="0.004">
		</testcase>
	</testsuite>
</testsuites>
