<?xml version="1.0" encoding="UTF-8" ?>
<testsuites id="2026-07-09" name="report_1246" tests="20" failures="0" skipped="0" flaky="0" time="0.000">
	<testsuite id="0" name="old_factory_lower_deck_forward_pressure_aftershock_condenser_outlet_drip_vent_traverse_test" package="tests/unit/gameplay" timestamp="2026-07-09T10:08:53" hostname="localhost" tests="2" failures="0" errors="0" skipped="0" flaky="0" time="0.300">
		<testcase name="test_outlet_drip_vent_requires_outlet_clamp_clear_and_extends_playable_space" classname="old_factory_lower_deck_forward_pressure_aftershock_condenser_outlet_drip_vent_traverse_test" time="0.216">
		</testcase>
		<testcase name="test_outlet_drip_vent_pressure_window_damage_and_crossed_state_persist" classname="old_factory_lower_deck_forward_pressure_aftershock_condenser_outlet_drip_vent_traverse_test" time="0.073">
		</testcase>
	</testsuite>
	<testsuite id="1" name="old_factory_lower_deck_forward_pressure_aftershock_condenser_outlet_clamp_ambush_test" package="tests/unit/gameplay" timestamp="2026-07-09T10:08:53" hostname="localhost" tests="2" failures="0" errors="0" skipped="0" flaky="0" time="0.154">
		<testcase name="test_outlet_clamp_requires_outlet_crossed_and_extends_combat_pocket" classname="old_factory_lower_deck_forward_pressure_aftershock_condenser_outlet_clamp_ambush_test" time="0.074">
		</testcase>
		<testcase name="test_outlet_clamp_defeat_persists_without_replaying_condenser_chain" classname="old_factory_lower_deck_forward_pressure_aftershock_condenser_outlet_clamp_ambush_test" time="0.075">
		</testcase>
	</testsuite>
	<testsuite id="2" name="old_factory_lower_deck_forward_pressure_aftershock_condenser_outlet_traverse_test" package="tests/unit/gameplay" timestamp="2026-07-09T10:08:53" hostname="localhost" tests="2" failures="0" errors="0" skipped="0" flaky="0" time="0.156">
		<testcase name="test_condenser_outlet_requires_savepoint_and_extends_playable_space" classname="old_factory_lower_deck_forward_pressure_aftershock_condenser_outlet_traverse_test" time="0.072">
		</testcase>
		<testcase name="test_condenser_outlet_hazard_window_and_crossed_state_persist" classname="old_factory_lower_deck_forward_pressure_aftershock_condenser_outlet_traverse_test" time="0.074">
		</testcase>
	</testsuite>
	<testsuite id="3" name="old_factory_lower_deck_forward_pressure_aftershock_condenser_savepoint_test" package="tests/unit/gameplay" timestamp="2026-07-09T10:08:54" hostname="localhost" tests="2" failures="0" errors="0" skipped="0" flaky="0" time="0.141">
		<testcase name="test_condenser_savepoint_requires_landing_secured_and_records_respawn" classname="old_factory_lower_deck_forward_pressure_aftershock_condenser_savepoint_test" time="0.066">
		</testcase>
		<testcase name="test_condenser_savepoint_persists_and_respawns_without_replaying_landing" classname="old_factory_lower_deck_forward_pressure_aftershock_condenser_savepoint_test" time="0.067">
		</testcase>
	</testsuite>
	<testsuite id="4" name="old_factory_lower_deck_forward_pressure_aftershock_condenser_valve_ambush_test" package="tests/unit/gameplay" timestamp="2026-07-09T10:08:54" hostname="localhost" tests="2" failures="0" errors="0" skipped="0" flaky="0" time="0.155">
		<testcase name="test_condenser_valve_requires_cooling_duct_crossed_and_extends_route" classname="old_factory_lower_deck_forward_pressure_aftershock_condenser_valve_ambush_test" time="0.072">
		</testcase>
		<testcase name="test_condenser_valve_clear_persists_without_replaying_cooling_duct" classname="old_factory_lower_deck_forward_pressure_aftershock_condenser_valve_ambush_test" time="0.075">
		</testcase>
	</testsuite>
	<testsuite id="5" name="old_factory_lower_deck_forward_pressure_aftershock_cooling_duct_traverse_test" package="tests/unit/gameplay" timestamp="2026-07-09T10:08:54" hostname="localhost" tests="2" failures="0" errors="0" skipped="0" flaky="0" time="0.159">
		<testcase name="test_cooling_duct_requires_exit_hatch_open_and_extends_playable_space" classname="old_factory_lower_deck_forward_pressure_aftershock_cooling_duct_traverse_test" time="0.075">
		</testcase>
		<testcase name="test_cooling_duct_active_window_damage_and_crossed_state_persist" classname="old_factory_lower_deck_forward_pressure_aftershock_cooling_duct_traverse_test" time="0.075">
		</testcase>
	</testsuite>
	<testsuite id="6" name="old_factory_lower_deck_forward_pressure_aftershock_exhaust_exit_hatch_test" package="tests/unit/gameplay" timestamp="2026-07-09T10:08:54" hostname="localhost" tests="2" failures="0" errors="0" skipped="0" flaky="0" time="0.152">
		<testcase name="test_exit_hatch_requires_escape_skirmish_clear_and_opens_once" classname="old_factory_lower_deck_forward_pressure_aftershock_exhaust_exit_hatch_test" time="0.074">
		</testcase>
		<testcase name="test_exit_hatch_restore_preserves_previous_chain_without_replay" classname="old_factory_lower_deck_forward_pressure_aftershock_exhaust_exit_hatch_test" time="0.070">
		</testcase>
	</testsuite>
	<testsuite id="7" name="story_004_savepoint_respawn_selection_test" package="tests/unit/gameplay" timestamp="2026-07-09T10:08:54" hostname="localhost" tests="4" failures="0" errors="0" skipped="0" flaky="0" time="0.093">
		<testcase name="test_last_discovered_savepoint_is_preferred_and_routed_through_scene_manager" classname="story_004_savepoint_respawn_selection_test" time="0.002">
		</testcase>
		<testcase name="test_missing_or_invalid_savepoint_falls_back_to_clan_base" classname="story_004_savepoint_respawn_selection_test" time="0.005">
		</testcase>
		<testcase name="test_boss_entrance_remains_higher_priority_than_discovered_savepoint" classname="story_004_savepoint_respawn_selection_test" time="0.007">
		</testcase>
		<testcase name="test_main_scene_save_system_round_trips_last_discovered_savepoint" classname="story_004_savepoint_respawn_selection_test" time="0.072">
		</testcase>
	</testsuite>
	<testsuite id="8" name="no_loss_respawn_state_contract_test" package="tests/unit/gameplay" timestamp="2026-07-09T10:08:54" hostname="localhost" tests="2" failures="0" errors="0" skipped="0" flaky="0" time="0.014">
		<testcase name="test_death_respawn_restores_currency_inventory_weapons_and_world_flags" classname="no_loss_respawn_state_contract_test" time="0.002">
		</testcase>
		<testcase name="test_no_loss_contract_keeps_health_restore_owned_by_revive_percentage" classname="no_loss_respawn_state_contract_test" time="0.009">
		</testcase>
	</testsuite>
</testsuites>
