<?xml version="1.0" encoding="UTF-8" ?>
<testsuites id="2026-07-09" name="report_1240" tests="2" failures="3" skipped="0" flaky="0" time="0.000">
	<testsuite id="0" name="old_factory_lower_deck_forward_pressure_aftershock_condenser_outlet_clamp_ambush_test" package="tests/unit/gameplay" timestamp="2026-07-09T07:58:06" hostname="localhost" tests="2" failures="3" errors="0" skipped="0" flaky="0" time="0.311">
		<testcase name="test_outlet_clamp_requires_outlet_crossed_and_extends_combat_pocket" classname="old_factory_lower_deck_forward_pressure_aftershock_condenser_outlet_clamp_ambush_test" time="0.305">
			<failure message="FAILED: res://tests/unit/gameplay/old_factory_lower_deck_forward_pressure_aftershock_condenser_outlet_clamp_ambush_test.gd:36" type="FAILURE">
<![CDATA[
Expecting: 'true' but is 'false'
]]>
			</failure>
			<failure message="FAILED: res://tests/unit/gameplay/old_factory_lower_deck_forward_pressure_aftershock_condenser_outlet_clamp_ambush_test.gd:43" type="FAILURE">
<![CDATA[
Expecting: 'true' but is 'false'
]]>
			</failure>
			<failure message="FAILED: res://tests/unit/gameplay/old_factory_lower_deck_forward_pressure_aftershock_condenser_outlet_clamp_ambush_test.gd:46" type="FAILURE">
<![CDATA[
Expecting: 'true' but is 'false'
]]>
			</failure>
		</testcase>
	</testsuite>
</testsuites>
