<?xml version="1.0" encoding="UTF-8" ?>
<testsuites id="2026-06-30" name="report_913" tests="7" failures="0" skipped="0" flaky="0" time="0.000">
	<testsuite id="0" name="factory_route_return_prompt_test" package="tests/unit/gameplay" timestamp="2026-06-30T10:43:13" hostname="localhost" tests="2" failures="0" errors="0" skipped="0" flaky="0" time="0.043">
		<testcase name="test_factory_route_prompt_changes_to_return_after_service_lift_roundtrip" classname="factory_route_return_prompt_test" time="0.033">
		</testcase>
		<testcase name="test_factory_route_prompt_ignores_incomplete_return_state_and_locked_route" classname="factory_route_return_prompt_test" time="0.006">
		</testcase>
	</testsuite>
	<testsuite id="1" name="factory_route_transition_shell_runtime_test" package="tests/unit/gameplay" timestamp="2026-06-30T10:43:13" hostname="localhost" tests="3" failures="0" errors="0" skipped="0" flaky="0" time="0.024">
		<testcase name="test_scene_registry_contains_loadable_factory_route_shell" classname="factory_route_transition_shell_runtime_test" time="0.006">
		</testcase>
		<testcase name="test_high_platform_route_trigger_requests_factory_shell_after_gate_unlocked" classname="factory_route_transition_shell_runtime_test" time="0.007">
		</testcase>
		<testcase name="test_factory_route_shell_scene_is_minimal_visible_destination" classname="factory_route_transition_shell_runtime_test" time="0.005">
		</testcase>
	</testsuite>
	<testsuite id="2" name="boss2_victory_route_handoff_test" package="tests/unit/gameplay" timestamp="2026-06-30T10:43:13" hostname="localhost" tests="1" failures="0" errors="0" skipped="0" flaky="0" time="0.016">
		<testcase name="test_boss2_victory_reward_handoff_opens_factory_route_transition" classname="boss2_victory_route_handoff_test" time="0.012">
		</testcase>
	</testsuite>
	<testsuite id="3" name="factory_route_runtime_roundtrip_test" package="tests/unit/gameplay" timestamp="2026-06-30T10:43:13" hostname="localhost" tests="1" failures="0" errors="0" skipped="0" flaky="0" time="0.036">
		<testcase name="test_factory_route_roundtrips_through_runtime_scene_root_to_scrap_roost" classname="factory_route_runtime_roundtrip_test" time="0.032">
		</testcase>
	</testsuite>
</testsuites>
