<?xml version="1.0" encoding="UTF-8" ?>
<testsuites id="2026-07-09" name="report_1264" tests="1" failures="1" skipped="0" flaky="0" time="0.000">
	<testsuite id="0" name="old_factory_route_floor_platform_visual_pass_test" package="tests/unit/gameplay" timestamp="2026-07-09T13:53:07" hostname="localhost" tests="1" failures="1" errors="0" skipped="0" flaky="0" time="0.253">
		<testcase name="test_factory_route_has_generated_floor_and_platform_visuals" classname="old_factory_route_floor_platform_visual_pass_test" time="0.250">
			<failure message="FAILED: res://tests/unit/gameplay/old_factory_route_floor_platform_visual_pass_test.gd:37" type="FAILURE">
<![CDATA[
Expecting: 'true' but is 'false'
]]>
			</failure>
		</testcase>
	</testsuite>
</testsuites>
