<?xml version="1.0" encoding="UTF-8" ?>
<testsuites id="2026-06-30" name="report_858" tests="2" failures="2" skipped="0" flaky="0" time="0.000">
	<testsuite id="0" name="boss2_hud_portrait_runtime_test" package="tests/unit/gameplay" timestamp="2026-06-30T07:26:33" hostname="localhost" tests="2" failures="2" errors="0" skipped="0" flaky="0" time="0.051">
		<testcase name="test_boss2_focus_shows_authored_hud_portrait" classname="boss2_hud_portrait_runtime_test" time="0.041">
			<failure message="FAILED: res://tests/unit/gameplay/boss2_hud_portrait_runtime_test.gd:37" type="FAILURE">
<![CDATA[
Expecting to be less than or equal:
 '64.000000' but was '128.000000'
]]>
			</failure>
			<failure message="FAILED: res://tests/unit/gameplay/boss2_hud_portrait_runtime_test.gd:38" type="FAILURE">
<![CDATA[
Expecting to be less than or equal:
 '64.000000' but was '128.000000'
]]>
			</failure>
		</testcase>
		<testcase name="test_boss2_defeated_hands_off_without_stale_portrait" classname="boss2_hud_portrait_runtime_test" time="0.005">
		</testcase>
	</testsuite>
</testsuites>
