<?xml version="1.0" encoding="UTF-8" ?>
<testsuites id="2026-07-06" name="report_1124" tests="31" failures="0" skipped="0" flaky="0" time="0.000">
	<testsuite id="0" name="old_factory_lower_deck_forward_pressure_exit_relay_test" package="tests/unit/gameplay" timestamp="2026-07-06T06:42:35" hostname="localhost" tests="2" failures="0" errors="0" skipped="0" flaky="0" time="0.036">
		<testcase name="test_forward_pressure_exit_relay_requires_exit_guard_defeat_and_preserves_lift" classname="old_factory_lower_deck_forward_pressure_exit_relay_test" time="0.017">
		</testcase>
		<testcase name="test_forward_pressure_exit_relay_persists_and_respawns_without_replaying_chain" classname="old_factory_lower_deck_forward_pressure_exit_relay_test" time="0.009">
		</testcase>
	</testsuite>
	<testsuite id="1" name="old_factory_lower_deck_forward_pressure_exit_guard_test" package="tests/unit/gameplay" timestamp="2026-07-06T06:42:36" hostname="localhost" tests="2" failures="0" errors="0" skipped="0" flaky="0" time="0.025">
		<testcase name="test_forward_pressure_exit_guard_requires_reward_cache_claim_and_activates_guard" classname="old_factory_lower_deck_forward_pressure_exit_guard_test" time="0.010">
		</testcase>
		<testcase name="test_forward_pressure_exit_guard_defeat_persists_without_replaying_forward_chain" classname="old_factory_lower_deck_forward_pressure_exit_guard_test" time="0.009">
		</testcase>
	</testsuite>
	<testsuite id="2" name="old_factory_forward_pressure_reward_cache_audio_test" package="tests/unit/gameplay" timestamp="2026-07-06T06:42:36" hostname="localhost" tests="2" failures="0" errors="0" skipped="0" flaky="0" time="0.016">
		<testcase name="test_forward_pressure_reward_cache_claim_routes_one_spatial_audio_event" classname="old_factory_forward_pressure_reward_cache_audio_test" time="0.006">
		</testcase>
		<testcase name="test_restored_forward_pressure_reward_cache_does_not_replay_audio_feedback" classname="old_factory_forward_pressure_reward_cache_audio_test" time="0.005">
		</testcase>
	</testsuite>
	<testsuite id="3" name="old_factory_lower_deck_forward_pressure_reward_cache_test" package="tests/unit/gameplay" timestamp="2026-07-06T06:42:36" hostname="localhost" tests="2" failures="0" errors="0" skipped="0" flaky="0" time="0.025">
		<testcase name="test_forward_pressure_reward_cache_requires_counter_ambush_clear_and_keeps_lift_optional" classname="old_factory_lower_deck_forward_pressure_reward_cache_test" time="0.008">
		</testcase>
		<testcase name="test_forward_pressure_reward_cache_claim_persists_without_replaying_forward_chain" classname="old_factory_lower_deck_forward_pressure_reward_cache_test" time="0.008">
		</testcase>
	</testsuite>
	<testsuite id="4" name="old_factory_lower_deck_forward_pressure_counter_ambush_test" package="tests/unit/gameplay" timestamp="2026-07-06T06:42:36" hostname="localhost" tests="2" failures="0" errors="0" skipped="0" flaky="0" time="0.026">
		<testcase name="test_forward_pressure_counter_ambush_requires_crossed_traverse_and_activates_enemy_hazard" classname="old_factory_lower_deck_forward_pressure_counter_ambush_test" time="0.009">
		</testcase>
		<testcase name="test_forward_pressure_counter_ambush_defeat_persists_and_restores_without_replay" classname="old_factory_lower_deck_forward_pressure_counter_ambush_test" time="0.008">
		</testcase>
	</testsuite>
	<testsuite id="5" name="old_factory_lower_deck_forward_pressure_traverse_test" package="tests/unit/gameplay" timestamp="2026-07-06T06:42:36" hostname="localhost" tests="2" failures="0" errors="0" skipped="0" flaky="0" time="0.029">
		<testcase name="test_forward_pressure_traverse_requires_secured_conduit_and_starts_on_boundary" classname="old_factory_lower_deck_forward_pressure_traverse_test" time="0.009">
		</testcase>
		<testcase name="test_forward_pressure_traverse_active_window_damage_and_crossed_state_persist" classname="old_factory_lower_deck_forward_pressure_traverse_test" time="0.008">
		</testcase>
	</testsuite>
	<testsuite id="6" name="old_factory_lower_deck_breach_relay_feedback_test" package="tests/unit/gameplay" timestamp="2026-07-06T06:42:36" hostname="localhost" tests="4" failures="0" errors="0" skipped="0" flaky="0" time="0.030">
		<testcase name="test_breach_relay_mounts_generated_activation_feedback_texture" classname="old_factory_lower_deck_breach_relay_feedback_test" time="0.005">
		</testcase>
		<testcase name="test_breach_relay_activation_spawns_one_short_lived_feedback_vfx" classname="old_factory_lower_deck_breach_relay_feedback_test" time="0.006">
		</testcase>
		<testcase name="test_breach_relay_activation_routes_one_spatial_audio_feedback_event" classname="old_factory_lower_deck_breach_relay_feedback_test" time="0.005">
		</testcase>
		<testcase name="test_restored_breach_relay_does_not_replay_activation_feedback" classname="old_factory_lower_deck_breach_relay_feedback_test" time="0.005">
		</testcase>
	</testsuite>
	<testsuite id="7" name="old_factory_return_checkpoint_test" package="tests/unit/gameplay" timestamp="2026-07-06T06:42:36" hostname="localhost" tests="7" failures="0" errors="0" skipped="0" flaky="0" time="0.125">
		<testcase name="test_return_checkpoint_stays_hidden_until_return_patrol_clear" classname="old_factory_return_checkpoint_test" time="0.005">
		</testcase>
		<testcase name="test_return_checkpoint_activation_records_scene_local_checkpoint" classname="old_factory_return_checkpoint_test" time="0.009">
		</testcase>
		<testcase name="test_return_checkpoint_drives_non_boss_respawn_scene_selection" classname="old_factory_return_checkpoint_test" time="0.005">
		</testcase>
		<testcase name="test_scene_manager_return_checkpoint_spawn_moves_player_to_checkpoint" classname="old_factory_return_checkpoint_test" time="0.005">
		</testcase>
		<testcase name="test_non_boss_death_runtime_swaps_to_factory_checkpoint_spawn" classname="old_factory_return_checkpoint_test" time="0.066">
		</testcase>
		<testcase name="test_factory_runtime_death_preserves_checkpoint_state_on_same_scene_respawn" classname="old_factory_return_checkpoint_test" time="0.011">
		</testcase>
		<testcase name="test_factory_player_death_signal_drives_return_checkpoint_respawn_runtime" classname="old_factory_return_checkpoint_test" time="0.006">
		</testcase>
	</testsuite>
	<testsuite id="8" name="old_factory_service_lift_scene_manager_exit_test" package="tests/unit/gameplay" timestamp="2026-07-06T06:42:36" hostname="localhost" tests="2" failures="0" errors="0" skipped="0" flaky="0" time="0.056">
		<testcase name="test_service_lift_requests_main_scrap_roost_exit_after_factory_route_clear" classname="old_factory_service_lift_scene_manager_exit_test" time="0.025">
		</testcase>
		<testcase name="test_service_lift_does_not_activate_when_scene_manager_rejects_exit" classname="old_factory_service_lift_scene_manager_exit_test" time="0.025">
		</testcase>
	</testsuite>
	<testsuite id="9" name="factory_route_runtime_roundtrip_test" package="tests/unit/gameplay" timestamp="2026-07-06T06:42:36" hostname="localhost" tests="1" failures="0" errors="0" skipped="0" flaky="0" time="0.102">
		<testcase name="test_factory_route_roundtrips_through_runtime_scene_root_to_scrap_roost" classname="factory_route_runtime_roundtrip_test" time="0.097">
		</testcase>
	</testsuite>
	<testsuite id="10" name="player_respawn_visual_feedback_test" package="tests/unit/gameplay" timestamp="2026-07-06T06:42:36" hostname="localhost" tests="3" failures="0" errors="0" skipped="0" flaky="0" time="0.021">
		<testcase name="test_respawn_starts_visible_transparent_flash_for_invincibility_window" classname="player_respawn_visual_feedback_test" time="0.003">
		</testcase>
		<testcase name="test_respawn_visual_stops_when_game_flow_unlocks" classname="player_respawn_visual_feedback_test" time="0.007">
		</testcase>
		<testcase name="test_respawn_visual_does_not_override_damage_color_after_window" classname="player_respawn_visual_feedback_test" time="0.005">
		</testcase>
	</testsuite>
	<testsuite id="11" name="no_loss_respawn_state_contract_test" package="tests/unit/gameplay" timestamp="2026-07-06T06:42:36" hostname="localhost" tests="2" failures="0" errors="0" skipped="0" flaky="0" time="0.014">
		<testcase name="test_death_respawn_restores_currency_inventory_weapons_and_world_flags" classname="no_loss_respawn_state_contract_test" time="0.003">
		</testcase>
		<testcase name="test_no_loss_contract_keeps_health_restore_owned_by_revive_percentage" classname="no_loss_respawn_state_contract_test" time="0.007">
		</testcase>
	</testsuite>
</testsuites>
