<?xml version="1.0" encoding="UTF-8" ?>
<testsuites id="2026-06-30" name="report_954" tests="3" failures="0" skipped="0" flaky="0" time="0.000">
	<testsuite id="0" name="old_factory_return_checkpoint_test" package="tests/unit/gameplay" timestamp="2026-06-30T12:30:26" hostname="localhost" tests="3" failures="0" errors="0" skipped="0" flaky="0" time="0.202">
		<testcase name="test_return_checkpoint_stays_hidden_until_return_patrol_clear" classname="old_factory_return_checkpoint_test" time="0.123">
		</testcase>
		<testcase name="test_return_checkpoint_activation_records_scene_local_checkpoint" classname="old_factory_return_checkpoint_test" time="0.037">
		</testcase>
		<testcase name="test_return_checkpoint_drives_non_boss_respawn_scene_selection" classname="old_factory_return_checkpoint_test" time="0.034">
		</testcase>
	</testsuite>
</testsuites>
