<?xml version="1.0" encoding="UTF-8" ?>
<testsuites id="2026-06-26" name="report_756" tests="3" failures="4" skipped="0" flaky="0" time="0.000">
	<testsuite id="0" name="boss2_double_jump_payoff_runtime_test" package="tests/unit/gameplay" timestamp="2026-06-26T07:01:58" hostname="localhost" tests="3" failures="4" errors="0" skipped="0" flaky="0" time="0.011">
		<testcase name="test_boss2_echo_guardian_character_assets_follow_frame_animation_rules" classname="boss2_double_jump_payoff_runtime_test" time="0.006">
			<failure message="FAILED: res://tests/unit/gameplay/boss2_double_jump_payoff_runtime_test.gd:40" type="FAILURE">
<![CDATA[
Expecting: 'true' but is 'false'
]]>
			</failure>
			<failure message="FAILED: res://tests/unit/gameplay/boss2_double_jump_payoff_runtime_test.gd:41" type="FAILURE">
<![CDATA[
Expecting: 'true' but is 'false'
]]>
			</failure>
			<failure message="FAILED: res://tests/unit/gameplay/boss2_double_jump_payoff_runtime_test.gd:42" type="FAILURE">
<![CDATA[
Expecting: 'true' but is 'false'
]]>
			</failure>
			<failure message="FAILED: res://tests/unit/gameplay/boss2_double_jump_payoff_runtime_test.gd:45" type="FAILURE">
<![CDATA[
Expecting: not to be '<null>'
]]>
			</failure>
		</testcase>
	</testsuite>
</testsuites>
