<?xml version="1.0" encoding="UTF-8" ?>
<testsuites id="2026-06-30" name="report_902" tests="1" failures="1" skipped="0" flaky="0" time="0.000">
	<testsuite id="0" name="factory_route_runtime_roundtrip_test" package="tests/unit/gameplay" timestamp="2026-06-30T10:15:40" hostname="localhost" tests="1" failures="1" errors="0" skipped="0" flaky="0" time="0.049">
		<testcase name="test_factory_route_roundtrips_through_runtime_scene_root_to_scrap_roost" classname="factory_route_runtime_roundtrip_test" time="0.044">
			<failure message="FAILED: res://tests/unit/gameplay/factory_route_runtime_roundtrip_test.gd:131" type="FAILURE">
<![CDATA[
Expecting:
 '(970.0, 352.0)'
 in range between
 '(209.99, 431.99)' <> '(210.01, 432.01)'
]]>
			</failure>
		</testcase>
	</testsuite>
</testsuites>
