<?xml version="1.0" encoding="UTF-8" ?>
<testsuites id="2026-07-22" name="report_2410" tests="7" failures="0" skipped="0" flaky="0" time="0.000">
	<testsuite id="0" name="old_factory_service_sluice_tailrace_relay_runoff_pincer_exit_spillway_production_hazard_traverse_sluice_leech_handoff_test" package="tests/integration/gameplay" timestamp="2026-07-22T13:54:13" hostname="localhost" tests="1" failures="0" errors="0" skipped="0" flaky="0" time="0.397">
		<testcase name="test_real_move_runs_spillway_damage_crossing_and_leech_handoff" classname="old_factory_service_sluice_tailrace_relay_runoff_pincer_exit_spillway_production_hazard_traverse_sluice_leech_handoff_test" time="0.394">
		</testcase>
	</testsuite>
	<testsuite id="1" name="old_factory_service_sluice_tailrace_relay_runoff_pincer_exit_hatch_production_input_spillway_handoff_test" package="tests/integration/gameplay" timestamp="2026-07-22T13:54:13" hostname="localhost" tests="1" failures="0" errors="0" skipped="0" flaky="0" time="0.108">
		<testcase name="test_stale_interact_then_fresh_interact_opens_pincer_exit_once_and_leaves_spillway_waiting" classname="old_factory_service_sluice_tailrace_relay_runoff_pincer_exit_hatch_production_input_spillway_handoff_test" time="0.106">
		</testcase>
	</testsuite>
	<testsuite id="2" name="old_factory_lower_deck_forward_pressure_aftershock_condenser_overflow_pump_runoff_outlet_service_sluice_tailrace_relay_runoff_pincer_exit_spillway_test" package="tests/unit/gameplay" timestamp="2026-07-22T13:54:13" hostname="localhost" tests="2" failures="0" errors="0" skipped="0" flaky="0" time="0.213">
		<testcase name="test_pincer_exit_spillway_requires_hatch_and_uses_active_only_contact" classname="old_factory_lower_deck_forward_pressure_aftershock_condenser_overflow_pump_runoff_outlet_service_sluice_tailrace_relay_runoff_pincer_exit_spillway_test" time="0.106">
		</testcase>
		<testcase name="test_pincer_exit_spillway_restore_backfills_hatch_without_replay" classname="old_factory_lower_deck_forward_pressure_aftershock_condenser_overflow_pump_runoff_outlet_service_sluice_tailrace_relay_runoff_pincer_exit_spillway_test" time="0.097">
		</testcase>
	</testsuite>
	<testsuite id="3" name="old_factory_tailrace_exit_spillway_visual_pass_test" package="tests/unit/gameplay" timestamp="2026-07-22T13:54:14" hostname="localhost" tests="1" failures="0" errors="0" skipped="0" flaky="0" time="0.102">
		<testcase name="test_tailrace_exit_spillway_uses_dedicated_generated_visual" classname="old_factory_tailrace_exit_spillway_visual_pass_test" time="0.097">
		</testcase>
	</testsuite>
	<testsuite id="4" name="old_factory_tailrace_exit_spillway_sluice_leech_skirmish_test" package="tests/unit/gameplay" timestamp="2026-07-22T13:54:14" hostname="localhost" tests="2" failures="0" errors="0" skipped="0" flaky="0" time="0.134">
		<testcase name="test_sluice_leech_character_assets_and_forward_lunge_contract" classname="old_factory_tailrace_exit_spillway_sluice_leech_skirmish_test" time="0.006">
		</testcase>
		<testcase name="test_spillway_crossed_gates_sluice_leech_skirmish_and_restores_clear" classname="old_factory_tailrace_exit_spillway_sluice_leech_skirmish_test" time="0.119">
		</testcase>
	</testsuite>
</testsuites>
