<?xml version="1.0" encoding="UTF-8" ?>
<testsuites id="2026-07-09" name="report_1226" tests="4" failures="0" skipped="0" flaky="0" time="0.000">
	<testsuite id="0" name="old_factory_lower_deck_forward_pressure_aftershock_cooling_duct_traverse_test" package="tests/unit/gameplay" timestamp="2026-07-09T04:07:54" hostname="localhost" tests="2" failures="0" errors="0" skipped="0" flaky="0" time="0.317">
		<testcase name="test_cooling_duct_requires_exit_hatch_open_and_extends_playable_space" classname="old_factory_lower_deck_forward_pressure_aftershock_cooling_duct_traverse_test" time="0.242">
		</testcase>
		<testcase name="test_cooling_duct_active_window_damage_and_crossed_state_persist" classname="old_factory_lower_deck_forward_pressure_aftershock_cooling_duct_traverse_test" time="0.066">
		</testcase>
	</testsuite>
	<testsuite id="1" name="old_factory_lower_deck_forward_pressure_aftershock_exhaust_exit_hatch_test" package="tests/unit/gameplay" timestamp="2026-07-09T04:07:54" hostname="localhost" tests="2" failures="0" errors="0" skipped="0" flaky="0" time="0.133">
		<testcase name="test_exit_hatch_requires_escape_skirmish_clear_and_opens_once" classname="old_factory_lower_deck_forward_pressure_aftershock_exhaust_exit_hatch_test" time="0.065">
		</testcase>
		<testcase name="test_exit_hatch_restore_preserves_previous_chain_without_replay" classname="old_factory_lower_deck_forward_pressure_aftershock_exhaust_exit_hatch_test" time="0.060">
		</testcase>
	</testsuite>
</testsuites>
