<?xml version="1.0" encoding="UTF-8" ?>
<testsuites id="2026-06-30" name="report_885" tests="21" failures="0" skipped="0" flaky="0" time="0.000">
	<testsuite id="0" name="old_factory_route_objective_handoff_test" package="tests/unit/gameplay" timestamp="2026-06-30T08:50:05" hostname="localhost" tests="2" failures="0" errors="0" skipped="0" flaky="0" time="0.112">
		<testcase name="test_factory_route_objective_progresses_from_arrival_to_spark_rat_clear" classname="old_factory_route_objective_handoff_test" time="0.085">
		</testcase>
		<testcase name="test_factory_route_objective_restores_from_scene_local_state" classname="old_factory_route_objective_handoff_test" time="0.022">
		</testcase>
	</testsuite>
	<testsuite id="1" name="old_factory_entrance_combat_slice_runtime_test" package="tests/unit/gameplay" timestamp="2026-06-30T08:50:06" hostname="localhost" tests="4" failures="0" errors="0" skipped="0" flaky="0" time="0.100">
		<testcase name="test_factory_entrance_scene_contains_player_spawn_platforms_and_generated_background" classname="old_factory_entrance_combat_slice_runtime_test" time="0.022">
		</testcase>
		<testcase name="test_factory_entrance_contains_visible_animated_combat_object" classname="old_factory_entrance_combat_slice_runtime_test" time="0.023">
		</testcase>
		<testcase name="test_factory_entrance_player_attack_damages_room_combat_object" classname="old_factory_entrance_combat_slice_runtime_test" time="0.023">
		</testcase>
		<testcase name="test_scene_manager_runtime_swap_reaches_old_factory_combat_slice" classname="old_factory_entrance_combat_slice_runtime_test" time="0.023">
		</testcase>
	</testsuite>
	<testsuite id="2" name="old_factory_deep_route_micro_slice_runtime_test" package="tests/unit/gameplay" timestamp="2026-06-30T08:50:06" hostname="localhost" tests="4" failures="0" errors="0" skipped="0" flaky="0" time="0.098">
		<testcase name="test_factory_room_contains_generated_deep_route_endpoint_without_placeholder_art" classname="old_factory_deep_route_micro_slice_runtime_test" time="0.022">
		</testcase>
		<testcase name="test_factory_deep_route_uses_second_animated_rat_guard" classname="old_factory_deep_route_micro_slice_runtime_test" time="0.022">
		</testcase>
		<testcase name="test_deep_route_unlocks_after_second_guard_defeat_and_endpoint_activates_once" classname="old_factory_deep_route_micro_slice_runtime_test" time="0.023">
		</testcase>
		<testcase name="test_deep_route_state_restores_guard_and_endpoint_progress" classname="old_factory_deep_route_micro_slice_runtime_test" time="0.022">
		</testcase>
	</testsuite>
	<testsuite id="3" name="old_factory_deep_route_unlock_feedback_test" package="tests/unit/gameplay" timestamp="2026-06-30T08:50:06" hostname="localhost" tests="5" failures="0" errors="0" skipped="0" flaky="0" time="0.141">
		<testcase name="test_deep_route_endpoint_mounts_generated_unlock_vfx_texture" classname="old_factory_deep_route_unlock_feedback_test" time="0.022">
		</testcase>
		<testcase name="test_endpoint_activation_spawns_one_generated_unlock_vfx" classname="old_factory_deep_route_unlock_feedback_test" time="0.030">
		</testcase>
		<testcase name="test_duplicate_endpoint_activation_does_not_spawn_extra_unlock_vfx" classname="old_factory_deep_route_unlock_feedback_test" time="0.030">
		</testcase>
		<testcase name="test_unlock_vfx_expires_deterministically_after_lifetime" classname="old_factory_deep_route_unlock_feedback_test" time="0.030">
		</testcase>
		<testcase name="test_restoring_cleared_deep_route_does_not_replay_unlock_vfx" classname="old_factory_deep_route_unlock_feedback_test" time="0.021">
		</testcase>
	</testsuite>
	<testsuite id="4" name="old_factory_spark_rat_pacing_polish_test" package="tests/unit/gameplay" timestamp="2026-06-30T08:50:06" hostname="localhost" tests="5" failures="0" errors="0" skipped="0" flaky="0" time="0.208">
		<testcase name="test_spark_rat_waits_for_pacing_trigger_after_endpoint_open" classname="old_factory_spark_rat_pacing_polish_test" time="0.039">
		</testcase>
		<testcase name="test_spark_rat_activation_starts_with_opening_grace_before_first_bite" classname="old_factory_spark_rat_pacing_polish_test" time="0.044">
		</testcase>
		<testcase name="test_spark_rat_patrols_until_player_enters_alert_radius" classname="old_factory_spark_rat_pacing_polish_test" time="0.046">
		</testcase>
		<testcase name="test_spark_rat_first_bite_respects_extended_attack_tell_before_damage" classname="old_factory_spark_rat_pacing_polish_test" time="0.048">
		</testcase>
		<testcase name="test_spark_rat_pacing_state_restores_without_replaying_bite_state" classname="old_factory_spark_rat_pacing_polish_test" time="0.023">
		</testcase>
	</testsuite>
	<testsuite id="5" name="boss2_victory_route_handoff_test" package="tests/unit/gameplay" timestamp="2026-06-30T08:50:06" hostname="localhost" tests="1" failures="0" errors="0" skipped="0" flaky="0" time="0.044">
		<testcase name="test_boss2_victory_reward_handoff_opens_factory_route_transition" classname="boss2_victory_route_handoff_test" time="0.040">
		</testcase>
	</testsuite>
</testsuites>
