<?xml version="1.0" encoding="UTF-8" ?>
<testsuites id="2026-06-30" name="report_940" tests="2" failures="0" skipped="0" flaky="0" time="0.000">
	<testsuite id="0" name="old_factory_route_objective_handoff_test" package="tests/unit/gameplay" timestamp="2026-06-30T12:04:59" hostname="localhost" tests="2" failures="0" errors="0" skipped="0" flaky="0" time="0.167">
		<testcase name="test_factory_route_objective_progresses_from_arrival_to_spark_rat_clear" classname="old_factory_route_objective_handoff_test" time="0.129">
		</testcase>
		<testcase name="test_factory_route_objective_restores_from_scene_local_state" classname="old_factory_route_objective_handoff_test" time="0.033">
		</testcase>
	</testsuite>
</testsuites>
