<?xml version="1.0" encoding="UTF-8" ?>
<testsuites id="2026-07-22" name="report_2397" tests="1" failures="0" skipped="0" flaky="0" time="0.000">
	<testsuite id="0" name="old_factory_service_sluice_tailrace_relay_runoff_pincer_reward_cache_production_input_exit_hatch_handoff_test" package="tests/integration/gameplay" timestamp="2026-07-22T12:48:06" hostname="localhost" tests="1" failures="0" errors="0" skipped="0" flaky="0" time="0.110">
		<testcase name="test_fresh_interact_claims_pincer_cache_without_opening_tailrace_exit" classname="old_factory_service_sluice_tailrace_relay_runoff_pincer_reward_cache_production_input_exit_hatch_handoff_test" time="0.108">
		</testcase>
	</testsuite>
</testsuites>
