<?xml version="1.0" encoding="UTF-8" ?>
<testsuites id="2026-07-10" name="report_1299" tests="9" failures="0" skipped="0" flaky="0" time="0.000">
	<testsuite id="0" name="old_factory_lower_deck_forward_pressure_aftershock_condenser_overflow_pump_runoff_outlet_traverse_test" package="tests/unit/gameplay" timestamp="2026-07-09T19:17:18" hostname="localhost" tests="2" failures="0" errors="0" skipped="0" flaky="0" time="0.365">
		<testcase name="test_runoff_outlet_traverse_requires_gate_opened_and_cycles_steam_vent" classname="old_factory_lower_deck_forward_pressure_aftershock_condenser_overflow_pump_runoff_outlet_traverse_test" time="0.278">
		</testcase>
		<testcase name="test_runoff_outlet_restore_backfills_gate_chain_and_stays_safe" classname="old_factory_lower_deck_forward_pressure_aftershock_condenser_overflow_pump_runoff_outlet_traverse_test" time="0.078">
		</testcase>
	</testsuite>
	<testsuite id="1" name="old_factory_lower_deck_forward_pressure_aftershock_condenser_overflow_pump_runoff_exit_reward_cache_test" package="tests/unit/gameplay" timestamp="2026-07-09T19:17:18" hostname="localhost" tests="2" failures="0" errors="0" skipped="0" flaky="0" time="0.171">
		<testcase name="test_runoff_exit_reward_cache_requires_skirmish_clear_and_opens_gate_once" classname="old_factory_lower_deck_forward_pressure_aftershock_condenser_overflow_pump_runoff_exit_reward_cache_test" time="0.084">
		</testcase>
		<testcase name="test_runoff_exit_reward_cache_restore_preserves_exit_chain" classname="old_factory_lower_deck_forward_pressure_aftershock_condenser_overflow_pump_runoff_exit_reward_cache_test" time="0.079">
		</testcase>
	</testsuite>
	<testsuite id="2" name="old_factory_lower_deck_forward_pressure_aftershock_condenser_overflow_pump_runoff_exit_skirmish_test" package="tests/unit/gameplay" timestamp="2026-07-09T19:17:18" hostname="localhost" tests="2" failures="0" errors="0" skipped="0" flaky="0" time="0.176">
		<testcase name="test_runoff_exit_skirmish_requires_runoff_duct_crossed_and_activates_coil_contract" classname="old_factory_lower_deck_forward_pressure_aftershock_condenser_overflow_pump_runoff_exit_skirmish_test" time="0.082">
		</testcase>
		<testcase name="test_runoff_exit_skirmish_defeat_persists_without_replaying_runoff_duct" classname="old_factory_lower_deck_forward_pressure_aftershock_condenser_overflow_pump_runoff_exit_skirmish_test" time="0.086">
		</testcase>
	</testsuite>
	<testsuite id="3" name="old_factory_lower_deck_forward_pressure_aftershock_condenser_overflow_pump_runoff_duct_traverse_test" package="tests/unit/gameplay" timestamp="2026-07-09T19:17:19" hostname="localhost" tests="2" failures="0" errors="0" skipped="0" flaky="0" time="0.174">
		<testcase name="test_runoff_duct_requires_overflow_pump_hatch_open_and_extends_playable_space" classname="old_factory_lower_deck_forward_pressure_aftershock_condenser_overflow_pump_runoff_duct_traverse_test" time="0.082">
		</testcase>
		<testcase name="test_runoff_duct_active_window_damage_and_crossed_state_persist" classname="old_factory_lower_deck_forward_pressure_aftershock_condenser_overflow_pump_runoff_duct_traverse_test" time="0.083">
		</testcase>
	</testsuite>
	<testsuite id="4" name="old_factory_route_floor_platform_visual_pass_test" package="tests/unit/gameplay" timestamp="2026-07-09T19:17:19" hostname="localhost" tests="1" failures="0" errors="0" skipped="0" flaky="0" time="0.080">
		<testcase name="test_factory_route_has_generated_floor_and_platform_visuals" classname="old_factory_route_floor_platform_visual_pass_test" time="0.076">
		</testcase>
	</testsuite>
</testsuites>
