<?xml version="1.0" encoding="UTF-8" ?>
<testsuites id="2026-07-10" name="report_1300" tests="2" failures="4" skipped="0" flaky="0" time="0.000">
	<testsuite id="0" name="old_factory_lower_deck_forward_pressure_aftershock_condenser_overflow_pump_runoff_outlet_skirmish_test" package="tests/unit/gameplay" timestamp="2026-07-09T19:31:27" hostname="localhost" tests="2" failures="4" errors="0" skipped="0" flaky="0" time="0.390">
		<testcase name="test_runoff_outlet_skirmish_requires_outlet_crossed_and_activates_enemy_contract" classname="old_factory_lower_deck_forward_pressure_aftershock_condenser_overflow_pump_runoff_outlet_skirmish_test" time="0.307">
			<failure message="FAILED: res://tests/unit/gameplay/old_factory_lower_deck_forward_pressure_aftershock_condenser_overflow_pump_runoff_outlet_skirmish_test.gd:48" type="FAILURE">
<![CDATA[
Expecting: 'true' but is 'false'
]]>
			</failure>
			<failure message="FAILED: res://tests/unit/gameplay/old_factory_lower_deck_forward_pressure_aftershock_condenser_overflow_pump_runoff_outlet_skirmish_test.gd:51" type="FAILURE">
<![CDATA[
Expecting: 'true' but is 'false'
]]>
			</failure>
		</testcase>
		<testcase name="test_runoff_outlet_skirmish_defeat_persists_and_backfills_outlet_chain" classname="old_factory_lower_deck_forward_pressure_aftershock_condenser_overflow_pump_runoff_outlet_skirmish_test" time="0.076">
			<failure message="FAILED: res://tests/unit/gameplay/old_factory_lower_deck_forward_pressure_aftershock_condenser_overflow_pump_runoff_outlet_skirmish_test.gd:147" type="FAILURE">
<![CDATA[
Expecting: 'true' but is 'false'
]]>
			</failure>
			<failure message="FAILED: res://tests/unit/gameplay/old_factory_lower_deck_forward_pressure_aftershock_condenser_overflow_pump_runoff_outlet_skirmish_test.gd:150" type="FAILURE">
<![CDATA[
Expecting: 'true' but is 'false'
]]>
			</failure>
		</testcase>
	</testsuite>
</testsuites>
