<?xml version="1.0" encoding="UTF-8" ?>
<testsuites id="2026-07-10" name="report_1287" tests="2" failures="0" skipped="0" flaky="0" time="0.000">
	<testsuite id="0" name="old_factory_lower_deck_forward_pressure_aftershock_condenser_overflow_pump_runoff_duct_traverse_test" package="tests/unit/gameplay" timestamp="2026-07-09T18:10:53" hostname="localhost" tests="2" failures="0" errors="0" skipped="0" flaky="0" time="0.400">
		<testcase name="test_runoff_duct_requires_overflow_pump_hatch_open_and_extends_playable_space" classname="old_factory_lower_deck_forward_pressure_aftershock_condenser_overflow_pump_runoff_duct_traverse_test" time="0.310">
		</testcase>
		<testcase name="test_runoff_duct_active_window_damage_and_crossed_state_persist" classname="old_factory_lower_deck_forward_pressure_aftershock_condenser_overflow_pump_runoff_duct_traverse_test" time="0.081">
		</testcase>
	</testsuite>
</testsuites>
