<?xml version="1.0" encoding="UTF-8" ?>
<testsuites id="2026-07-09" name="report_1224" tests="2" failures="1" skipped="0" flaky="0" time="0.000">
	<testsuite id="0" name="old_factory_lower_deck_forward_pressure_aftershock_cooling_duct_traverse_test" package="tests/unit/gameplay" timestamp="2026-07-09T04:05:43" hostname="localhost" tests="2" failures="1" errors="0" skipped="0" flaky="0" time="0.348">
		<testcase name="test_cooling_duct_requires_exit_hatch_open_and_extends_playable_space" classname="old_factory_lower_deck_forward_pressure_aftershock_cooling_duct_traverse_test" time="0.276">
			<failure message="FAILED: res://tests/unit/gameplay/old_factory_lower_deck_forward_pressure_aftershock_cooling_duct_traverse_test.gd:102" type="FAILURE">
<![CDATA[
Expecting:
 'res://assets/environment/old_factory_aftershock_cooling_duct/env_old_factory_aftershock_cooling_duct_768.png'
 but was
 'res://assets/environment/old_factory_aftershock_cooling_duct/env_old_factory_aftershock_cooling_duct_768.png'
]]>
			</failure>
		</testcase>
		<testcase name="test_cooling_duct_active_window_damage_and_crossed_state_persist" classname="old_factory_lower_deck_forward_pressure_aftershock_cooling_duct_traverse_test" time="0.062">
		</testcase>
	</testsuite>
</testsuites>
