<?xml version="1.0" encoding="UTF-8" ?>
<testsuites id="2026-07-10" name="report_1" tests="2" failures="2" skipped="0" flaky="0" time="0.000">
	<testsuite id="0" name="old_factory_lower_deck_forward_pressure_aftershock_condenser_overflow_pump_runoff_outlet_service_sluice_traverse_test" package="tests/unit/gameplay" timestamp="2026-07-09T21:07:35" hostname="localhost" tests="2" failures="2" errors="0" skipped="0" flaky="0" time="0.301">
		<testcase name="test_service_sluice_requires_service_hatch_open_and_extends_playable_space" classname="old_factory_lower_deck_forward_pressure_aftershock_condenser_overflow_pump_runoff_outlet_service_sluice_traverse_test" time="0.292">
			<failure message="FAILED: res://tests/unit/gameplay/old_factory_lower_deck_forward_pressure_aftershock_condenser_overflow_pump_runoff_outlet_service_sluice_traverse_test.gd:143" type="FAILURE">
<![CDATA[
Expecting:
 'Runoff Outlet Service Hatch Open'
 but was
 'Open Runoff Outlet Service Hatch Open'
]]>
			</failure>
			<failure message="FAILED: res://tests/unit/gameplay/old_factory_lower_deck_forward_pressure_aftershock_condenser_overflow_pump_runoff_outlet_service_sluice_traverse_test.gd:164" type="FAILURE">
<![CDATA[
Expecting:
 'Cross Runoff Outlet Service Sluice'
 but was
 'CrossOpen Runoff Outlet Service SluiHatceh'
]]>
			</failure>
		</testcase>
	</testsuite>
</testsuites>
