<?xml version="1.0" encoding="UTF-8" ?>
<testsuites id="2026-07-10" name="report_1284" tests="2" failures="0" skipped="0" flaky="0" time="0.000">
	<testsuite id="0" name="old_factory_lower_deck_forward_pressure_aftershock_condenser_overflow_pump_reward_cache_test" package="tests/unit/gameplay" timestamp="2026-07-09T17:32:17" hostname="localhost" tests="2" failures="0" errors="0" skipped="0" flaky="0" time="0.346">
		<testcase name="test_overflow_pump_reward_cache_requires_pump_clear_and_opens_exit_hatch_once" classname="old_factory_lower_deck_forward_pressure_aftershock_condenser_overflow_pump_reward_cache_test" time="0.262">
		</testcase>
		<testcase name="test_overflow_pump_reward_cache_restore_preserves_condenser_chain_and_lift" classname="old_factory_lower_deck_forward_pressure_aftershock_condenser_overflow_pump_reward_cache_test" time="0.075">
		</testcase>
	</testsuite>
</testsuites>
