<?xml version="1.0" encoding="UTF-8" ?>
<testsuites id="2026-06-30" name="report_832" tests="2" failures="0" skipped="0" flaky="0" time="0.000">
	<testsuite id="0" name="boss2_hud_hit_feedback_arena_visual_runtime_test" package="tests/unit/gameplay" timestamp="2026-06-30T05:46:26" hostname="localhost" tests="2" failures="0" errors="0" skipped="0" flaky="0" time="0.057">
		<testcase name="test_boss2_arena_frame_uses_authored_transparent_environment_asset" classname="boss2_hud_hit_feedback_arena_visual_runtime_test" time="0.046">
		</testcase>
		<testcase name="test_boss2_damage_triggers_short_hud_hit_flash_without_losing_focus" classname="boss2_hud_hit_feedback_arena_visual_runtime_test" time="0.006">
		</testcase>
	</testsuite>
</testsuites>
