<?xml version="1.0" encoding="UTF-8" ?>
<testsuites id="2026-06-25" name="report_526" tests="7" failures="0" skipped="0" flaky="0" time="0.000">
	<testsuite id="0" name="story_010_scene_memory_budget_diagnostics_test" package="tests/unit/scene" timestamp="2026-06-25T04:06:29" hostname="localhost" tests="7" failures="0" errors="0" skipped="0" flaky="0" time="0.074">
		<testcase name="test_memory_budget_diagnostics_reports_platform_budget_and_resident_estimates" classname="story_010_scene_memory_budget_diagnostics_test" time="0.005">
		</testcase>
		<testcase name="test_enforce_memory_budget_evicts_previous_cache_without_removing_current_scene" classname="story_010_scene_memory_budget_diagnostics_test" time="0.013">
		</testcase>
		<testcase name="test_unknown_platform_defaults_to_pc_budget_and_missing_estimators_count_zero" classname="story_010_scene_memory_budget_diagnostics_test" time="0.004">
		</testcase>
		<testcase name="test_console_and_empty_platform_budgets_are_normalized" classname="story_010_scene_memory_budget_diagnostics_test" time="0.008">
		</testcase>
		<testcase name="test_memory_diagnostics_include_pending_reused_scene_and_update_after_deferred_unload" classname="story_010_scene_memory_budget_diagnostics_test" time="0.014">
		</testcase>
		<testcase name="test_enforce_memory_budget_returns_false_when_already_within_budget" classname="story_010_scene_memory_budget_diagnostics_test" time="0.005">
		</testcase>
		<testcase name="test_memory_budget_exceeded_signal_emits_once_until_budget_recovers" classname="story_010_scene_memory_budget_diagnostics_test" time="0.015">
		</testcase>
	</testsuite>
</testsuites>
