<?xml version="1.0" encoding="UTF-8" ?>
<testsuites id="2026-07-02" name="report_1096" tests="5" failures="0" skipped="0" flaky="0" time="0.000">
	<testsuite id="0" name="old_factory_spark_rat_dodge_counter_readability_test" package="tests/unit/gameplay" timestamp="2026-07-02T09:04:39" hostname="localhost" tests="5" failures="0" errors="0" skipped="0" flaky="0" time="0.456">
		<testcase name="test_spark_rat_bite_dodged_during_iframe_opens_cat_claw_counter_window" classname="old_factory_spark_rat_dodge_counter_readability_test" time="0.204">
		</testcase>
		<testcase name="test_spark_rat_bite_during_visible_dodge_before_iframe_still_damages_player" classname="old_factory_spark_rat_dodge_counter_readability_test" time="0.062">
		</testcase>
		<testcase name="test_spark_rat_bite_only_resolves_during_active_frames_and_once_per_attack" classname="old_factory_spark_rat_dodge_counter_readability_test" time="0.061">
		</testcase>
		<testcase name="test_cat_claw_hit_during_spark_rat_counter_window_consumes_bonus_once" classname="old_factory_spark_rat_dodge_counter_readability_test" time="0.061">
		</testcase>
		<testcase name="test_spark_rat_bite_without_dodge_damages_player_for_existing_contract" classname="old_factory_spark_rat_dodge_counter_readability_test" time="0.061">
		</testcase>
	</testsuite>
</testsuites>
