<?xml version="1.0" encoding="UTF-8" ?>
<testsuites id="2026-07-09" name="report_1265" tests="1" failures="0" skipped="0" flaky="0" time="0.000">
	<testsuite id="0" name="old_factory_route_floor_platform_visual_pass_test" package="tests/unit/gameplay" timestamp="2026-07-09T13:58:35" hostname="localhost" tests="1" failures="0" errors="0" skipped="0" flaky="0" time="0.264">
		<testcase name="test_factory_route_has_generated_floor_and_platform_visuals" classname="old_factory_route_floor_platform_visual_pass_test" time="0.261">
		</testcase>
	</testsuite>
</testsuites>
