<?xml version="1.0" encoding="UTF-8" ?>
<testsuites id="2026-06-24" name="report_359" tests="3" failures="0" skipped="0" flaky="0" time="0.000">
	<testsuite id="0" name="story_007_phase_transition_start_signal_contract_test" package="tests/unit/boss" timestamp="2026-06-24T13:28:58" hostname="localhost" tests="3" failures="0" errors="0" skipped="0" flaky="0" time="0.013">
		<testcase name="test_transition_started_signal_waits_for_ai_idle_and_emits_metadata_once" classname="story_007_phase_transition_start_signal_contract_test" time="0.005">
		</testcase>
		<testcase name="test_health_threshold_ordinals_preserve_actual_phase_start_order" classname="story_007_phase_transition_start_signal_contract_test" time="0.001">
		</testcase>
		<testcase name="test_transition_started_signal_filters_foreign_entity_health_events" classname="story_007_phase_transition_start_signal_contract_test" time="0.002">
		</testcase>
	</testsuite>
</testsuites>
