<?xml version="1.0" encoding="UTF-8" ?>
<testsuites id="2026-07-22" name="report_1" tests="7" failures="0" skipped="0" flaky="0" time="0.000">
	<testsuite id="0" name="old_factory_service_sluice_tailrace_relay_runoff_production_hazard_traverse_pincer_handoff_test" package="tests/integration/gameplay" timestamp="2026-07-22T11:34:57" hostname="localhost" tests="1" failures="0" errors="0" skipped="0" flaky="0" time="0.418">
		<testcase name="test_real_move_runs_relay_runoff_damage_crossing_and_pincer_handoff" classname="old_factory_service_sluice_tailrace_relay_runoff_production_hazard_traverse_pincer_handoff_test" time="0.413">
		</testcase>
	</testsuite>
	<testsuite id="1" name="old_factory_service_sluice_tailrace_relay_production_contact_respawn_runoff_handoff_test" package="tests/integration/gameplay" timestamp="2026-07-22T11:34:58" hostname="localhost" tests="1" failures="0" errors="0" skipped="0" flaky="0" time="0.631">
		<testcase name="test_real_contact_secures_relay_respawns_and_leaves_runoff_waiting" classname="old_factory_service_sluice_tailrace_relay_production_contact_respawn_runoff_handoff_test" time="0.625">
		</testcase>
	</testsuite>
	<testsuite id="2" name="old_factory_service_sluice_tailrace_production_hazard_traverse_ambush_handoff_test" package="tests/integration/gameplay" timestamp="2026-07-22T11:34:58" hostname="localhost" tests="1" failures="0" errors="0" skipped="0" flaky="0" time="0.383">
		<testcase name="test_real_move_runs_tailrace_hazard_crosses_and_leaves_coil_ambush_waiting" classname="old_factory_service_sluice_tailrace_production_hazard_traverse_ambush_handoff_test" time="0.380">
		</testcase>
	</testsuite>
	<testsuite id="3" name="old_factory_lower_deck_forward_pressure_aftershock_condenser_overflow_pump_runoff_outlet_service_sluice_tailrace_relay_runoff_test" package="tests/unit/gameplay" timestamp="2026-07-22T11:34:59" hostname="localhost" tests="2" failures="0" errors="0" skipped="0" flaky="0" time="0.222">
		<testcase name="test_tailrace_relay_runoff_requires_relay_and_uses_active_only_contact" classname="old_factory_lower_deck_forward_pressure_aftershock_condenser_overflow_pump_runoff_outlet_service_sluice_tailrace_relay_runoff_test" time="0.112">
		</testcase>
		<testcase name="test_tailrace_relay_runoff_restore_backfills_relay_chain_without_replay" classname="old_factory_lower_deck_forward_pressure_aftershock_condenser_overflow_pump_runoff_outlet_service_sluice_tailrace_relay_runoff_test" time="0.099">
		</testcase>
	</testsuite>
	<testsuite id="4" name="old_factory_lower_deck_forward_pressure_aftershock_condenser_overflow_pump_runoff_outlet_service_sluice_tailrace_relay_runoff_pincer_test" package="tests/unit/gameplay" timestamp="2026-07-22T11:34:59" hostname="localhost" tests="2" failures="0" errors="0" skipped="0" flaky="0" time="0.226">
		<testcase name="test_tailrace_relay_runoff_pincer_requires_runoff_crossed_and_activates_dual_rats" classname="old_factory_lower_deck_forward_pressure_aftershock_condenser_overflow_pump_runoff_outlet_service_sluice_tailrace_relay_runoff_pincer_test" time="0.105">
		</testcase>
		<testcase name="test_tailrace_relay_runoff_pincer_requires_both_defeats_and_restores_chain" classname="old_factory_lower_deck_forward_pressure_aftershock_condenser_overflow_pump_runoff_outlet_service_sluice_tailrace_relay_runoff_pincer_test" time="0.111">
		</testcase>
	</testsuite>
</testsuites>
