<?xml version="1.0" encoding="UTF-8" ?>
<testsuites id="2026-06-30" name="report_952" tests="3" failures="2" skipped="0" flaky="0" time="0.000">
	<testsuite id="0" name="old_factory_return_checkpoint_test" package="tests/unit/gameplay" timestamp="2026-06-30T12:26:19" hostname="localhost" tests="3" failures="2" errors="0" skipped="0" flaky="0" time="0.132">
		<testcase name="test_return_checkpoint_stays_hidden_until_return_patrol_clear" classname="old_factory_return_checkpoint_test" time="0.127">
			<failure message="FAILED: res://tests/unit/gameplay/old_factory_return_checkpoint_test.gd:52" type="FAILURE">
<![CDATA[
Expecting: 'true' but is 'false'
]]>
			</failure>
			<failure message="FAILED: res://tests/unit/gameplay/old_factory_return_checkpoint_test.gd:53" type="FAILURE">
<![CDATA[
Expecting: 'true' but is 'false'
]]>
			</failure>
		</testcase>
	</testsuite>
</testsuites>
