<?xml version="1.0" encoding="UTF-8" ?>
<testsuites id="2026-07-09" name="report_1179" tests="3" failures="0" skipped="0" flaky="0" time="0.000">
	<testsuite id="0" name="old_factory_lower_deck_forward_pressure_aftershock_reward_cache_test" package="tests/unit/gameplay" timestamp="2026-07-08T19:08:18" hostname="localhost" tests="3" failures="0" errors="0" skipped="0" flaky="0" time="0.405">
		<testcase name="test_aftershock_reward_cache_requires_aftershock_clear_and_keeps_lift_optional" classname="old_factory_lower_deck_forward_pressure_aftershock_reward_cache_test" time="0.271">
		</testcase>
		<testcase name="test_aftershock_reward_cache_claim_persists_without_replaying_forward_chain" classname="old_factory_lower_deck_forward_pressure_aftershock_reward_cache_test" time="0.064">
		</testcase>
		<testcase name="test_aftershock_reward_cache_unlocks_on_live_aftershock_defeat" classname="old_factory_lower_deck_forward_pressure_aftershock_reward_cache_test" time="0.062">
		</testcase>
	</testsuite>
</testsuites>
