<?xml version="1.0" encoding="UTF-8" ?>
<testsuites id="2026-07-10" name="report_1278" tests="9" failures="0" skipped="0" flaky="0" time="0.000">
	<testsuite id="0" name="boss2_victory_route_handoff_test" package="tests/unit/gameplay" timestamp="2026-07-09T16:33:10" hostname="localhost" tests="1" failures="0" errors="0" skipped="0" flaky="0" time="0.069">
		<testcase name="test_boss2_victory_reward_handoff_opens_factory_route_transition" classname="boss2_victory_route_handoff_test" time="0.066">
		</testcase>
	</testsuite>
	<testsuite id="1" name="boss2_double_jump_payoff_runtime_test" package="tests/unit/gameplay" timestamp="2026-07-09T16:33:10" hostname="localhost" tests="3" failures="0" errors="0" skipped="0" flaky="0" time="0.096">
		<testcase name="test_boss2_echo_guardian_character_assets_follow_frame_animation_rules" classname="boss2_double_jump_payoff_runtime_test" time="0.002">
		</testcase>
		<testcase name="test_boss2_defeat_opens_double_jump_reward_and_syncs_gate_save_state" classname="boss2_double_jump_payoff_runtime_test" time="0.042">
		</testcase>
		<testcase name="test_boss2_payoff_is_idempotent_with_hidden_double_jump_path_and_restore" classname="boss2_double_jump_payoff_runtime_test" time="0.045">
		</testcase>
	</testsuite>
	<testsuite id="2" name="boss2_room_seal_runtime_test" package="tests/unit/gameplay" timestamp="2026-07-09T16:33:10" hostname="localhost" tests="3" failures="0" errors="0" skipped="0" flaky="0" time="0.129">
		<testcase name="test_active_boss2_room_seals_are_visible_and_blocking" classname="boss2_room_seal_runtime_test" time="0.041">
		</testcase>
		<testcase name="test_defeated_progress_opens_boss2_room_seals_without_hiding_reward" classname="boss2_room_seal_runtime_test" time="0.042">
		</testcase>
		<testcase name="test_restored_defeated_progress_keeps_boss2_room_seals_open" classname="boss2_room_seal_runtime_test" time="0.041">
		</testcase>
	</testsuite>
	<testsuite id="3" name="hidden_double_jump_reward_source_runtime_test" package="tests/unit/gameplay" timestamp="2026-07-09T16:33:10" hostname="localhost" tests="2" failures="0" errors="0" skipped="0" flaky="0" time="0.089">
		<testcase name="test_hidden_double_jump_reward_source_unlocks_double_jump_once_and_syncs_runtime" classname="hidden_double_jump_reward_source_runtime_test" time="0.041">
		</testcase>
		<testcase name="test_hidden_double_jump_reward_source_restore_keeps_reward_claimed_and_playable" classname="hidden_double_jump_reward_source_runtime_test" time="0.044">
		</testcase>
	</testsuite>
</testsuites>
