<?xml version="1.0" encoding="UTF-8" ?>
<testsuites id="2026-06-30" name="report_923" tests="2" failures="0" skipped="0" flaky="0" time="0.000">
	<testsuite id="0" name="old_factory_service_lift_handoff_test" package="tests/unit/gameplay" timestamp="2026-06-30T10:58:22" hostname="localhost" tests="2" failures="0" errors="0" skipped="0" flaky="0" time="0.156">
		<testcase name="test_service_lift_is_visible_locked_until_spark_rat_clear_then_activates_once" classname="old_factory_service_lift_handoff_test" time="0.119">
		</testcase>
		<testcase name="test_service_lift_restores_activated_state_without_replaying_feedback" classname="old_factory_service_lift_handoff_test" time="0.032">
		</testcase>
	</testsuite>
</testsuites>
