<?xml version="1.0" encoding="UTF-8" ?>
<testsuites id="2026-07-02" name="report_1094" tests="2" failures="0" skipped="0" flaky="0" time="0.000">
	<testsuite id="0" name="old_factory_lower_deck_forward_conduit_ambush_test" package="tests/unit/gameplay" timestamp="2026-07-02T08:53:22" hostname="localhost" tests="2" failures="0" errors="0" skipped="0" flaky="0" time="0.274">
		<testcase name="test_forward_conduit_ambush_requires_opened_forward_hatch_and_keeps_lift_optional" classname="old_factory_lower_deck_forward_conduit_ambush_test" time="0.209">
		</testcase>
		<testcase name="test_forward_conduit_ambush_clear_persists_without_replaying_relay_forward_chain" classname="old_factory_lower_deck_forward_conduit_ambush_test" time="0.058">
		</testcase>
	</testsuite>
</testsuites>
