<?xml version="1.0" encoding="UTF-8" ?>
<testsuites id="2026-07-09" name="report_1234" tests="19" failures="0" skipped="0" flaky="0" time="0.000">
	<testsuite id="0" name="old_factory_lower_deck_forward_pressure_aftershock_condenser_savepoint_test" package="tests/unit/gameplay" timestamp="2026-07-09T06:16:14" hostname="localhost" tests="2" failures="0" errors="0" skipped="0" flaky="0" time="0.302">
		<testcase name="test_condenser_savepoint_requires_landing_secured_and_records_respawn" classname="old_factory_lower_deck_forward_pressure_aftershock_condenser_savepoint_test" time="0.226">
		</testcase>
		<testcase name="test_condenser_savepoint_persists_and_respawns_without_replaying_landing" classname="old_factory_lower_deck_forward_pressure_aftershock_condenser_savepoint_test" time="0.068">
		</testcase>
	</testsuite>
	<testsuite id="1" name="old_factory_lower_deck_forward_pressure_aftershock_condenser_valve_ambush_test" package="tests/unit/gameplay" timestamp="2026-07-09T06:16:15" hostname="localhost" tests="2" failures="0" errors="0" skipped="0" flaky="0" time="0.141">
		<testcase name="test_condenser_valve_requires_cooling_duct_crossed_and_extends_route" classname="old_factory_lower_deck_forward_pressure_aftershock_condenser_valve_ambush_test" time="0.065">
		</testcase>
		<testcase name="test_condenser_valve_clear_persists_without_replaying_cooling_duct" classname="old_factory_lower_deck_forward_pressure_aftershock_condenser_valve_ambush_test" time="0.067">
		</testcase>
	</testsuite>
	<testsuite id="2" name="old_factory_lower_deck_forward_pressure_aftershock_cooling_duct_traverse_test" package="tests/unit/gameplay" timestamp="2026-07-09T06:16:15" hostname="localhost" tests="2" failures="0" errors="0" skipped="0" flaky="0" time="0.139">
		<testcase name="test_cooling_duct_requires_exit_hatch_open_and_extends_playable_space" classname="old_factory_lower_deck_forward_pressure_aftershock_cooling_duct_traverse_test" time="0.064">
		</testcase>
		<testcase name="test_cooling_duct_active_window_damage_and_crossed_state_persist" classname="old_factory_lower_deck_forward_pressure_aftershock_cooling_duct_traverse_test" time="0.065">
		</testcase>
	</testsuite>
	<testsuite id="3" name="old_factory_lower_deck_forward_pressure_aftershock_exhaust_exit_hatch_test" package="tests/unit/gameplay" timestamp="2026-07-09T06:16:15" hostname="localhost" tests="2" failures="0" errors="0" skipped="0" flaky="0" time="0.133">
		<testcase name="test_exit_hatch_requires_escape_skirmish_clear_and_opens_once" classname="old_factory_lower_deck_forward_pressure_aftershock_exhaust_exit_hatch_test" time="0.064">
		</testcase>
		<testcase name="test_exit_hatch_restore_preserves_previous_chain_without_replay" classname="old_factory_lower_deck_forward_pressure_aftershock_exhaust_exit_hatch_test" time="0.061">
		</testcase>
	</testsuite>
	<testsuite id="4" name="old_factory_lower_deck_forward_pressure_exit_relay_test" package="tests/unit/gameplay" timestamp="2026-07-09T06:16:15" hostname="localhost" tests="2" failures="0" errors="0" skipped="0" flaky="0" time="0.138">
		<testcase name="test_forward_pressure_exit_relay_requires_exit_guard_defeat_and_preserves_lift" classname="old_factory_lower_deck_forward_pressure_exit_relay_test" time="0.064">
		</testcase>
		<testcase name="test_forward_pressure_exit_relay_persists_and_respawns_without_replaying_chain" classname="old_factory_lower_deck_forward_pressure_exit_relay_test" time="0.065">
		</testcase>
	</testsuite>
	<testsuite id="5" name="story_004_savepoint_respawn_selection_test" package="tests/unit/gameplay" timestamp="2026-07-09T06:16:15" hostname="localhost" tests="4" failures="0" errors="0" skipped="0" flaky="0" time="0.094">
		<testcase name="test_last_discovered_savepoint_is_preferred_and_routed_through_scene_manager" classname="story_004_savepoint_respawn_selection_test" time="0.002">
		</testcase>
		<testcase name="test_missing_or_invalid_savepoint_falls_back_to_clan_base" classname="story_004_savepoint_respawn_selection_test" time="0.003">
		</testcase>
		<testcase name="test_boss_entrance_remains_higher_priority_than_discovered_savepoint" classname="story_004_savepoint_respawn_selection_test" time="0.007">
		</testcase>
		<testcase name="test_main_scene_save_system_round_trips_last_discovered_savepoint" classname="story_004_savepoint_respawn_selection_test" time="0.075">
		</testcase>
	</testsuite>
	<testsuite id="6" name="no_loss_respawn_state_contract_test" package="tests/unit/gameplay" timestamp="2026-07-09T06:16:15" hostname="localhost" tests="2" failures="0" errors="0" skipped="0" flaky="0" time="0.014">
		<testcase name="test_death_respawn_restores_currency_inventory_weapons_and_world_flags" classname="no_loss_respawn_state_contract_test" time="0.002">
		</testcase>
		<testcase name="test_no_loss_contract_keeps_health_restore_owned_by_revive_percentage" classname="no_loss_respawn_state_contract_test" time="0.007">
		</testcase>
	</testsuite>
	<testsuite id="7" name="player_respawn_visual_feedback_test" package="tests/unit/gameplay" timestamp="2026-07-09T06:16:15" hostname="localhost" tests="3" failures="0" errors="0" skipped="0" flaky="0" time="0.021">
		<testcase name="test_respawn_starts_visible_transparent_flash_for_invincibility_window" classname="player_respawn_visual_feedback_test" time="0.003">
		</testcase>
		<testcase name="test_respawn_visual_stops_when_game_flow_unlocks" classname="player_respawn_visual_feedback_test" time="0.006">
		</testcase>
		<testcase name="test_respawn_visual_does_not_override_damage_color_after_window" classname="player_respawn_visual_feedback_test" time="0.006">
		</testcase>
	</testsuite>
</testsuites>
