<?xml version="1.0" encoding="UTF-8" ?>
<testsuites id="2026-07-09" name="report_1233" tests="2" failures="0" skipped="0" flaky="0" time="0.000">
	<testsuite id="0" name="old_factory_lower_deck_forward_pressure_aftershock_condenser_savepoint_test" package="tests/unit/gameplay" timestamp="2026-07-09T06:15:11" hostname="localhost" tests="2" failures="0" errors="0" skipped="0" flaky="0" time="0.365">
		<testcase name="test_condenser_savepoint_requires_landing_secured_and_records_respawn" classname="old_factory_lower_deck_forward_pressure_aftershock_condenser_savepoint_test" time="0.286">
		</testcase>
		<testcase name="test_condenser_savepoint_persists_and_respawns_without_replaying_landing" classname="old_factory_lower_deck_forward_pressure_aftershock_condenser_savepoint_test" time="0.072">
		</testcase>
	</testsuite>
</testsuites>
