<?xml version="1.0" encoding="UTF-8" ?>
<testsuites id="2026-07-03" name="report_2" tests="26" failures="0" skipped="0" flaky="0" time="0.000">
	<testsuite id="0" name="audio_system_test" package="tests/unit/presentation" timestamp="2026-07-03T06:51:13" hostname="localhost" tests="24" failures="0" errors="0" skipped="0" flaky="0" time="0.181">
		<testcase name="test_project_registers_audio_system_between_input_and_save_system" classname="audio_system_test" time="0.007">
		</testcase>
		<testcase name="test_audio_system_initializes_default_buses_and_player_pool" classname="audio_system_test" time="0.002">
		</testcase>
		<testcase name="test_set_bus_volume_clamps_values_and_rejects_unknown_bus" classname="audio_system_test" time="0.002">
		</testcase>
		<testcase name="test_play_sfx_records_pitch_spatial_metadata_and_enforces_voice_cap" classname="audio_system_test" time="0.004">
		</testcase>
		<testcase name="test_same_sfx_within_merge_window_reuses_voice_and_boosts_volume" classname="audio_system_test" time="0.007">
		</testcase>
		<testcase name="test_missing_sfx_asset_does_not_consume_pool_voice" classname="audio_system_test" time="0.006">
		</testcase>
		<testcase name="test_default_core_combat_sfx_assets_load_and_play_from_imported_wav_files" classname="audio_system_test" time="0.006">
		</testcase>
		<testcase name="test_boss2_authored_sfx_assets_load_and_event_router_maps_runtime_states" classname="audio_system_test" time="0.006">
		</testcase>
		<testcase name="test_default_ui_audio_assets_load_and_play_on_ui_bus" classname="audio_system_test" time="0.006">
		</testcase>
		<testcase name="test_menu_audio_state_ducks_music_and_restores_previous_state" classname="audio_system_test" time="0.006">
		</testcase>
		<testcase name="test_default_music_and_ambient_assets_load_and_play_from_imported_wav_files" classname="audio_system_test" time="0.006">
		</testcase>
		<testcase name="test_scene_load_start_forces_music_and_ambient_to_fade_out_over_two_seconds" classname="audio_system_test" time="0.006">
		</testcase>
		<testcase name="test_scene_change_crossfades_default_area_music_and_ambient_cues" classname="audio_system_test" time="0.005">
		</testcase>
		<testcase name="test_scene_audio_cues_can_be_overridden_and_unknown_scene_stays_silent" classname="audio_system_test" time="0.007">
		</testcase>
		<testcase name="test_scene_load_failed_clears_transition_state_without_starting_new_cues" classname="audio_system_test" time="0.006">
		</testcase>
		<testcase name="test_hit_event_routes_normal_and_crit_sfx_with_priority" classname="audio_system_test" time="0.006">
		</testcase>
		<testcase name="test_weapon_style_attack_events_route_to_imported_sfx" classname="audio_system_test" time="0.007">
		</testcase>
		<testcase name="test_parry_dodge_enemy_death_and_boss_phase_events_route_to_expected_sfx" classname="audio_system_test" time="0.007">
		</testcase>
		<testcase name="test_double_jump_event_routes_bounce_sfx_with_spatial_metadata" classname="audio_system_test" time="0.006">
		</testcase>
		<testcase name="test_exploration_gate_unlock_event_routes_door_unlock_sfx_with_metadata" classname="audio_system_test" time="0.006">
		</testcase>
		<testcase name="test_savepoint_activation_event_routes_door_unlock_sfx_with_metadata" classname="audio_system_test" time="0.006">
		</testcase>
		<testcase name="test_reward_cache_claim_event_routes_door_unlock_sfx_with_metadata" classname="audio_system_test" time="0.006">
		</testcase>
		<testcase name="test_boss_music_state_hard_cuts_phase_transitions_and_ends_cleanly" classname="audio_system_test" time="0.006">
		</testcase>
		<testcase name="test_focus_mode_switches_damage_taken_to_low_hp_cue" classname="audio_system_test" time="0.006">
		</testcase>
	</testsuite>
	<testsuite id="1" name="old_factory_forward_pressure_reward_cache_audio_test" package="tests/unit/gameplay" timestamp="2026-07-03T06:51:13" hostname="localhost" tests="2" failures="0" errors="0" skipped="0" flaky="0" time="0.285">
		<testcase name="test_forward_pressure_reward_cache_claim_routes_one_spatial_audio_event" classname="old_factory_forward_pressure_reward_cache_audio_test" time="0.222">
		</testcase>
		<testcase name="test_restored_forward_pressure_reward_cache_does_not_replay_audio_feedback" classname="old_factory_forward_pressure_reward_cache_audio_test" time="0.056">
		</testcase>
	</testsuite>
</testsuites>
