<?xml version="1.0" encoding="UTF-8" ?>
<testsuites id="2026-06-25" name="report_485" tests="7" failures="3" skipped="0" flaky="0" time="0.000">
	<testsuite id="0" name="rat_king_live_summon_runtime_test" package="tests/unit/gameplay" timestamp="2026-06-25T01:16:49" hostname="localhost" tests="7" failures="3" errors="0" skipped="0" flaky="0" time="0.017">
		<testcase name="test_rat_minion_character_asset_contract_uses_sprite_frames" classname="rat_king_live_summon_runtime_test" time="0.009">
			<failure message="FAILED: res://tests/unit/gameplay/rat_king_live_summon_runtime_test.gd:37" type="FAILURE">
<![CDATA[
Expecting: 'true' but is 'false'
]]>
			</failure>
			<failure message="FAILED: res://tests/unit/gameplay/rat_king_live_summon_runtime_test.gd:38" type="FAILURE">
<![CDATA[
Expecting: 'true' but is 'false'
]]>
			</failure>
			<failure message="FAILED: res://tests/unit/gameplay/rat_king_live_summon_runtime_test.gd:39" type="FAILURE">
<![CDATA[
Expecting: 'true' but is 'false'
]]>
			</failure>
		</testcase>
	</testsuite>
</testsuites>
