<?xml version="1.0" encoding="UTF-8" ?>
<testsuites id="2026-06-26" name="report_672" tests="4" failures="4" skipped="0" flaky="0" time="0.000">
	<testsuite id="0" name="old_factory_spark_rat_patrol_encounter_test" package="tests/unit/gameplay" timestamp="2026-06-26T00:45:32" hostname="localhost" tests="4" failures="4" errors="0" skipped="0" flaky="0" time="0.011">
		<testcase name="test_factory_spark_rat_character_assets_follow_frame_animation_rules" classname="old_factory_spark_rat_patrol_encounter_test" time="0.006">
			<failure message="FAILED: res://tests/unit/gameplay/old_factory_spark_rat_patrol_encounter_test.gd:41" type="FAILURE">
<![CDATA[
Expecting: 'true' but is 'false'
]]>
			</failure>
			<failure message="FAILED: res://tests/unit/gameplay/old_factory_spark_rat_patrol_encounter_test.gd:42" type="FAILURE">
<![CDATA[
Expecting: 'true' but is 'false'
]]>
			</failure>
			<failure message="FAILED: res://tests/unit/gameplay/old_factory_spark_rat_patrol_encounter_test.gd:43" type="FAILURE">
<![CDATA[
Expecting: 'true' but is 'false'
]]>
			</failure>
			<failure message="FAILED: res://tests/unit/gameplay/old_factory_spark_rat_patrol_encounter_test.gd:46" type="FAILURE">
<![CDATA[
Expecting: not to be '<null>'
]]>
			</failure>
		</testcase>
	</testsuite>
</testsuites>
