<?xml version="1.0" encoding="UTF-8" ?>
<testsuites id="2026-07-10" name="report_1" tests="2" failures="1" skipped="0" flaky="0" time="0.000">
	<testsuite id="0" name="old_factory_lower_deck_forward_pressure_aftershock_condenser_overflow_pump_runoff_outlet_service_sluice_traverse_test" package="tests/unit/gameplay" timestamp="2026-07-09T21:06:21" hostname="localhost" tests="2" failures="1" errors="2" skipped="0" flaky="0" time="0.203">
		<testcase name="test_service_sluice_requires_service_hatch_open_and_extends_playable_space" classname="old_factory_lower_deck_forward_pressure_aftershock_condenser_overflow_pump_runoff_outlet_service_sluice_traverse_test" time="0.194">
			<error message="ERROR: res://tests/unit/gameplay/old_factory_lower_deck_forward_pressure_aftershock_condenser_overflow_pump_runoff_outlet_service_sluice_traverse_test.gd:50" type="ABORT">
<![CDATA[
Godot Runtime Error !
Error: 'Parse Error: Expected end of statement after expression, found ":" instead.'
	at res://tests/unit/gameplay/old_factory_lower_deck_forward_pressure_aftershock_condenser_overflow_pump_runoff_outlet_service_sluice_traverse_test.gd:315
	at res://tests/unit/gameplay/old_factory_lower_deck_forward_pressure_aftershock_condenser_overflow_pump_runoff_outlet_service_sluice_traverse_test.gd:284
	at res://tests/unit/gameplay/old_factory_lower_deck_forward_pressure_aftershock_condenser_overflow_pump_runoff_outlet_service_sluice_traverse_test.gd:50
]]>
			</error>
			<error message="ERROR: res://tests/unit/gameplay/old_factory_lower_deck_forward_pressure_aftershock_condenser_overflow_pump_runoff_outlet_service_sluice_traverse_test.gd:50" type="ABORT">
<![CDATA[
Godot Runtime Error !
Error: 'Invalid call. Nonexistent function 'set_local_state (via call)' in base 'Node2D'.'
	at res://tests/unit/gameplay/old_factory_lower_deck_forward_pressure_aftershock_condenser_overflow_pump_runoff_outlet_service_sluice_traverse_test.gd:287
	at res://tests/unit/gameplay/old_factory_lower_deck_forward_pressure_aftershock_condenser_overflow_pump_runoff_outlet_service_sluice_traverse_test.gd:50
]]>
			</error>
			<failure message="FAILED: res://tests/unit/gameplay/old_factory_lower_deck_forward_pressure_aftershock_condenser_overflow_pump_runoff_outlet_service_sluice_traverse_test.gd:51" type="FAILURE">
<![CDATA[
Expecting: not to be '<null>'
]]>
			</failure>
		</testcase>
	</testsuite>
</testsuites>
