<?xml version="1.0" encoding="UTF-8" ?>
<testsuites id="2026-07-22" name="report_2394" tests="1" failures="0" skipped="0" flaky="0" time="0.000">
	<testsuite id="0" name="old_factory_service_sluice_tailrace_relay_runoff_pincer_production_combat_reward_cache_handoff_test" package="tests/integration/gameplay" timestamp="2026-07-22T12:23:27" hostname="localhost" tests="1" failures="0" errors="0" skipped="0" flaky="0" time="0.853">
		<testcase name="test_real_move_and_attacks_clear_pincer_and_reveal_unclaimed_cache" classname="old_factory_service_sluice_tailrace_relay_runoff_pincer_production_combat_reward_cache_handoff_test" time="0.848">
		</testcase>
	</testsuite>
</testsuites>
