<?xml version="1.0" encoding="UTF-8" ?>
<testsuites id="2026-07-22" name="report_2398" tests="7" failures="0" skipped="0" flaky="0" time="0.000">
	<testsuite id="0" name="old_factory_service_sluice_tailrace_relay_runoff_pincer_reward_cache_production_input_exit_hatch_handoff_test" package="tests/integration/gameplay" timestamp="2026-07-22T12:55:17" hostname="localhost" tests="1" failures="0" errors="0" skipped="0" flaky="0" time="0.102">
		<testcase name="test_fresh_interact_claims_pincer_cache_without_opening_tailrace_exit" classname="old_factory_service_sluice_tailrace_relay_runoff_pincer_reward_cache_production_input_exit_hatch_handoff_test" time="0.099">
		</testcase>
	</testsuite>
	<testsuite id="1" name="old_factory_service_sluice_tailrace_relay_runoff_pincer_production_combat_reward_cache_handoff_test" package="tests/integration/gameplay" timestamp="2026-07-22T12:55:17" hostname="localhost" tests="1" failures="0" errors="0" skipped="0" flaky="0" time="0.831">
		<testcase name="test_real_move_and_attacks_clear_pincer_and_reveal_unclaimed_cache" classname="old_factory_service_sluice_tailrace_relay_runoff_pincer_production_combat_reward_cache_handoff_test" time="0.826">
		</testcase>
	</testsuite>
	<testsuite id="2" name="old_factory_service_sluice_reward_cache_production_input_exit_hatch_handoff_test" package="tests/integration/gameplay" timestamp="2026-07-22T12:55:18" hostname="localhost" tests="1" failures="0" errors="0" skipped="0" flaky="0" time="0.126">
		<testcase name="test_fresh_interact_claims_cache_without_opening_service_exit" classname="old_factory_service_sluice_reward_cache_production_input_exit_hatch_handoff_test" time="0.120">
		</testcase>
	</testsuite>
	<testsuite id="3" name="old_factory_lower_deck_forward_pressure_aftershock_condenser_overflow_pump_runoff_outlet_service_sluice_tailrace_relay_runoff_pincer_reward_cache_test" package="tests/unit/gameplay" timestamp="2026-07-22T12:55:18" hostname="localhost" tests="2" failures="0" errors="0" skipped="0" flaky="0" time="0.206">
		<testcase name="test_tailrace_relay_runoff_pincer_reward_cache_requires_pincer_clear_and_claims_once" classname="old_factory_lower_deck_forward_pressure_aftershock_condenser_overflow_pump_runoff_outlet_service_sluice_tailrace_relay_runoff_pincer_reward_cache_test" time="0.109">
		</testcase>
		<testcase name="test_tailrace_relay_runoff_pincer_reward_cache_restore_backfills_pincer_chain" classname="old_factory_lower_deck_forward_pressure_aftershock_condenser_overflow_pump_runoff_outlet_service_sluice_tailrace_relay_runoff_pincer_reward_cache_test" time="0.088">
		</testcase>
	</testsuite>
	<testsuite id="4" name="old_factory_lower_deck_forward_pressure_aftershock_condenser_overflow_pump_runoff_outlet_service_sluice_tailrace_relay_runoff_pincer_exit_hatch_test" package="tests/unit/gameplay" timestamp="2026-07-22T12:55:18" hostname="localhost" tests="2" failures="0" errors="0" skipped="0" flaky="0" time="0.189">
		<testcase name="test_tailrace_relay_runoff_pincer_exit_hatch_requires_reward_cache_and_opens_once" classname="old_factory_lower_deck_forward_pressure_aftershock_condenser_overflow_pump_runoff_outlet_service_sluice_tailrace_relay_runoff_pincer_exit_hatch_test" time="0.092">
		</testcase>
		<testcase name="test_tailrace_relay_runoff_pincer_exit_hatch_restore_backfills_reward_chain" classname="old_factory_lower_deck_forward_pressure_aftershock_condenser_overflow_pump_runoff_outlet_service_sluice_tailrace_relay_runoff_pincer_exit_hatch_test" time="0.088">
		</testcase>
	</testsuite>
</testsuites>
