<?xml version="1.0" encoding="UTF-8" ?>
<testsuites id="2026-07-10" name="report_1297" tests="2" failures="5" skipped="0" flaky="0" time="0.000">
	<testsuite id="0" name="old_factory_lower_deck_forward_pressure_aftershock_condenser_overflow_pump_runoff_outlet_traverse_test" package="tests/unit/gameplay" timestamp="2026-07-09T19:09:28" hostname="localhost" tests="2" failures="5" errors="0" skipped="0" flaky="0" time="0.384">
		<testcase name="test_runoff_outlet_traverse_requires_gate_opened_and_cycles_steam_vent" classname="old_factory_lower_deck_forward_pressure_aftershock_condenser_overflow_pump_runoff_outlet_traverse_test" time="0.298">
			<failure message="FAILED: res://tests/unit/gameplay/old_factory_lower_deck_forward_pressure_aftershock_condenser_overflow_pump_runoff_outlet_traverse_test.gd:52" type="FAILURE">
<![CDATA[
Expecting: 'true' but is 'false'
]]>
			</failure>
			<failure message="FAILED: res://tests/unit/gameplay/old_factory_lower_deck_forward_pressure_aftershock_condenser_overflow_pump_runoff_outlet_traverse_test.gd:55" type="FAILURE">
<![CDATA[
Expecting: 'true' but is 'false'
]]>
			</failure>
			<failure message="FAILED: res://tests/unit/gameplay/old_factory_lower_deck_forward_pressure_aftershock_condenser_overflow_pump_runoff_outlet_traverse_test.gd:58" type="FAILURE">
<![CDATA[
Expecting: 'true' but is 'false'
]]>
			</failure>
			<failure message="FAILED: res://tests/unit/gameplay/old_factory_lower_deck_forward_pressure_aftershock_condenser_overflow_pump_runoff_outlet_traverse_test.gd:61" type="FAILURE">
<![CDATA[
Expecting: 'true' but is 'false'
]]>
			</failure>
		</testcase>
		<testcase name="test_runoff_outlet_restore_backfills_gate_chain_and_stays_safe" classname="old_factory_lower_deck_forward_pressure_aftershock_condenser_overflow_pump_runoff_outlet_traverse_test" time="0.078">
			<failure message="FAILED: res://tests/unit/gameplay/old_factory_lower_deck_forward_pressure_aftershock_condenser_overflow_pump_runoff_outlet_traverse_test.gd:215" type="FAILURE">
<![CDATA[
Expecting: 'true' but is 'false'
]]>
			</failure>
		</testcase>
	</testsuite>
</testsuites>
