<?xml version="1.0" encoding="UTF-8" ?>
<testsuites id="2026-07-02" name="report_1093" tests="2" failures="2" skipped="0" flaky="0" time="0.000">
	<testsuite id="0" name="old_factory_lower_deck_forward_conduit_ambush_test" package="tests/unit/gameplay" timestamp="2026-07-02T08:48:39" hostname="localhost" tests="2" failures="2" errors="0" skipped="0" flaky="0" time="0.211">
		<testcase name="test_forward_conduit_ambush_requires_opened_forward_hatch_and_keeps_lift_optional" classname="old_factory_lower_deck_forward_conduit_ambush_test" time="0.205">
			<failure message="FAILED: res://tests/unit/gameplay/old_factory_lower_deck_forward_conduit_ambush_test.gd:42" type="FAILURE">
<![CDATA[
Expecting: 'true' but is 'false'
]]>
			</failure>
			<failure message="FAILED: res://tests/unit/gameplay/old_factory_lower_deck_forward_conduit_ambush_test.gd:45" type="FAILURE">
<![CDATA[
Expecting: 'true' but is 'false'
]]>
			</failure>
		</testcase>
	</testsuite>
</testsuites>
