<?xml version="1.0" encoding="UTF-8" ?>
<testsuites id="2026-07-10" name="report_1282" tests="2" failures="4" skipped="0" flaky="0" time="0.000">
	<testsuite id="0" name="old_factory_lower_deck_forward_pressure_aftershock_condenser_overflow_pump_reward_cache_test" package="tests/unit/gameplay" timestamp="2026-07-09T17:18:05" hostname="localhost" tests="2" failures="4" errors="1" skipped="0" flaky="0" time="0.371">
		<testcase name="test_overflow_pump_reward_cache_requires_pump_clear_and_opens_exit_hatch_once" classname="old_factory_lower_deck_forward_pressure_aftershock_condenser_overflow_pump_reward_cache_test" time="0.287">
			<failure message="FAILED: res://tests/unit/gameplay/old_factory_lower_deck_forward_pressure_aftershock_condenser_overflow_pump_reward_cache_test.gd:46" type="FAILURE">
<![CDATA[
Expecting: 'true' but is 'false'
]]>
			</failure>
			<failure message="FAILED: res://tests/unit/gameplay/old_factory_lower_deck_forward_pressure_aftershock_condenser_overflow_pump_reward_cache_test.gd:49" type="FAILURE">
<![CDATA[
Expecting: 'true' but is 'false'
]]>
			</failure>
			<failure message="FAILED: res://tests/unit/gameplay/old_factory_lower_deck_forward_pressure_aftershock_condenser_overflow_pump_reward_cache_test.gd:52" type="FAILURE">
<![CDATA[
Expecting: 'true' but is 'false'
]]>
			</failure>
			<failure message="FAILED: res://tests/unit/gameplay/old_factory_lower_deck_forward_pressure_aftershock_condenser_overflow_pump_reward_cache_test.gd:55" type="FAILURE">
<![CDATA[
Expecting: 'true' but is 'false'
]]>
			</failure>
		</testcase>
		<testcase name="test_overflow_pump_reward_cache_restore_preserves_condenser_chain_and_lift" classname="old_factory_lower_deck_forward_pressure_aftershock_condenser_overflow_pump_reward_cache_test" time="0.075">
			<error message="ERROR: res://tests/unit/gameplay/old_factory_lower_deck_forward_pressure_aftershock_condenser_overflow_pump_reward_cache_test.gd:207" type="ABORT">
<![CDATA[
Godot Runtime Error !
Error: 'Invalid call. Nonexistent function 'get_factory_lower_deck_forward_pressure_aftershock_condenser_overflow_pump_reward_cache_diagnostics (via call)' in base 'Node2D (OldFactoryEntranceScene)'.'
	at res://tests/unit/gameplay/old_factory_lower_deck_forward_pressure_aftershock_condenser_overflow_pump_reward_cache_test.gd:207
]]>
			</error>
		</testcase>
	</testsuite>
</testsuites>
