<?xml version="1.0" encoding="UTF-8" ?>
<testsuites id="2026-06-26" name="report_768" tests="10" failures="2" skipped="0" flaky="0" time="0.000">
	<testsuite id="0" name="main_scene_audio_event_adapter_test" package="tests/unit/gameplay" timestamp="2026-06-26T07:19:15" hostname="localhost" tests="10" failures="2" errors="0" skipped="0" flaky="0" time="0.096">
		<testcase name="test_player_attack_and_weapon_start_events_route_to_audio_system" classname="main_scene_audio_event_adapter_test" time="0.050">
		</testcase>
		<testcase name="test_enemy_damage_and_player_dodge_events_route_to_audio_system" classname="main_scene_audio_event_adapter_test" time="0.007">
		</testcase>
		<testcase name="test_focus_enemy_defeat_and_boss_phase_events_route_to_audio_system" classname="main_scene_audio_event_adapter_test" time="0.007">
		</testcase>
		<testcase name="test_rat_king_boss_music_start_and_end_events_route_to_audio_system" classname="main_scene_audio_event_adapter_test" time="0.006">
		</testcase>
		<testcase name="test_menu_open_close_save_and_load_route_to_audio_system" classname="main_scene_audio_event_adapter_test" time="0.006">
		</testcase>
		<testcase name="test_menu_load_main_snapshot_routes_audio_despite_stale_pending_scene_manager" classname="main_scene_audio_event_adapter_test" time="0.005">
			<failure message="FAILED: res://tests/unit/gameplay/main_scene_audio_event_adapter_test.gd:399" type="FAILURE">
<![CDATA[
Expecting:
 '0'
 but was
 '1'
]]>
			</failure>
			<failure message="FAILED: res://tests/unit/gameplay/main_scene_audio_event_adapter_test.gd:400" type="FAILURE">
<![CDATA[
Expecting:
 '1'
 but was
 '0'
]]>
			</failure>
		</testcase>
	</testsuite>
</testsuites>
