<?xml version="1.0" encoding="UTF-8" ?>
<testsuites id="2026-07-02" name="report_1053" tests="2" failures="0" skipped="0" flaky="0" time="0.000">
	<testsuite id="0" name="old_factory_lower_deck_pressure_valve_test" package="tests/unit/gameplay" timestamp="2026-07-02T04:12:07" hostname="localhost" tests="2" failures="0" errors="0" skipped="0" flaky="0" time="0.219">
		<testcase name="test_pressure_valve_guard_requires_shortcut_pursuer_clear_and_keeps_lift_optional" classname="old_factory_lower_deck_pressure_valve_test" time="0.173">
		</testcase>
		<testcase name="test_pressure_valve_open_persists_without_replaying_shortcut_chain" classname="old_factory_lower_deck_pressure_valve_test" time="0.040">
		</testcase>
	</testsuite>
</testsuites>
